83157004
111402741
58889443
125747715
111587518
181774585
15054744
174039533
70903617
162817668
55045485
158790287
51585485
124635780
83157426
191390806
178058484
191391024
67516826
99488450
67516630
85086748
92137226
195827121
163031972
153809330
126146318
76270786
67908493
163032507
199270951
172114388
66611227
94879865
186090870
94879854
165678556
182292261
186089084
146611224
174053377
188382161
171568072
99482106
196282590
188382270
188428446
195162256
196319850
50460399
118535284
6643973
114843554
76538210
91929167
117184946
94881271
7722886
12238684
121693249
51551126
109062880
12020824
138323991
73667467
153808273
188382394
54762494
28634261
89216287
177624212
195801442
28621391
171953282
110181593
109060741
85086740
188655944
111477677
169645714
186104761
94231331
7722878
10104879
13562822
193446513
89678081
164223738
114314779
111586884
181785318
49009139
20521578
143694820
44003425
10833839
154731032
189471125
20990241
121694611
21436280
109061178
24470252
163896997
107453690
163582097
188382430
168994241
23453099
92403893
172079837
163497845
158790375
197676657
172064155
176731624
67516570
97930524
173761335
123888611
172312538
20525786
123887066
108259105
172067315
147442802
19403766
176107618
105951182
163149118
172311028
44452909
67294572
172309902
176696666
172191221
52344373
174828786
172304544
111315071
14764581
71114262
20521955
91976456
163645460
99479647
132143960
14528867
162526851
105950614
78912673
44823165
28295808
177274778
182792265
188938735
140175345
111711262
146515246
192626236
81824870
75716217
7722890
51717461
174051163
99485023
93963063
142093348
99478457
158755588
52777408
108250838
90573473
125745506
197585084
172313142
10083296
160291075
129424110
20521382
177279371
162148842
102109429
20574187
178514221
76165666
129636868
174918897
159018234
44139417
15619041
164248110
91931948
116096207
165784780
147205396
72638988
73909680
105953163
102107857
180397527
147444267
54125435
77626708
147694375
189650439
181365686
7296451
159100290
140465453
124875393
107723784
90415269
147444252
123887241
176698454
184076118
53971076
112651635
171798392
162169899
146080432
48949831
113769576
12109524
81824710
134933301
130787763
32424773
99480407
90063534
99480546
190153824
134702556
137863363
85086749
85087603
199165933
10827819
153819112
