195997228
189854232
192897144
189471042
196683770
66619316
119722825
115787286
76273910
89465749
121266560
66621360
169247154
68117476
204660439
196025426
189251109
190654971
196480348
136959516
51430313
52924146
117675952
115848596
75448966
168789113
82144335
96313719
83607233
66620209
168789100
76193509
189471216
73750157
182605248
145431289
83833063
196182453
119720901
190650908
196150328
7995370
84762103
144542419
57722527
145454918
148677121
66929553
140470949
177312953
72301650
111000550
195971840
196675426
196009284
115833232
46756039
96650690
120309506
155716223
16874833
101656009
73628519
102798313
73746789
159887971
178958545
186630300
108930320
120525645
102797919
102796916
168765342
171222781
117614194
195980783
70796609
53837271
67182493
177845164
133867407
7995643
51132452
180611515
186187160
110993914
73821380
165722636
150672798
150673189
195962049
195964753
74926792
193054945
196040848
182296739
102796857
195516149
195522030
183525153
9809783
184603176
170773282
200816917
197829904
152561223
169462806
160828323
179918869
47896033
196025586
105522653
9809487
173520819
188300724
165722284
159603968
105523058
179920818
165722106
193735723
76302185
182457610
11239959
191901438
173914432
132079083
193159913
103808017
98039734
161952639
130790475
98296618
11502185
163580407
168789250
195862035
116143585
68135548
78974265
196182217
162149892
95859368
106188535
169573532
175467547
108382638
158756457
77674503
115775587
48357210
144504565
93107264
105695828
149932258
169673196
195980018
189082700
7995659
127379868
195900978
183525013
111586475
5924489
201816490
182555265
107804180
82874136
181561379
9793474
157121397
87530544
98296700
146267575
171223157
182547862
115849032
84936254
119962810
82885687
196336942
168789067
111524746
191926093
68770481
195522293
105672182
106319063
184059068
66624035
168587075
178779821
110993474
198542702
195879080
195980615
98039899
195858416
110993646
168789208
167889817
175467764
127380104
165188818
127379924
183034691
136393568
76109447
190650961
196188312
156212202
171222552
115935727
68770313
57512036
71177766
143643519
192451617
127379903
173253051
170132118
165722034
108715084
201160369
98296288
44209312
196184101
195979788
196046293
83489672
73330956
98296541
196023518
173635791
102799238
189076852
136523928
158756545
184126321
102798403
102799432
9837125
155701266
7995297
195981764
55061399
105522481
157166181
152348778
150368995
59566521
189372265
143421590
192799876
195950012
93127044
144538043
98610988
144489822
104367403
177775028
80618387
39363143
112190019
181561352
185991246
103030033
164483934
181561430
80706432
199551808
189683567
73821200
21681400
36369360
165264503
70783155
195866649
161978534
179703902
175469917
146491340
165701115
156300137
177858514
22663140
181981670
88789810
20007807
104616397
166369812
174824264
45344764
192168693
129942107
127380321
159604229
165722189
160843215
170985933
182548107
115848744
146247817
149148410
83925994
177946262
165722914
3774899
195981221
192150848
146248106
195822496
136423454
52128879
182556187
179916712
169313309
195863498
196025153
121235163
159314261
189136713
105751387
53636554
9810452
178483023
202763521
68025876
180365695
102798406
168789037
116744075
196022486
24861679
175469846
182319716
73505299
139179729
7995348
60193369
196200363
196047596
133867687
133868348
105121088
92500118
66684626
195840489
196869322
164347382
58878773
191374205
9809445
176129530
191373857
7995587
156958318
144918928
183035889
77590183
192677503
160580416
155251403
7995421
179709979
68770299
140785163
182782714
170776657
170661455
66928888
175470163
171108211
192676258
179689131
176150151
191374145
7994512
115848886
172831279
68141105
191373853
181561378
98297068
57155828
79435792
43843331
191373987
174515933
75607876
93041726
108892599
191374095
199197742
7995447
108892413
48628767
189250976
200724047
7995150
165238439
7995270
75950498
175469959
147575621
175469165
197779452
167970465
175467363
98611061
59254597
57124870
56100515
55093073
147272300
155249590
175466984
105371864
177813820
191373779
7995403
110993657
119967382
158008007
179690659
176145655
114254010
108893554
195865797
194148000
175869304
137442608
175469368
11366522
108892306
175469677
116874672
179689746
77942324
76757414
188689953
156958383
191374031
146386334
181561386
9839769
192811040
181561355
179946173
176150791
148012411
55704113
92480080
75355152
6851741
98040064
192642401
148012771
201437312
140779014
182563560
98610856
9810616
156300473
157252311
171114889
68135683
157166857
196196860
56442154
121225347
147914587
55697091
196319310
153570444
155595033
94906815
147575620
195865104
195511930
195865931
200727568
181561331
194077839
190540817
110770400
157144021
44215572
165238522
196197957
162160636
175470140
164491354
58717374
74342495
169313383
57124997
95859511
178498731
196471674
102796764
175175995
180326683
63485211
9810395
182605387
156300254
13030187
196189141
190540903
122293968
69999841
152018048
177610171
197147199
178515872
127379476
140780941
196150152
42471628
196471556
195866297
69690193
103966573
76264751
105779273
181561306
161974049
175469786
192125449
77942295
167891563
156300112
156300192
9810665
172906925
147500701
156300222
197779442
164583409
176152261
178534291
179920440
175174283
73500680
77942452
35068351
149271218
175467402
178044804
191729700
140780862
179980084
60186694
95052119
198123143
175470012
195849796
148012399
164583262
79407425
192986506
74342064
7674867
197567285
76196721
191374134
70511578
171652622
73821253
105371529
115848604
191374054
198210710
198211541
127380237
72119559
76262452
140789646
195972253
56510051
11366561
196197030
38004432
195969990
76755051
60188972
57125061
141128318
196199619
129943111
198956939
60194734
197665833
193927325
195854100
41380834
53838549
98675727
165278029
109878998
199199133
74341746
191828896
42002222
168072838
176061555
140782394
184248487
87120671
179979259
196028720
156300175
110471209
149918298
74541439
196954424
115675429
140777759
56112306
115848880
198211021
194075303
199034815
178044059
191374116
198210889
68135899
156300239
179698437
178510980
147930605
129945170
140778097
107076437
161956045
190214383
161968657
5544655
76418296
127379344
161979355
106208549
94390299
35958247
150535079
68026050
180319123
24782482
184256537
199031841
98611409
113767080
188833494
203397068
73419412
198210970
105523936
74169950
156300378
202763512
95858594
127379973
155984028
192689102
200724858
67847660
156215140
152018252
82036226
53642708
202763410
158143487
167428700
110992969
86257609
118007155
76196689
193760541
145448967
182296032
166499900
174511553
131032038
171116392
182844342
137463368
127379262
36676080
90883247
199033873
76063778
195899294
165279331
179918099
196147499
121261117
180318940
76571067
32477662
108883351
194077916
149335638
190653074
121691936
194965361
80756212
95716706
193715078
193714485
153368128
73885761
133867672
197617617
102510472
68770455
100168519
45965728
182456581
158756485
50453631
108930632
98039784
113300229
88040074
149410150
5788113
175469621
55698268
60183810
123841561
81201939
189179764
165268068
196190255
195028038
100159975
140777834
46234442
43934684
155376118
77942337
140784209
58614590
193709723
193708557
40971744
173683514
133885396
102797402
165251261
182123204
161960821
140786956
196029015
156300393
193924640
159604043
171151506
176063587
102797899
192453952
123842420
199198939
98612317
195981404
164295730
44898970
179797153
140782872
182449991
174028851
110993072
68026895
54497515
127379613
172985963
10915110
170122563
199597237
155042831
52294028
194464712
161956197
169078630
140778130
140785247
102797472
165323147
45340296
84936275
91861460
196009923
123842198
98296362
93106801
177701198
43985488
149450758
175469331
179945738
41318675
76196742
104822730
7042759
161426075
162140509
110183814
51699913
98297314
160058033
133867519
195928042
195864383
166499525
123841535
3146529
140473742
79666393
195879289
133864953
184600520
99945251
196537520
153599496
98610966
190510884
196028297
161968405
197567241
184490642
165260126
67851984
175416703
196468199
194114015
198211690
170107451
84936293
196954523
196013420
67720175
175987459
68135727
121691700
196199499
176098111
115848982
76196700
88917307
162133509
195519967
196954391
39292714
182458841
98675507
193702216
182969844
140778895
140777832
198431272
187558881
182095962
170985558
145455290
197147814
173630961
154275100
188834702
55518353
177348008
84936307
195937656
161897323
189942398
135602148
195975566
127379414
72824401
178514440
135409110
171222254
179808008
109244535
196471805
98296880
186626539
98039776
127379276
165692338
155983700
9735569
168587565
165267638
180608489
186628301
179918980
167424885
165274925
171222983
155985685
197618496
196067197
195901159
176114013
140786105
127379093
196191992
110183451
136475990
158756892
196159276
75355184
198187308
129942401
172995525
193156774
7994827
139680776
145426116
197618446
59109662
195971230
201383750
201855553
73820375
152346113
196048033
195970261
196018473
60153611
182801884
199044110
161892559
143232309
104616280
44153001
106195790
171222425
161966841
198287791
165257820
196954371
82426980
110008511
74982606
111586316
165278408
202851200
193054679
2829851
92494659
43117536
146479076
196048549
107033540
196954610
164284604
68770423
92495445
127379102
195967118
35880497
155613853
127379185
196027804
155438927
195977301
102796815
180587396
193760609
144622933
162205272
98039876
72324342
69691320
194804935
177164641
198431151
195928284
196319296
80689542
156300159
179978652
193619472
27530383
204423905
203969788
79404399
28741521
108930075
126723718
178761138
140785030
134861965
195933470
195865585
140784459
176063452
176071408
161496840
165874266
140782793
162143922
161978971
192457092
80608388
140569543
43117524
116518673
198211538
204116882
84936233
167425649
129942919
9735088
149353211
193618797
87108557
197321375
11615549
165157783
182124727
57659225
140138719
2879043
129943675
186627242
58016082
68026620
3156099
35374607
123842606
196954221
96311307
196029671
96334957
86052979
191388869
199121021
198211054
194077848
140777790
201855696
192985876
94464171
95858561
153580992
195507492
77942499
172949688
162249300
70796867
133773802
13414357
194105501
174505071
171223731
186756301
183036797
98146289
138618404
196148590
145455190
134363209
44005543
42002624
186188528
196017635
105043740
206292739
196149047
44493285
177923636
165722143
161496832
21477660
165337495
95861199
176063974
89759182
54852390
105522370
105522183
168789115
3158399
199646226
194023510
120359871
198119766
133871373
145456359
204120894
180749147
13883504
201384672
199695406
110993963
151817975
171222335
171567268
102799047
180863136
104615833
110993126
129260087
111152032
195978852
195845139
192391097
57381733
186630926
125730341
182797659
207357319
179753375
140780447
162260112
196189300
13319045
152347777
121651396
117678945
176114059
76198770
140778381
127379028
127380458
84763166
140790193
184895893
201818781
87120433
68026284
6571721
97081993
140784156
160843436
56690823
196004061
195902891
196044807
145438736
140780985
190540761
73821358
21837669
114535590
196047408
171808089
59261642
198091186
129942323
171222268
67355253
45009712
110183897
206117618
172429869
99944957
145466163
72099855
108922967
80699670
73735851
179912274
171222295
196537205
140777706
196954053
85451071
106378972
78560480
195997830
192119671
184136455
186627627
170743482
140638669
175799118
174312444
196049826
176143013
151799130
102797573
127378959
66684640
77305091
198303742
171222817
187558980
116190200
79855098
127380489
177942675
140784917
176063721
98040029
103808027
165722065
145143145
195969289
171567923
192795954
191817685
205350674
187558600
132079632
110165417
198123487
133883743
133876454
102798676
102797401
195866155
2879229
52587112
129945087
136137225
195970069
194785725
154104244
13796635
193916152
110192355
93272825
37909044
150934914
102620330
205223479
195948665
125270506
172690858
38759122
184617161
169467033
204123371
87120615
71183204
198089034
144565767
133885483
195520204
11390395
161952477
58614561
162140273
161967961
176117633
170131955
76196647
195845844
115772077
84761705
79224227
98039923
177610049
76755438
130412234
140783990
193702901
196031465
94612792
191390215
110184112
39976082
174314489
188691341
180377472
105045533
186604528
89758859
98039829
160552943
73518584
140788560
105523432
122293249
186628487
6737965
179917421
42469817
136139412
136139893
125777332
184255914
193708272
193735874
184514635
112945850
37133311
86256521
199554957
192391384
183039963
191365691
177556763
161952563
195963029
155501584
98164788
191914848
203769660
204641049
140781751
202709004
198201120
153492294
53088912
193070615
10830262
80626824
14510068
133878991
140787046
174506188
68135586
105524363
161939048
122293416
176217213
82979709
10033395
165257006
196147363
186265119
11502235
132079366
90460717
204444521
184252651
203871170
164459028
178779577
152347835
98611666
195969573
153064749
98164529
205223787
38149518
122711981
195969719
191729682
95861162
165692178
200817687
176063938
199054057
198413637
27421548
195979168
129944815
43113749
44822710
123842642
177747567
20711264
123842463
82423645
84761341
143179474
46621924
195841231
127673102
176112860
175416598
183524070
129943759
140776899
140777341
176063165
198413382
198120360
144537513
129945307
184517068
184326981
195972967
187558779
52087500
76047071
44863637
82940509
79641442
183110561
173399466
107067150
42002823
84169959
35224619
191925681
182296396
55517492
98689520
11493107
167969367
84440874
176145810
199199036
2023481
100144103
129942478
102520956
190510941
118007523
71081657
192123114
177591198
192135128
173671474
82513704
110010909
79937098
182296258
127379767
140788077
155550969
171652417
109021127
128941222
127379334
37967367
199129924
177610096
158756663
133815475
82427019
129943443
71210965
92315768
107762695
133887696
140780084
176114503
33006073
199946388
165157785
140569591
132817448
112303659
132078540
36181420
161960627
140779087
56635558
21156291
140785865
184430386
204124859
178467047
187558709
121691855
109018154
136849703
181927070
152887445
68298567
184248336
167007837
188837003
196521418
168069382
149245929
143178371
178538780
172430168
98611776
178467739
110183902
174510956
68538159
44103212
191723478
174296200
35958245
104532119
31639352
193707493
190843892
192143786
197728388
99105679
200811582
80702015
189374252
120493873
182487422
112999329
129944739
98296439
174272398
72322159
105524361
186210569
199977451
41213527
202782665
197173634
183567215
193734924
44887595
170744934
110993896
191900996
50968135
110993105
140781679
87129085
165722599
39958171
93272594
113235003
195997275
99944815
105778975
189173518
186210856
184250929
127014131
74690641
184603473
202650502
201027402
184251222
185005407
150946344
140779601
13172460
186756330
198126665
93737775
40946307
69225230
109242594
44885923
186604556
131032243
193735799
8292113
195968916
151817737
153038813
135470652
195510694
140776333
140787419
140786898
140786094
192665974
195971089
121691870
37906384
110993325
184601623
187315635
174508970
192138477
139817562
205162013
76262770
100138166
41210904
149780082
76262290
171222785
16440642
129945408
155984671
41107816
197665125
195970635
202783038
172667800
140778084
69244282
107801298
98689178
37331977
37124466
37907667
25689754
163150614
125868569
115841393
195879164
9810300
68135850
68026403
99945324
133888428
192458850
184517010
198210726
106305229
204414775
189539191
178466926
44005202
6149481
55518046
183041930
115131400
191354407
197717311
177567370
108752481
198119580
192332083
96311592
145440250
182139464
140780051
140780005
129944625
89124129
84763478
171652342
206863064
202341835
10916903
178466630
197717619
143232320
112999753
48116426
79936565
95858698
144703258
23450116
190468358
123840785
140783752
130211164
196521397
204633618
89123970
44887584
177553817
144251702
79941030
139104124
191353783
143182176
147175000
195973334
140789278
47871718
140776640
140788285
140788006
151802984
33397917
153600406
99104696
23308140
98146622
6096129
204206364
161955402
177886258
140778536
106315643
174032635
140789615
106233467
192210457
125730358
184467582
48835631
94227249
78888301
198096996
139830407
163153715
132080089
129943372
177560263
37906273
187558270
178466673
143427377
56091456
59395267
177885875
56636386
200521073
149780062
41574400
145426352
129942237
123842317
170126844
37123682
203118819
178034053
132078968
201816116
43113597
152345323
129944634
184602774
42002577
4213057
198207740
99109131
37912776
41768491
145650306
158788663
199137622
187548519
98070579
140779928
193667630
104616798
11390097
8822170
42163061
67967054
143182182
15073968
172429631
161952351
195547874
102797868
201437175
201437148
185968286
171133681
144689277
170132256
178465673
165722019
37908456
156726387
11502214
110183908
95513263
178513145
80705913
177946687
102050437
196357064
174308319
145145760
195970536
155564940
76045486
185902775
140780977
94074229
177610188
204415615
55874572
202347580
52612946
140787104
140784322
167494674
115131484
147101004
187558759
70089075
184326792
177946603
72514160
181897770
192129891
42002555
202828429
178954208
154365526
197352583
199646145
140786172
105745117
192293983
202851625
110183633
183037089
172628596
88081686
37127999
40999801
110008386
171142846
184617305
203118805
99102656
99107695
45872374
129945149
98147996
155646421
140778853
198431206
15809604
160570206
170131831
100420247
191290454
117346316
169437394
123842242
190529552
165852575
183111581
165850371
110183743
114707146
83925985
109510946
37912789
160845840
184617549
172814563
173238513
196005837
164588186
147980708
150934633
21146762
15471741
160065692
195971605
196046899
177815044
180749169
117532598
202233986
171222263
37912403
113235387
37911804
110183361
194407178
202246297
203875802
186264472
140783305
177925962
172529366
140785715
140785279
162205037
201386098
196035251
73876042
73821285
74166769
58510383
37120674
59477243
110184327
41495157
195767218
155905421
172980441
20325114
85753308
186187433
49919848
112780972
186582042
165964161
161955043
140786675
164947878
140779575
104616868
184522160
129942626
88085538
177814919
179555124
165518840
111674592
10163290
94467998
48079825
197719015
144379564
95858787
191914792
68018924
109866741
179920270
172180462
174506489
129944612
171223517
173252565
11502067
121691985
161393276
104524790
194481666
165245057
196954056
102797123
101640397
196953223
195521189
140776867
140785244
106235759
140778858
23105887
43113640
188727096
44103196
15079406
55678788
154994083
165851474
105524408
178466519
37913328
198208926
150567223
150536466
187559022
76261999
202838929
206663635
201016794
177610286
102638583
57176851
190251958
177275333
140781831
157117620
204442671
140785885
140783107
29650800
184518643
140781662
110993207
102799242
