191817142
191817117
202290683
202062485
201004652
176765077
22022145
182555507
167650547
155636624
173153518
22022181
102809921
179532969
167647747
195664425
192206612
193335802
191817189
191817213
108967754
73748103
73633518
182464549
79965375
76478492
151532346
190852578
112633125
200762492
155636630
78983297
57049668
101644612
44146952
67070321
155282873
81585797
134615440
146391723
191817147
196687280
191817201
174942884
137150221
49326916
144492638
73679735
103660246
135321546
155283599
191804279
143292607
186133201
202238503
44010126
193777836
147964330
101831134
146945565
176791011
186710618
150995835
117084931
193710371
41176026
161384657
104505356
188587637
130856436
121272683
85561091
144515523
102809291
176453895
126753897
89248485
186128722
202729286
51637673
147942984
87050052
84263039
196603272
53026947
12206257
146057716
168368310
144630552
26431570
42134677
158403317
146944838
192292908
136940037
197635164
144570962
202797193
73920830
173626513
188995393
160176750
136940002
172192318
81200652
192292891
146950291
15654203
180720888
78959563
176988096
149449231
102895656
100957234
192801632
117138695
146368991
4444079
204069459
41172574
190828821
132053956
198286663
126512059
97313622
187642699
74636679
57879427
4070267
129382325
73486209
72958731
7939593
58046040
40750699
59192062
67376164
193206826
132078376
161385064
195318980
137904345
102895592
108253560
197892088
180720275
132078385
72682688
186435177
149449416
48696258
179941545
78499371
148590118
149449626
15890142
180375017
136940062
56993030
135422467
165627374
76815633
32860122
193614786
110596441
171470296
147942898
107321992
192801429
186636029
58398752
68635497
86562068
155610646
176652201
176267743
200651557
134666856
184905584
191775130
72626877
86561309
81322798
143487928
85081131
79434847
104026043
104958894
56421161
149032451
151924027
155827391
193639468
159724855
78944754
199103222
95861610
160314075
138448574
96670376
102894544
108253525
159724870
32002160
199707849
193051706
199125952
160314058
103550556
35857223
50887878
199637292
146635950
161864224
193715166
71095889
144637552
79270437
177727493
199618308
173890880
130856262
146945625
199557161
77747015
74637171
204000700
189467802
45338776
77746845
121027210
44153043
71096052
15508556
48475765
12275060
68267266
148967272
151596665
73749431
160879978
68105801
199903384
131007681
185040839
193714723
169772043
192291475
192801609
146948996
165685897
158898721
135545812
137209764
130068982
160906316
132078640
170252007
184761223
27899723
161385093
163644460
175656160
137804426
81972164
69470828
110473666
35726914
137528896
149469066
117138789
193395522
137429926
46828248
69471536
181115348
193928661
118403624
100129513
59300551
22631123
56037050
160224067
191775112
56323008
49005700
79948858
191299819
84229853
191314086
198288796
31073695
155307943
51545193
78623612
137507445
160880016
88826253
136939957
195775282
103665257
185992792
174567112
125100786
184223381
168369171
136940007
81207769
196687233
194039854
70975594
43694794
197892300
79917199
129863379
159724854
55481753
193274137
187927431
142211339
152446331
135319490
157117443
89135102
199638216
150147404
34700299
199941599
95394051
193715750
206237827
164961179
195748799
173856862
32977400
157479001
57811376
49962940
108254371
56093264
71513921
193195789
48476064
171009477
178278622
102891195
88798763
90836779
160314183
192292971
198495844
100616351
109344446
158403214
153382569
108810286
168368654
169624237
189176737
201002398
167831769
191650642
192801420
42110752
129863345
54599202
147931977
196760061
177814665
196343183
66765860
167776603
158402298
74646885
196586048
185651431
158720856
149764208
178220437
158126738
153382613
159863360
126914651
15791349
174400013
67087965
53026962
183312037
87389694
191088830
196409306
199638941
176988056
68515962
144709062
101720252
107276170
48476163
112585203
192292875
46159802
164036225
71514893
166208702
190461121
134946146
168585846
190540924
68105196
30040681
160095705
77649350
86560855
137930492
20849294
106948689
95063786
149449531
79104748
200624228
157538343
25472896
155064164
169623848
191502958
98151817
89119829
104668629
76499706
164225010
185718671
72025526
172044169
180370377
76748621
31585500
79104842
137951147
103559902
73726268
72544992
37740023
168368573
193051834
122320312
114644919
176559974
190540967
198288717
193255047
102143682
193568721
166500441
95050641
104360734
148663380
160880081
71565914
169486602
179545530
137562210
193925104
174384815
180041272
47427603
55409165
151924291
16259917
68154369
179546716
196687285
95063187
86963301
52618078
72510713
167682901
68479704
86561256
98576844
90608485
186204178
160880034
137255326
137125345
52539642
123781568
50737355
191502904
109242515
180592768
162058023
143217446
73906653
135299310
176765114
74684082
195938141
106144643
189494470
98978186
127644497
108810761
186120429
121277331
193513311
48655157
181231108
53934661
83673067
149449620
55668837
119329300
68271382
86561593
94413380
146945516
197006398
178113856
42426598
71512972
185655831
155169078
86560930
93291330
104760685
158898726
24710824
117579068
42729783
141490702
164039991
146945205
190170113
77773630
162601751
167445899
74162425
166002304
14961646
149517432
79359015
42240080
196686803
190156063
81208287
89261198
103363220
95881460
8114416
111925395
193206144
171065960
173088442
194039911
183313545
137539942
6196323
164430236
93291332
68104299
77897325
117582294
162601750
43109337
56249233
21943619
81208364
86967073
189897281
35573460
31716666
72033872
74630124
172905215
168111765
199733722
131405286
26191856
184914089
124275636
192293006
96446119
110850161
160516291
145309488
166002179
108254165
189832277
137541189
174580316
73755073
113549464
133934537
162130717
73341093
117829072
165686099
146946937
188057302
168368580
10056550
108811098
98577190
31622709
198286777
160880106
199733716
100314964
73754723
138384493
68153917
157244935
109345002
67451622
155717917
184918441
81363674
186843052
190809034
76524848
149401483
198288507
48482622
190701499
146636486
196687264
159724871
184933525
143695136
90912147
188503686
55023269
15592049
73339899
151924341
179699155
123780527
193577440
53501336
124639217
103675945
37156949
170771059
114120162
191733642
23802934
192074280
168496689
19932924
161964666
56224913
102000152
84753056
193395205
197005959
177668294
132079022
192812294
169575471
110211092
172496959
193447892
189492096
151778332
111925452
199113710
73128420
164038952
176443751
190489681
68154528
151923577
20836327
57717309
179220833
85564320
99083631
181107501
115495726
119438331
161385007
11886861
191309755
182813484
162601799
190156005
96700415
185395950
88027584
189897358
77626867
14978360
86561568
188377677
182558729
170248946
80259638
89261210
164837000
124246563
169575516
192886472
169271201
179731497
98577141
157251851
108849460
180994096
86561273
97714678
186632836
189373852
96445916
100121237
107752746
103666108
107181944
48102759
168368859
102432834
42088903
54983118
176165716
186568119
110167289
141012189
133040608
193367577
166549852
193051860
72904398
173636792
108254582
100479434
146944240
151923931
197163833
165626565
113507757
183343138
22712512
177643755
141317524
171627229
188992390
185717648
42125853
87939602
86561407
196480201
93291088
169600256
170639322
104804919
178583351
127513513
106897010
140480792
193153848
6693957
93291120
193723643
192801699
151923649
6134273
101861404
108809878
198723891
84332085
203285330
96446173
45353404
199650935
146945641
198735900
193685484
183946359
98576842
202011856
174427709
109345636
162087567
86562035
151923431
199733867
115614502
198287122
188385295
76525471
12282976
151924121
98576742
169624361
146949788
201119916
113044563
42216535
76246070
198127718
174293719
146946990
119329927
167658366
131139676
130032248
72456597
81209046
88813417
146636439
112945240
191420884
112520241
167375126
77953014
93291282
160880051
177668336
168330602
135095819
178729990
178519479
74545117
169354413
152816222
44098695
134979760
56260839
43839460
149970234
111357534
184859332
72040184
151923179
191775155
146950913
168733566
125757916
187657299
196687273
149449206
146636506
172239218
201567865
22761346
191309880
186554299
117138728
134512961
178574535
178092961
149032463
73815889
174404005
123781351
191503062
28912611
116849454
185468261
74535616
109345353
125283491
187155974
93291110
188321409
57446452
111712489
91195493
106816091
58702162
141217811
150994541
58394274
197006127
195937504
58205407
166035732
153382537
187143312
149469120
110474591
135298896
191309950
112134351
160840883
149449518
168368274
172239427
72970378
72109913
192172074
42233333
115717490
168183519
124238703
194039827
194125753
75953993
81208797
141323336
180567219
53769045
182464826
198286800
172905200
21013528
93291302
163576068
57860963
169624304
115614498
190457488
67613281
186693853
186435315
137846470
81201881
176252819
198286918
73497459
12218126
161384881
109346241
13092113
108771479
151923210
115614747
54480694
195771620
174308359
24710862
201004379
192772333
177643742
93291122
174176042
169624331
169733299
112937389
183312705
147941796
186568770
117407553
186753051
178220347
15374762
96446131
193620925
134979249
160907349
162978855
168733168
144639875
190457716
191309610
45817054
140887451
186124018
126705832
95154542
195949406
117294144
193702953
44937850
119329128
135322669
195979832
191805740
198495865
190456570
144617266
149449539
95003678
104760877
191918955
185052685
150998252
192886491
4982335
179731393
125021566
136940214
183243433
151491491
105655289
91101977
135424452
34693281
179731482
164038697
51612452
124388783
190540759
95050669
186087805
71555874
161384692
169486561
149339801
180246472
67325341
81208972
116594664
84717836
141323400
72110712
36796246
48476002
93013367
79434552
149449471
205366323
68821649
45725067
71896121
190588715
95861547
161385063
133867456
136940137
173281081
198287188
20793137
180369862
186435039
163719940
73502223
160879958
109344307
79332656
184058926
81608563
154697672
73980467
130012706
191309822
178519469
113711379
154230651
88085617
50407302
155013613
3103711
113548476
103966942
121277353
174399995
191764557
159724823
93291228
203230219
149449578
147468642
161842076
104760634
102109461
177814579
138143427
75589598
74865859
177515399
90163531
175107410
162583967
191309844
189387820
163582757
151923641
88813498
97981566
110634733
199733641
116639051
43694766
28618575
99155044
192293035
187156659
83921150
161384673
96445932
15374854
191309736
91127952
104592045
196800289
68261808
47748864
79411724
144643372
192886489
141490443
168369099
73579499
115575967
174317686
129039547
192292545
138124727
93290968
23938296
36453118
152924606
174176085
121277396
177515479
72960251
137260621
77197444
35729120
164960415
185981230
54899790
179220330
172905220
75299455
21050203
67613416
53028909
170730903
176897857
191897749
107752751
136939955
164275466
192297855
185067167
71930976
169623832
38144763
192566091
107980110
123975239
162601733
149449387
153411140
44078807
116594673
134390699
193002799
113549511
185212126
193002775
32683161
10109080
68417665
193540967
187299192
181454302
160880356
180720756
183035681
162335110
96279074
82880369
91147067
134820500
147416399
73341059
134979674
108712475
149917197
80856579
189953379
173276635
199154574
198287423
129005874
77126475
178786642
150271179
74622871
137535971
163874156
184418197
154228646
86276041
190457519
191309694
147122691
136940234
171168280
134979226
176165686
76816960
11186154
127315011
73605530
71178658
186554421
169594146
196015073
195256402
79433929
102895809
192292998
91446659
185065944
192890445
25320241
138132636
173234838
172191753
78559838
74211496
177736683
93850715
86560782
126753852
147126048
35217332
173802168
71031963
167377379
148039584
149776361
162432886
177643623
195771609
191148118
177602794
182739438
196687251
89217914
100479503
179752149
16644904
198202155
99656106
149917478
190167379
176144703
144537257
104095960
66232746
178092962
106046423
174445612
98577021
192287339
179731481
160880053
199113647
67418853
67666778
198287167
149449628
188374876
114119727
79433818
106142143
160839872
15374778
59205081
174176123
89113017
148734380
69470436
51653754
194016964
20577314
185040876
50010092
191309896
169325731
186435070
73521224
79937004
204805844
155551265
94186930
948553
111925205
191576750
86533656
149449328
149468955
116844693
42240058
157479120
150890272
15237390
147812962
77126582
68179310
169771850
72602091
178745032
172239393
149753252
73994855
112210007
56421113
176058931
167579241
149765385
169486574
199559922
167579375
108126117
158744034
191309738
79346991
185840942
141473166
42618054
148873595
133629609
111585292
194039929
117407128
187298954
96821822
119405441
114016087
169772162
145638991
191309857
101294545
171874310
41094638
195789709
136940069
167962045
123576085
136939995
187902671
109091574
35726725
181097679
170161398
190888530
168199525
113714740
173564838
193978950
112635434
186843639
192886481
108254373
85482119
165624929
49196427
80925662
167644405
26328973
71509879
191775236
77679075
148003576
195303272
108771629
174510135
195324460
164032131
185242897
168616973
3909077
188377554
4613221
170638743
181232046
162582981
137529239
180720785
77445801
201003795
79326366
152691827
118423195
177668983
190457692
528184
59101410
116295912
173520861
185717481
140208585
199011764
154780064
141323463
195653315
154228527
151923992
151757252
198295688
102130114
118423116
190458774
44595834
191775107
140878614
20821322
86964000
102432958
112338862
165760766
28730384
173556714
89507051
147941879
103679692
176165313
145171768
194961482
104759335
31711116
182556099
59192206
158129653
67490763
184069136
151923818
176548886
134799700
77444757
148672896
114697216
10160401
192302388
13215443
45350251
14074383
16260002
151923979
91018817
160838595
33649676
103844190
109814086
110167491
99235628
90686187
196169361
198286894
22754647
107237705
109345554
84718208
190457164
102895021
178092959
192970859
185066001
170638732
35726314
186751740
199166005
69192511
77184013
58325944
186605861
169575532
140879419
186655682
37509045
58281073
93484138
116910128
192886510
181673752
86963890
171796348
147480557
190824238
136940208
190457362
164031866
79433105
44899662
43694510
191775203
170639206
112338808
97018329
160187303
149469015
85650994
146945822
113283555
180318103
167512945
41183612
173265194
7941147
104305063
74883044
192151125
166002353
107427294
157709506
111357523
164039538
169575556
197654021
108810257
79891159
115581268
160161043
130012680
162342467
146635775
12135436
157479083
186435146
67991988
76546271
169575535
186554290
128293681
103376246
160160221
102432892
36398423
125465289
190459697
140879443
107752225
3909091
113486169
134364199
134253673
110125382
104806840
154229946
161384954
173786704
178742672
169486520
58519718
176663291
96582716
84381131
113162447
125256061
35773320
190458404
22363108
109265958
114951388
187298526
160839438
161565185
185714221
98074775
35936786
145467757
135094940
55236637
86963527
160880200
108810454
57782035
118941923
116402671
112338954
146945142
43112097
192293047
99110056
109815414
183946358
196800337
78505780
36285599
136515376
124242141
137955615
196827351
160819697
100527205
154230311
187103343
191309827
203483243
69470518
177561296
172191707
177644452
150270471
198272321
198515549
54803988
99110209
189965608
149449466
108810276
178279087
190459656
55059404
194824452
170639003
53528240
110818106
172998464
193186945
200762455
170652770
170652996
102432782
122320410
201081474
125255886
128821471
146948080
191143812
106045483
191309902
160153375
171168235
168006302
199049450
89152790
166550075
132709781
69470754
173782267
206230674
158740682
3071167
200982463
185206163
112130614
41662596
109344460
159058276
42129001
63159204
42689847
9817260
130856495
143030731
170639505
164430392
19847079
58656650
183289003
54053319
169375412
104804935
179751903
137125128
111925349
67323221
150271180
177603056
45793315
73576860
72686483
179795893
25072683
89943911
137529159
190702954
184071628
93290903
93291296
54986343
74546705
169575606
169772060
157253904
177667557
166103264
77444762
23460971
34711885
147967883
108254269
147887369
144327360
171745755
93291298
164844034
107080899
157492921
160162065
191717180
10043907
177643612
200627574
138870789
133934356
134511678
72963315
86560957
141472846
181691040
191309811
42923543
176873649
173422187
157102120
11212216
174440345
111925224
167972639
174176043
177643584
77041667
125254819
100315007
197405010
164961283
189542508
21047670
74824817
202414871
52662950
53393516
51144495
147942214
109346591
154179005
160166256
141736815
108771454
113531011
179731283
169575399
195743566
191309795
108254508
9810149
104557434
169342733
68099378
154779961
113500282
104668293
198286898
56037085
24838211
181568645
166502961
136939979
149449459
188377675
149449289
174176066
9817270
176987917
181500479
158402383
132080051
190570747
81201674
10251402
109345681
44595545
147763377
111925496
107649460
187300404
200004727
191736877
176548881
74628750
177727526
191417671
73291637
72049337
32454277
15292343
117407512
187299369
68189892
169771866
192292927
197006155
95050628
44684826
193587918
187299679
188600473
106141729
93698091
101861711
160518339
79433766
67168065
148932197
195300963
147469826
173281196
109816532
35728862
35726104
53782142
201113032
53537582
58514294
117408455
178307592
168006297
198495687
136940077
47252133
181254812
162058006
146637585
128309905
173703848
5969783
84875991
164031806
176232278
167041586
173357311
172192219
57710563
42749476
199731228
111751712
45084291
104034578
103458102
169714598
176165446
192292990
147922239
186435361
180246600
146947101
176548866
154228814
181230510
191309964
146949116
62369416
127314898
171621137
164961811
174247269
46159996
102574287
172453646
149449164
111982535
195113632
103458731
79549364
185410057
19538463
199036659
192886527
100315046
160138326
95154534
109345117
171008119
195710910
113550197
151596639
129863215
168368636
147967122
113451819
115495554
159849333
109266016
95049749
190864534
37885361
129249520
55246826
136413478
47501436
188374126
99656824
128517117
162111907
169486610
111549186
26595168
165845245
51281305
180609694
182780656
109345470
99115617
164225082
190457437
12129349
169546117
108254175
67936725
84381966
104760436
180046006
38144591
52777280
129032016
99654559
168733239
132846148
146950129
96445964
174567090
26351522
145638981
129713510
196827355
170639324
146950528
20803932
183290633
147399797
73476362
172191553
177555743
42109042
171949781
185041714
164942627
102895482
66906059
81362793
69497838
192293044
182850597
97764192
77445414
113502842
140436911
183680578
108254100
175723414
133775455
149179758
13407051
116862979
193978990
194025664
198287016
140329899
204816307
140887503
