206250024
206250434
198474607
206250476
73775533
125290044
130439350
56860774
194859087
169277360
76152029
169279392
6501565
124966188
68981763
126039327
206250799
206250430
206249566
202963717
115663661
79691242
113444531
105293857
48256263
20834169
169306509
115500712
155339755
72724925
161954337
71023609
197860550
169308434
8564318
1057952
72769110
174022359
120469883
146471841
190860890
117401394
197864356
155330335
115642332
73934615
169278770
74830942
58393530
111126449
56852299
155495114
196881208
129575356
124965903
158154241
187621731
120469617
107962414
186646819
182820033
52179955
149521455
83377797
5345801
176130327
105695598
146952369
169732891
124935591
197778233
80980695
58392908
12712870
133885470
176756501
172209458
146618296
187586720
194200106
17023108
125037676
66777120
40721387
109792842
103886545
109688651
13853043
24410193
14046717
176749882
106276687
68758422
28022147
114382767
197150834
4163737
188714020
145748036
52585327
65383332
77316752
174023664
176307749
139723042
146987080
6114005
40514514
4699781
70882597
58386947
146778433
196320293
93712433
152547090
155495937
176306743
91447672
47041246
66629126
102918773
94486114
186116351
196156247
196332946
61286068
176218540
31502014
148545259
103887358
147993769
98737863
196187235
136462840
91447731
172209544
2000523
143100393
24951215
76444277
8623109
76372969
58002973
142458366
46201856
176753345
146266851
43694558
148808284
125149562
22012309
182296855
80857680
89057926
102809116
49393457
49517956
37266632
92911132
43673298
58248292
13423462
80959769
182295837
829054
79720476
167468890
147423638
181517699
188997373
184521785
204667605
14875240
130743449
58421960
173542370
56029758
125354950
68707803
167968548
114428118
48608356
129399927
25407840
107962036
172210598
101497277
164339201
74811620
89058642
198592803
192566295
125256490
155339575
1057950
53979111
103887383
143063148
7247489
121334938
45268885
116724768
122391985
181523715
42420417
194205575
28605491
48173197
22012658
23290033
70667421
52133392
82911816
91447679
144193746
148000042
149149925
185781988
51008475
152851870
176589477
25747229
119989863
177516972
123576209
58774686
204666872
196156253
170501923
47103807
148810221
192530273
103887306
74734938
148801985
45842879
70667695
190109508
48108583
43662568
8456938
150873006
113492100
115659840
70023807
57924770
175470329
143061372
181362437
197960251
74511242
121636506
83940935
147799009
171020293
204669784
37266647
89837896
43131683
169534112
163572486
146955416
191039766
146367334
74901481
7865171
125136680
108855728
162051575
183375271
168227038
69139562
8566825
77036397
180608500
96032651
133813135
146266856
72204498
98026122
594977
145184035
73320103
146987945
102012408
136882463
82489677
10132275
188996044
103887391
146979783
76281401
49167246
52664226
83940625
189539211
82946170
75417728
61305963
2210041
172210057
121636358
169732986
186261788
169533927
72456704
15183866
181914352
125280023
18003535
174666240
74594516
106348199
176755774
20700878
133864708
89057842
68943866
49522417
117036103
82908718
119385359
118124155
90431424
58366600
104902634
32081248
100320879
35775532
170869198
204659913
102012630
146989075
41070682
72811893
39322045
169588748
107962015
204660065
185949528
58416419
1917133
920547
19921227
107962047
68309814
46531226
182296573
55617998
72605509
38138795
190860593
140202884
170497250
56512790
20612156
829056
178534085
170491426
192637821
172209699
170179026
199176956
84305434
109888828
130440816
85084748
162575288
51060914
72558790
111537503
70527372
1679623
2000329
2000441
170498952
121636924
100585459
80856932
12815996
181561656
50114221
108850884
103534782
133846208
72611385
113760273
20260622
60012901
188377602
28726592
103379368
181998096
78280489
32369595
49478200
76687028
10231449
76677109
68709969
76122686
183046677
56398310
176751650
143789937
187860014
49467992
76007505
4889677
75418303
3824287
76659089
58124720
157244878
72614308
149521232
80112756
108925124
182296821
58226125
115643255
68898871
54581710
103079576
155338814
79410015
52877236
79439013
92770901
7473859
172209876
108850202
143384978
169957806
176130535
158610488
81287451
148850126
19670696
58395011
148850138
112520513
11328173
83940880
188906958
49464635
58227879
89057614
73361438
172210153
71070671
49549841
144526744
1057958
4595661
4215187
103887121
91623192
176939287
198227422
77035847
91579194
114687658
161842066
49476219
108925435
138951340
49542819
197879894
107962590
116878055
49494526
177912378
114376631
49439297
58395618
155495502
75410559
31649172
97251220
73160397
176307096
195767534
160827911
176589379
92621876
75932936
162085719
191044555
13832299
58814277
74864406
155340658
192122688
164160587
40720190
2000677
24508080
83940216
58746650
161368355
78635274
89058514
141220455
188714003
52263187
172210058
149179677
55349833
3978033
188377572
48372364
104288649
119191406
74886628
193546215
164278812
74861839
91447778
143857688
78946196
31128728
93145566
185782021
7492727
66814057
50253037
51522969
169812091
70312642
125097857
72890723
144193618
845071
3275963
193106491
165963226
191606872
103887375
185829729
32955505
32973268
20933825
121173964
133897437
162100442
112448526
17902811
11725276
52484702
168653266
150859438
94553800
180994047
76362066
150877234
160406240
83938485
103887385
68677354
143063632
173238113
125181251
115920669
48838047
57911453
185843855
82912211
74178096
181362860
125138773
54456119
179788495
73791186
144472469
188994480
92922351
155045916
54581701
84203114
195972948
49493554
68819883
51064454
134514992
70662354
83938428
107961978
48704297
139704794
4332779
75973371
15391617
52789068
125172001
125423155
14884749
188377579
71968509
70801019
82225097
2356425
82907838
107962461
37398852
49503373
198482275
170433308
66721950
5077161
113186622
124554117
66722001
89113490
59460470
111074054
85368762
91448064
107962494
14232438
21979368
82908818
174131193
203404928
97729163
20997109
98009329
120657405
116878095
163574482
59044393
174024696
197677167
15202651
119989836
72703957
120068132
80759270
142792924
35416516
74901404
141236997
2000401
28250965
138951898
130064603
71062760
188175892
49524992
108850213
78551282
147101207
141953788
47361218
38089350
203223056
45842877
190670205
58223048
141656949
68561464
82910897
173542363
108850224
82912171
193413395
188714006
106655788
25268947
66816148
122230271
107962618
197046803
75336938
74886398
95412146
176872553
25124299
2000383
91447631
164449626
103887188
37266642
193310417
56988562
83939008
74885808
171511839
143038636
66813929
75795252
137942330
138951470
125772079
74595167
146366136
173234865
3977973
53282253
141656929
73274050
80134748
148000692
107611618
193104461
164598510
49428910
83938541
3977991
173265975
79663243
116877991
188910547
121965394
136418214
172209931
795265
184250605
71905985
169957822
68661289
92153049
89057853
176307618
170782484
148811481
177565415
22046179
102012311
80752357
94043136
48653786
107962599
26222871
188996288
143886522
81313175
56812802
176589273
173542319
2000385
172210953
181362867
69709587
29938382
173947516
129949253
25973223
74742338
16170021
10683573
173542396
146449276
146214759
130774259
116497949
113156417
29813658
1057956
167568541
70019704
25748224
90785240
21979596
117974400
91447834
123576185
25746161
147999611
176218748
144472897
172191750
106791526
169771926
86239419
174023829
92911203
56360081
146227525
168955216
105105734
195559178
54976626
199638934
20881753
103887252
147961149
172209781
169957957
144472261
144472289
17587644
83941776
195971936
176130252
9350529
119989939
73812585
56909940
75549510
143529228
44459346
58727438
165662763
169533940
97481266
119943973
102012684
146150951
172209476
102012727
146649614
119443548
103886747
109129299
97762705
147101703
75106738
177145223
169533961
193263401
19646656
134748878
182296921
146150866
1754655
26135724
52876113
21979190
180607112
122488080
116878008
124780698
117645945
109839479
165963204
182549558
89591712
7009751
73274241
118094951
92626218
45860050
54749740
72674655
67445802
181978134
82909242
8006552
172209893
63852004
183078734
74893112
119989759
92641776
89588637
70808435
10385567
92985243
78291111
109839491
125141533
158603644
177145864
92641825
103886611
133000644
124554110
78635331
188377605
125168908
35954192
72818313
78041281
176306745
148769955
147867169
147896872
32370253
152141490
116313754
160210276
143063357
79439128
74890587
76201053
136519075
87973709
92626257
147228527
66661856
116878028
57692829
110721798
160795866
54581721
181978145
105247446
75411399
15412907
138951675
129569051
172209061
95125669
11080490
119931391
149970506
41205301
104825136
58213343
112365718
104260457
14814310
158959783
161538053
197677938
32924517
74330067
1754637
26262930
119989765
74783343
56691974
165963184
176219246
73341295
171653553
1689019
191556848
8006568
82908665
119989928
172210761
179013462
143770066
11104495
122344891
129296440
78906767
24883122
113619480
103887335
2000435
186554325
107962520
72703895
55454689
103047087
138138857
176306881
26270387
125771602
171325398
107088483
75335399
11722184
176589440
116667946
55353357
58192951
107962445
107962673
21124785
123576097
10400116
54815112
109126639
89588842
25749742
55612020
180009536
67017467
165963264
142807812
188994153
82911063
148850139
17974462
170181753
173542495
107962108
74862821
172209322
109368530
10176975
50419902
182122989
134526537
59234311
102905124
140511608
76293720
75751633
72919968
194023145
111081570
37706026
83940557
172210453
117688764
143780297
1754627
107970750
83938166
156431179
11328220
93207575
102809525
172210510
110367006
193012427
67235776
54581723
182296741
197459903
58734251
91447828
146700837
168653286
120499867
184062035
143063283
55351778
128968667
107962430
164284539
2000311
133934579
55461600
191556804
186209241
2000473
112554152
129606325
195917063
104251505
94043209
143091556
49167041
127604836
133565700
3750551
2000481
45293771
193597398
89591955
148811830
104438642
54825071
197883132
91447748
113171536
51442183
185468018
166094221
21163899
170650661
67034890
117688374
172209254
83692599
14860544
176058132
92627040
58821382
167631767
120068056
103887386
191376194
146647178
96399858
147101168
97481260
46789932
57720124
4495397
91617553
176218685
73732396
127676940
20162485
193433908
176219307
71173599
129360674
140779293
133544947
171020304
124554258
72593282
191057770
6769311
5472621
2425897
123894271
91447716
166002290
124554194
110098827
149179068
176589340
185468038
184126336
176130462
193923252
164697641
176130306
84382046
188907169
33620463
25687456
136518758
126797662
201834426
117688419
2000627
84381114
3978027
12959472
116518061
193891511
185468175
136929564
150879321
170652720
23522741
66823954
182296618
2000575
2000371
66815218
113760554
181362234
7017247
68896660
190491219
107962564
52528267
143747188
120278071
125355345
83939773
89589121
78510442
46695692
1710631
136518832
80758999
102012383
167011378
133000823
173660700
52608894
143868197
170523409
82910913
196534679
103757253
172208926
49897246
83940040
143714265
194197766
54828790
15816508
49516673
169533903
157254083
107962161
183333316
119989953
68573264
186649328
21979605
80900199
165084154
176307442
113444727
198467551
809513
147832166
87367965
49484576
107962034
3006519
124244878
102753025
71201794
140964661
165210507
144225073
183330057
70154492
89591957
54749754
68951264
138951645
173820343
20264631
185655890
94553942
102559286
81291262
109346221
173542382
136201074
21980961
133900168
116518319
86147748
134510769
143063133
10694406
6555531
103886733
48505135
7522051
112014281
169003932
89591673
165963182
138951831
117688928
190857140
112549741
188993923
175723444
58727292
3750575
119989922
95861294
183079588
133000831
73517009
130065072
13913079
115074577
144472291
71880369
144472205
197921079
52007745
16082829
147101226
76394659
191946648
74554745
92621412
83939032
123606960
59358594
192151028
116878042
36755317
73361687
100227889
82909018
133000605
118553360
176589594
110818090
2000685
8006538
136518820
184093894
7522193
74886208
76292675
85802655
171254639
198227839
74863205
124554154
2000483
3937509
13098022
38085819
43859780
116878014
144472634
60751226
24879442
124758172
120068207
57415333
44820290
144472435
54632701
98148318
103886825
72757566
83941348
83941426
2425903
115849278
144472915
136680315
83692597
13415493
116795235
136518831
82910170
103886978
20637246
176307626
76454679
123582862
40610332
56509379
103886721
190514986
52295966
34487780
168356913
107075947
48246226
176219318
144472737
89591671
87822902
91447815
2000591
58817995
19349664
172209053
2000471
117316631
136126333
48426583
53187265
68677345
120500223
106244993
74888703
199946146
75378866
92625422
193546263
46545399
146266822
73811604
7863276
99845786
147101125
2425909
87827832
55291327
146150949
83940084
107962499
68604873
172210654
43205604
195977444
144277810
146388160
3942431
158759370
54977255
146266934
96244600
5465935
23691025
55094544
99154843
87705652
83939356
48147615
107962170
193395346
113162268
144526623
174588880
185843862
107554219
157253906
136091559
60136422
92624555
119989940
102810697
182850925
148824026
11106922
8703918
17974529
144472409
144472251
134512864
76694956
165963191
46057514
113156409
133574478
107962410
130063287
91385122
83940055
145634815
123576143
82908436
58123990
164338780
146266953
21602898
4594703
55400809
161368235
2593437
19647228
46543247
75476293
106982458
100146617
21978503
33619666
176589531
144526852
25748521
13740699
193065932
160293584
60751449
2000461
107962004
174896857
67909166
133000704
83517104
5821097
57529947
102811435
106244679
5349557
107962057
97481242
189641563
147994593
58803967
185843890
38090111
156795280
161452225
137944866
107962466
35153189
82912153
95855753
172209690
89057653
197679114
829070
143888951
13379458
58220023
7947685
44094771
136213833
82911565
1710451
107962014
161427406
82911880
58810783
66825090
142458207
57885313
56991097
76223753
188961114
130390174
172208983
50262800
74610258
179013334
92627282
102809503
49484397
91447659
188994313
172209022
106053004
124758204
50715105
183358019
49479566
2000349
169533957
50308724
170132972
2008907
188995725
127510411
110850218
179013848
96075524
201058683
46155953
68394707
136929586
52608888
91385091
143778862
80260448
136940001
3978047
197891955
130773661
83692703
141656943
82910721
12638437
12461102
119989868
183360797
82910395
192151064
55291333
169533872
147101164
83938736
143684527
181562213
58700537
109368503
183282942
188377519
172209504
58173294
7522067
75336784
153382567
58964590
193970402
57319744
138157630
92624411
154190285
177208854
94731503
4442449
143644612
153004899
22614044
177516621
105681149
25688024
84330145
130844238
172209874
106394672
2000455
173542320
11228632
20115926
164160610
192009213
82909010
36751733
57999134
115477606
184787632
82910526
35341739
29937122
58221701
193720644
176589501
147388895
68820710
83692580
13452272
133000569
83941942
107961982
102731501
176307605
91447742
52127269
116878047
96399861
170682676
91146534
2000363
176219203
169841346
80749826
528199
83939242
52253263
67546630
172209332
58935735
176130340
193395604
21980122
151803674
96027817
112014706
121636546
169093157
3977999
143752483
113156384
151975537
144472201
3978011
143867959
78966442
157086520
2904979
192920610
188713899
188995520
82909853
164226360
38090538
195771625
83938521
125276690
188996612
172210542
21980324
188996010
100146468
176464484
125276687
55214808
158603641
31128896
74595134
92622100
52528175
141656947
2000489
21315836
74776461
173820404
128968653
148043150
58179219
40722255
68820107
1710001
89591826
193916171
157072467
50805052
116878079
102599531
119720926
172210843
84331166
147806127
115935493
68820006
143709238
25906789
34749842
100480741
74792516
103887054
52275332
3978029
20884742
133000768
55143816
68715719
58030023
92641910
21979063
6829741
127554001
72549923
10385556
125100837
117688364
80749812
61280809
172210127
185243132
103887239
106792143
138951511
118095007
191352973
189641771
173806069
106045927
143845361
89561595
169533866
100146550
110784075
42474605
82910919
121636903
120500099
152870331
138951350
23098446
134521990
100318201
158603670
83940254
169957766
149437022
172210573
188427117
25971853
145612043
129285125
1709899
106140328
188996200
25691720
102559338
169534172
188993783
12461098
147949414
58731466
52528151
21132842
176307172
168653253
77914636
82909071
136519106
10831080
40444038
129355668
50703577
69025909
54450826
91545368
109022260
157840031
91854248
76002363
21943589
6490269
173542482
33597222
181786108
90785217
52491671
115959774
44497499
110850223
33118243
136518865
83939795
24879863
31595921
809447
172209426
83940561
167469804
140691445
33422036
69691715
91447695
120499843
148875177
184414849
117348308
172532744
183349793
48054040
91448248
180963027
176219043
52608879
3977979
82911981
188714043
94486810
188997220
44179671
144472191
117582852
127604927
191475867
178255637
191946814
167041063
153264856
144869792
145612038
204616478
32499373
16196352
176903005
102810122
99155149
137127570
169774911
169774900
56398019
15304028
176307591
144526635
173652490
182296570
172209639
83691040
37999262
176598995
124758083
192009165
77719493
176589591
189641639
180586380
13334786
120068091
165605133
17417727
53971439
182297148
176896367
80854955
68683436
6584333
120068067
56683172
188377580
119989874
127654215
195797322
61092590
50090850
55409295
125595066
44937614
118095023
173157450
150184889
16305479
117688788
143872709
163562728
146652702
114416623
82909321
52496812
107962441
176104672
25664799
173542304
43752889
204884447
29937484
148801978
104438671
74776305
120215891
21602875
136059937
74946065
52173167
79762893
91447975
78959025
146150901
167470261
183282845
14119916
169090226
133898890
197114773
125353248
205002122
176589230
5821047
59460567
170139913
116518295
172210126
144193509
13644834
2008969
35865402
149179453
146150997
107962446
176810626
172210333
97481250
2000463
172210763
74555258
34500607
199518252
167013401
137941710
68520574
136059131
72946828
58178522
97644327
164160636
127003585
1706243
46599420
1754677
111374643
144472283
174218338
167880427
113429112
83938546
202963412
72704335
3978057
168735830
45539922
172210163
120068046
123607188
83940493
92627026
147806088
58158025
192943515
72750600
72874785
137678178
171045326
19922173
102811233
185468120
185843698
4640799
182129727
111375778
3750637
180584844
72747500
91447884
91551844
173657848
