124635780
191390806
191391024
20526046
67516826
20525777
188382147
67516630
20526207
163031972
20526886
126146318
20525986
163032507
54762383
99482106
109061178
195162256
188382270
76538210
20525982
50460399
163149118
99479647
109062880
20525775
188382394
110999197
54762494
20521761
174918897
177624212
51551126
85086740
110181593
163712959
162734947
111477677
189650439
181785318
163903477
163580450
180577966
141959850
193334720
188382161
76240075
10833839
10827819
189471125
140464696
143694820
91861046
163581206
162844085
189642103
157822870
163882213
162817668
23453099
8985720
6643973
20534154
71114262
111315071
7722886
67294572
52344373
176107618
117184946
176696666
176099560
158755633
162526851
74767209
14528867
44823165
94881118
143666661
181097419
178307431
160291075
10083296
89216287
20525859
162148842
178514221
170351681
165784780
147205396
94879865
55045485
124875393
66611227
7296451
147444252
12109524
127631185
168994241
105953163
196856818
15054744
131579656
73909680
181365686
140462500
134933301
140465453
180397527
28621391
195801442
190153824
111587518
85087603
188428446
83157426
176698454
171568072
99480546
51585485
99480407
76163175
107022310
137863363
153809330
153808273
195827121
199270951
188655944
169645714
171798392
146080432
24470252
70903617
196319850
91929167
90415269
196282590
146611224
83157004
20990241
12020824
7722878
13562822
154731032
58889443
12238684
197676657
178058484
109521975
163582097
49009139
92403893
198518796
114843554
28634261
76165666
176731624
163888596
94231331
163497845
85086749
44003425
81824710
114314779
163896997
10104879
21436280
67516272
89678081
146515246
162169899
147446655
107514782
197779741
174828786
188938735
105951182
102109429
182791722
105950614
108250838
130787763
147442802
97930524
95195714
132143960
107723784
93963063
195778501
118803534
111711262
147742746
53228148
75390048
52777408
140175345
123887066
177055613
99478457
116096207
99485023
75716217
158755588
15619041
177279371
87392508
197608561
129424110
181136946
189658377
24004714
102107857
129636868
121694611
159018234
163919880
53971076
116024135
107453690
6742693
90573473
169510273
23014297
197585084
14764581
81824870
134750203
174051163
199519826
20822115
67022943
20574187
54762597
163882883
113769576
153808167
72639228
90063534
163904210
159100290
54642786
136037285
181786972
177892606
143666418
131302550
85255941
118895371
181256085
113064479
131032419
168821639
15054654
60231339
131577600
132097555
188382430
154785836
147447285
111371907
147448259
147448198
111587907
165783945
77627439
190522835
188785043
143422540
105267345
15054816
85490518
87439197
20649601
165787533
184629158
57848851
31209378
132084938
201867714
182134920
146080534
171798506
171798368
171798854
171798892
89700858
121410892
121410697
174029817
183742145
147448127
58441436
108259105
147445310
57693544
186103460
85086757
48048978
110151263
22365732
85086755
53874946
94023860
172309902
176701629
163677493
51638534
118404077
181976761
198587220
163902369
60343372
54761950
7133827
186263847
182791804
7722880
19702918
19550745
111585466
111664899
147444542
177962569
195162325
104175158
195947291
147446784
147446427
181566777
192394369
131568047
85087388
147732649
79439122
100489894
194799705
106808609
77626666
163645460
165883014
182792099
194568510
188940406
111402612
181774585
131498536
52343026
91281531
68698123
170751657
192547863
99484903
55323623
99486416
66728398
99488381
171290784
69094665
53708854
30768234
81695301
67022963
149208858
91924734
198099698
20689430
183901382
113919383
56461355
182792103
104861497
48564731
162714466
193769698
100868615
109419550
19701519
38154884
154726519
176696012
172191221
197676389
174038624
73926312
83159122
20534277
20573904
93205471
50329449
74755680
67516773
78956945
169748569
20526199
163149225
163034644
20525977
112099693
150035435
36344393
182791137
158667648
77319050
82642262
166532361
67902340
111586021
183718179
98825082
195947484
68936826
173389612
94879445
111403874
147445396
140643326
73622511
182789365
99487518
102485505
153576179
34546879
118900403
42883667
184628578
37273336
188382101
182301434
110152115
137643038
99490097
56948396
189472442
91965098
23452478
196319797
171290178
140944949
67027082
75540188
55638549
21242706
182605551
113066078
107465630
89840115
125355106
33360435
6640843
147446186
104079795
113065350
125747715
105110429
202042015
172114388
169192958
113064911
67515689
54762350
74595171
20523858
121694910
162530652
44120134
3058503
163905753
55600246
160221777
11254197
129458427
134757633
163549720
114324044
76475423
42876060
78912673
67590847
185466170
57910509
85086930
78562198
94334268
193639503
122069340
116125239
177682477
97255810
78553215
168201460
144132429
19550746
23222322
173476299
174523111
85086741
132350683
192886953
76500468
170606991
153844709
170498085
104067073
138489138
75721837
51375262
31204512
100165777
58207164
125747788
