79435123
197603511
71985742
125800026
14694284
197966550
17912482
201934333
74536479
16712370
90979601
73214429
162354106
197212138
199243351
201580331
201548637
200875118
197603286
124853078
117083556
85113305
4027231
94737049
68354319
17911356
20733222
121635925
200719933
57800471
198192659
109403033
143149270
173048973
34669916
196148746
197603813
201036434
115832681
76121693
73335809
200923187
113052759
105615487
161957972
76596135
194787670
201866818
201032665
125485858
197170229
147995757
70937555
146504750
100899778
195520865
146968418
97823540
129395906
173355370
126133447
158867940
81091345
37650433
29976829
200803421
33610954
90723093
175996870
98690795
204420940
131177164
63037905
14694252
20735027
100113481
202886246
101657805
45657448
14694657
188382221
191428767
201867299
104170219
116105914
112643914
160418455
142651096
67516317
102524057
117083129
52875812
58065184
115981807
73456416
52311502
145700319
198020973
99479153
133810672
126337428
177092938
11222450
187936785
189557557
52667562
112990846
103974563
146510705
67326772
53281166
132234215
204281335
