206250024
197864356
206250434
206250476
73775533
130439350
125290044
56860774
194859087
169277360
76152029
169279392
6501565
124966188
115663661
198474607
206250799
202963715
202963713
206249566
68981763
113444531
79691242
105293857
48256263
20834169
169306509
115500712
155339755
72724925
71023609
161954337
197860550
169308434
8564318
1057952
72769110
174022359
120469883
155339338
206250322
202963717
115642332
73934615
169278770
68758422
74830942
58393530
111126449
155495114
56852299
190860890
126039327
125289842
125037676
125280023
107962414
196881208
186646819
182820033
5345801
52179955
83377797
149521455
176130327
146952369
105695598
169732891
12712870
124935591
197778233
80980695
58392908
176756501
117401394
133885470
181561656
115643255
148811049
194200106
17023108
66777120
40721387
109792842
103886545
109688651
13853043
24410193
14046717
176749882
106276687
28022147
114382767
174023664
4163737
197150834
188714020
145748036
65383332
77316752
52585327
146987080
176307749
139723042
6114005
58386947
40514514
4699781
70882597
146778433
196320293
93712433
152547090
155495937
47041246
187586720
66629126
176306743
91447672
61286068
196332946
176218540
94486114
102918773
135012205
148545259
31502014
196156247
172209544
91447731
196187235
98737863
136462840
147993769
103887358
2000523
24951215
143100393
76444277
8623109
76372969
176753345
58002973
46201856
142458366
43694558
146266851
125149562
155330335
148808284
22012309
182296855
167468890
80857680
89057926
49517956
102809116
49393457
37266632
92911132
79720476
182295837
58248292
43673298
13423462
80959769
147423638
829054
125354950
56029758
68707803
188997373
114428118
181517699
172210598
25407840
48608356
107962036
204667605
14875240
58421960
130743449
129399927
167968548
173542370
184521785
164339201
101497277
89058642
74811620
198592803
192566295
125256490
155339575
1057950
53979111
103887383
143063148
7247489
121334938
45268885
116724768
122391985
181523715
42420417
194205575
48173197
28605491
22012658
23290033
52133392
82911816
91447679
144193746
148000042
149149925
185781988
51008475
152851870
176589477
25747229
119989863
177516972
123576209
58774686
204666872
196156253
170501923
47103807
148810221
192530273
103887306
74734938
148801985
45842879
70023807
70667695
113492100
124965903
190109508
120469617
48108583
43662568
115659840
150873006
8456938
143061372
57924770
175470329
121636506
83940935
147799009
171020293
43131683
181362437
197960251
74511242
89837896
204669784
163572486
37266647
169534112
146955416
191039766
74901481
146367334
7865171
125136680
183375271
69139562
168227038
180608500
108855728
8566825
162051575
77036397
133813135
146266856
594977
98026122
145184035
96032651
72204498
121636358
172210057
76281401
169732986
146979783
103887391
136882463
10132275
82489677
146987945
188996044
102012408
73320103
61305963
75417728
189539211
15183866
83940625
204659913
82946170
49167246
52664226
186261788
2210041
169533927
181914352
72456704
174666240
74594516
106348199
18003535
176755774
20700878
133864708
89057842
117036103
49522417
68943866
82908718
119385359
118124155
90431424
35775532
58366600
170869198
104902634
32081248
100320879
107962015
169588748
39322045
72811893
102012630
41070682
146989075
920547
1917133
185949528
204660065
182296573
68309814
46531226
107962047
19921227
55617998
70527372
58416419
72605509
190860593
38138795
56512790
20612156
170497250
140202884
829056
170491426
178534085
172209699
192637821
111537503
170179026
199176956
84305434
109888828
130440816
85084748
51060914
162575288
72558790
1679623
2000329
2000441
170498952
121636924
100585459
80856932
12815996
50114221
108850884
133846208
103534782
72611385
113760273
20260622
60012901
188377602
146618296
28726592
58124720
103379368
78280489
32369595
49478200
76687028
10231449
76677109
68709969
76122686
183046677
181998096
56398310
176751650
187860014
49467992
76007505
4889677
75418303
3824287
58226125
76659089
157244878
72614308
149521232
143789937
108925124
80112756
182296821
68898871
54581710
103079576
155338814
79410015
52877236
79439013
92770901
7473859
172209876
108850202
143384978
169957806
176130535
158610488
81287451
148850126
19670696
58395011
148850138
112520513
11328173
83940880
188906958
49464635
58227879
89057614
73361438
172210153
71070671
49549841
144526744
1057958
4595661
4215187
103887121
91623192
176939287
198227422
77035847
114687658
91579194
161842066
49476219
108925435
138951340
49542819
197879894
107962590
116878055
49494526
177912378
114376631
49439297
58395618
75410559
155495502
31649172
187621731
97251220
73160397
176307096
195767534
160827911
176589379
92621876
75932936
162085719
191044555
58814277
13832299
74864406
155340658
192122688
164160587
40720190
2000677
24508080
83940216
58746650
161368355
78635274
89058514
141220455
188714003
52263187
172210058
55349833
149179677
164278812
3978033
188377572
48372364
104288649
119191406
74886628
193546215
74861839
91447778
143857688
78946196
31128728
93145566
185782021
7492727
66814057
50253037
51522969
169812091
70312642
125097857
72890723
144193618
845071
3275963
193106491
165963226
191606872
103887375
185829729
32955505
20933825
32973268
121173964
133897437
162100442
17902811
112448526
11725276
52484702
168653266
150859438
94553800
180994047
76362066
150877234
103887385
160406240
83938485
68677354
143063632
173238113
125181251
115920669
48838047
57911453
185843855
158154241
181362860
82912211
74178096
125138773
54456119
179788495
73791186
144472469
92922351
155045916
188994480
54581701
84203114
195972948
49493554
51064454
68819883
134514992
70662354
48704297
83938428
107961978
139704794
4332779
75973371
15391617
52789068
125172001
125423155
14884749
188377579
71968509
70801019
2356425
82225097
82907838
107962461
37398852
49503373
198482275
170433308
66721950
5077161
113186622
124554117
66722001
59460470
89113490
111074054
91448064
85368762
107962494
14232438
21979368
174131193
82908818
203404928
97729163
20997109
98009329
120657405
116878095
163574482
59044393
174024696
197677167
15202651
80759270
119989836
142792924
72703957
120068132
35416516
74901404
141236997
2000401
28250965
138951898
130064603
188175892
71062760
49524992
108850213
78551282
147101207
141953788
47361218
38089350
203223056
45842877
190670205
58223048
141656949
82910897
68561464
173542363
108850224
82912171
193413395
188714006
122230271
66816148
25268947
197046803
107962618
75336938
74886398
95412146
176872553
25124299
91447631
2000383
103887188
164449626
37266642
193310417
56988562
83939008
74885808
171511839
143038636
75795252
66813929
137942330
138951470
125772079
74595167
89588842
173234865
3977973
146366136
53282253
141656929
73274050
80134748
148000692
107611618
193104461
164598510
49428910
79663243
173265975
83938541
3977991
116877991
188910547
121965394
136418214
71905985
172209931
795265
184250605
169957822
68661289
92153049
106655788
89057853
176307618
170782484
148811481
22046179
102012311
177565415
94043136
80752357
48653786
107962599
26222871
188996288
143886522
81313175
2000385
176589273
173542319
56812802
69709587
172210953
181362867
29938382
173947516
129949253
25973223
74742338
16170021
173542396
10683573
146449276
146214759
130774259
116497949
113156417
29813658
1057956
167568541
119443548
25748224
90785240
21979596
117974400
91447834
123576185
147999611
25746161
176218748
144472897
172191750
106791526
169771926
86239419
174023829
146227525
56360081
168955216
105105734
92911203
195559178
54976626
199638934
20881753
103887252
147961149
144472289
144472261
169957957
172209781
176130252
9350529
195971936
83941776
17587644
119989939
73812585
56909940
143529228
75549510
165662763
169533940
146150951
97481266
119943973
58727438
44459346
172209476
102012684
102012727
146649614
70019704
103886747
109129299
97762705
147101703
75106738
177145223
169533961
182296921
146150866
134748878
19646656
21979190
52876113
193263401
26135724
1754655
124780698
180607112
116878008
122488080
109839479
117645945
165963204
182549558
89591712
7009751
73274241
118094951
92626218
45860050
54749740
72674655
181978134
67445802
183078734
63852004
172209893
82909242
8006552
74893112
10385567
119989759
92641776
89588637
70808435
92985243
78291111
109839491
125141533
158603644
177145864
92641825
103886611
133000644
124554110
78635331
188377605
125168908
35954192
147896872
72818313
78041281
176306745
148769955
147867169
32370253
160210276
152141490
143063357
79439128
116313754
74890587
76201053
57692829
136519075
87973709
66661856
110721798
147228527
92626257
116878028
105247446
181978145
160795866
54581721
15412907
138951675
75411399
129569051
172209061
95125669
11080490
41205301
149970506
119931391
104825136
58213343
104260457
112365718
14814310
158959783
197677938
161538053
1754637
26262930
32924517
74783343
56691974
74330067
119989765
165963184
176219246
73341295
171653553
1689019
191556848
8006568
82908665
119989928
172210761
179013462
103887335
113619480
24883122
143770066
107962520
122344891
78906767
11104495
129296440
2000435
186554325
72703895
55454689
171325398
103047087
125771602
138138857
26270387
176306881
107088483
75335399
11722184
176589440
55353357
116667946
107962445
107962673
58192951
21124785
123576097
10400116
54815112
109126639
25749742
67017467
55612020
180009536
165963264
188994153
82911063
142807812
148850139
17974462
170181753
74862821
109368530
10176975
107962108
173542495
172209322
50419902
182122989
134526537
70667421
59234311
102905124
140511608
76293720
75751633
72919968
194023145
111081570
143780297
83940557
172210453
37706026
117688764
1754627
107970750
83938166
156431179
11328220
93207575
102809525
91447828
197459903
110367006
172210510
58734251
54581723
168653286
193012427
182296741
67235776
146700837
120499867
184062035
143063283
128968667
55351778
107962430
164284539
55461600
2000311
133934579
2000473
191556804
112554152
129606325
186209241
143091556
94043209
49167041
127604836
195917063
104251505
89591955
45293771
2000481
193597398
3750551
133565700
148811830
104438642
54825071
197883132
170650661
91447748
67034890
83692599
113171536
185468018
166094221
51442183
172209254
117688374
21163899
14860544
176058132
92627040
58821382
167631767
120068056
103887386
191376194
146647178
96399858
147101168
97481260
46789932
57720124
4495397
91617553
176218685
73732396
176219307
129360674
127676940
71173599
2425897
140779293
133544947
72593282
124554258
20162485
193433908
171020304
191057770
6769311
5472621
149179068
110098827
176589340
124554194
91447716
123894271
166002290
176130462
185468038
184126336
193923252
33620463
188907169
176130306
84382046
164697641
2000627
84381114
117688419
201834426
126797662
25687456
3978027
116518061
12959472
136518758
193891511
