176663149
201548637
201580331
100113481
197973157
71985742
197966550
17912482
16712370
201934333
74536479
14694284
90979601
73214429
200875118
20733222
204425257
202886246
63037905
204420940
125800026
162354106
117083556
94737049
124853078
79435123
85113305
4027231
68354319
17911356
200719933
121635925
198192659
57800471
34669916
109403033
196148746
173048973
143149270
188382295
14694949
171451353
159015695
190321039
113052759
105615487
161957972
76121693
194787670
76596135
200923187
147995757
197170229
201866818
204915315
116125747
188382429
199709243
70937555
195520865
146504750
100899778
146968418
173355370
126133447
158867940
81091345
200803421
129395906
37650433
29976829
97823540
33610954
90723093
175996870
17016252
20731450
198308835
159015906
201036434
191428767
201867299
116105914
14694657
104170219
95056670
160418455
112643914
45657448
125485858
142651096
67516317
102524057
117083129
52875812
58065184
198020973
52311502
206483896
115981807
145700319
73456416
99479153
126337428
53281166
67326772
189557557
146510705
112990846
187936785
133810672
177092938
11222450
103974563
52667562
111402991
72747384
143578799
103596464
146512720
175997539
78967847
144130235
19940160
67595415
91513526
100379872
9413352
112297509
7989720
97937551
93828594
146504494
104375273
104375751
88199124
116350450
53969647
78946581
194038540
72542893
69611736
86982736
198272912
84429549
165782965
13690239
97535414
173813775
137666840
58362412
132234215
182710825
132965282
41822711
91928966
14973295
192975091
201032665
197603813
70564911
114323320
183742098
2611557
115981814
151845243
114320380
76828779
76437071
109686745
175992928
109415942
90066960
137960021
81091358
110813116
111586228
171031461
117583451
165783281
201867304
70055059
202959658
113257396
76796225
109408146
117184408
201862785
12253528
180396991
159015591
72203968
186533036
78967786
101656788
177646680
179059894
162032545
199119910
105710028
171569136
90195762
101656132
47270550
165995208
104681929
204932809
191428854
180959054
73238043
171798422
83517156
165783983
104058522
184070558
23452967
15137091
184072326
99487988
98157819
154880153
109220528
190702279
154921520
91406034
93206831
153982612
203821053
72049846
193263961
197958102
114323545
201384329
90195150
73219234
44036574
99489486
76416526
131094138
125748435
54788909
121622214
138563568
111858185
95196218
167551054
76018310
143150333
86025135
146511579
167854636
113412515
81714038
12108954
125416555
77601380
76517099
174651206
197749498
150734456
179417339
76232986
132076420
107890267
205520099
73330264
62769771
145133003
136779960
104182410
85347052
101657309
124784190
103781269
99488083
200811006
95472866
170263683
74281156
96594332
73332663
151780135
53518000
117081891
68090341
72513858
76087213
47258195
59496750
143703398
14701848
20104559
76826868
104178932
90063688
145235878
130320722
159694013
154879652
174377320
172457811
114332729
196313090
66683004
143150387
11988957
198511948
43950321
15784024
14263694
164817091
72516112
197212138
174312206
153553667
150815091
131302969
15993454
175991253
35548457
14873036
20737439
199243351
141657282
198308882
77601043
193461827
104173816
90241047
196548208
200857284
75649772
106457569
24585193
98156984
91731675
180397085
129391293
150493348
106600294
108922716
86066556
103596737
146510967
171510820
104164327
117583109
193099325
70743949
23379688
69061117
86896106
100917082
75823256
195701016
199892489
76121291
128214123
5465375
83517565
184247626
114323294
99482937
196859885
161256752
149684151
159124062
11808030
114332166
31826297
62203777
15992824
32422573
6850847
25693985
76600524
94776254
109688467
151922857
35411241
107011317
74554228
7989432
114314024
197629059
197602003
101656679
55619203
81093614
178577763
148600532
201866759
71918836
102945981
118141648
22340724
110472972
150730233
19637237
96768227
169103162
77744198
81093880
123577327
103596425
143579302
202959504
46260296
137668107
153496811
166458770
116105823
178585332
104163846
195901437
137955478
170606601
92806576
90066016
72573528
141540034
201861220
117583902
158867671
13735579
198936966
75804079
70127584
165783723
130864956
91245826
203889594
21532933
122349921
184073425
94773840
11246034
191373717
58465558
89264090
197170201
155261637
146621807
76600862
83517375
180397385
117583764
10704348
198822507
97058039
90363325
202959616
33355528
74385119
109412109
159054187
195878106
25097561
32002989
49213504
186547206
153488020
180946307
201881577
77604939
137959871
201864879
111976764
171612955
101640873
126131721
151798671
109411756
195866795
175989932
181358826
167852459
90195162
73255164
148023260
55120375
53032951
135272907
103495072
56465215
198592438
95053555
169332884
201292642
171649644
94035486
90572481
105615618
83489010
103976942
149685070
95472084
116635725
190864008
146645907
149949204
175997108
42622994
31594559
114327853
143149486
175992992
101656410
72513159
17898669
192946113
159693901
97809476
191420858
32103360
96149950
168283387
90885731
70663020
105833043
158649799
188382233
143149312
132808762
154921828
200011594
148068403
161952668
117583504
5464905
173661178
23228811
85793881
154891885
85027911
122909182
116344726
137863066
76600885
68920924
58987438
72304064
54246395
197629108
141343833
32405679
44049566
128148701
179734994
144317186
66578126
73255201
197603511
134971307
43224265
72309285
103595875
172167184
52863921
126700312
104110965
78968320
131177164
173968905
8155370
13775400
104727198
44128171
73208449
43978954
16721295
146363551
96557067
161496655
134532179
114538198
19565378
197607812
195882487
114335453
72955643
125628896
137366635
19569428
178733576
184073206
73125633
81936440
72008178
136591783
101656633
75628604
105708174
42550348
101655885
146080537
160059973
141332149
34706276
57820752
159015652
19756021
74037420
101656078
101656322
189127432
36275674
34706302
52311011
20134667
113035487
72106764
69688036
136591443
2430839
57829428
58065823
102119177
187892807
34704679
66477617
135471302
43117921
51714411
129394127
159693868
147665347
58732140
11988942
144526512
38629581
72586346
128138142
142836673
174295914
146079990
146515449
84670568
155392441
71920655
98186120
190490081
9396490
101655941
121226563
146940790
15132079
104727161
145397788
153958533
145717645
89719119
144523087
78514217
20637175
136398974
92450746
150220734
71168831
104162820
92914415
101615803
168823796
34707251
104160910
97355967
183755187
124765809
197603286
121303035
52655031
104707946
136007072
4343771
13677604
191373658
197164496
141688835
101656171
122559595
144747578
104640968
103975701
84671176
16436221
126123080
117583112
67270401
153553785
58625400
191151075
145659750
72285001
82225422
98043316
191149388
155391382
170125909
58062140
155394004
59256385
195799809
128136353
178247910
195293723
76361409
10368790
90588773
130978239
8822029
111373974
155153783
151967534
202604536
125361833
85369998
71508204
134747890
113085081
78967590
84670504
174842957
137959997
41216023
141657002
120460286
44053343
147003835
115140328
153958845
150857709
94420905
21662988
147061149
57786091
128214091
58621322
161615816
93233783
101822386
128135435
193334647
20735027
78967783
78967392
165030948
72600691
67664961
56251000
99486034
46688721
69688260
145763260
187339819
150035671
156958073
53282802
37944659
91182842
56658409
130978832
119976881
155259058
96551223
104913896
45163174
17915042
73208079
51717852
170768040
15806734
174238286
126118500
144334069
2812943
203207786
144505317
103982348
75803491
99136837
73939094
125042664
160404265
187874897
72309316
205246579
146079987
116567512
175142667
95273045
97854237
180397353
101656387
191150816
183916651
159053521
187913098
72579911
139474629
187946161
90195428
94640358
101726114
148811413
108418285
114333400
84870444
43862253
89850862
20525586
104727180
103989420
139602560
188382107
44271125
51835059
183948383
66370023
178255784
136371522
167645501
128148244
146621968
8915134
68891563
94023665
75664017
71966770
193233136
115437590
195865270
158492506
193212388
30737107
134677344
25695991
140424418
169685543
127663131
178733496
72106078
21218479
59498143
140963112
168825714
117583489
128214136
145139297
188981749
121610316
89353611
180941972
159054736
8084770
193712703
128924534
143703397
186542666
129246479
109406571
197212337
182552404
125735447
86075006
69688547
153982849
82384025
147440763
101656000
105613754
187900055
158221140
187866679
45169224
114314584
109358758
159015575
24451171
101635890
34707514
185213798
104172731
204374640
40346533
81718123
85951973
158420841
20497149
183948366
124766236
72791018
118588936
140176493
165782923
6023965
72870214
93672619
145434530
54138665
36283951
83518858
77983269
88020921
159050180
145434588
7187991
191420758
85705434
122176556
195292938
138439686
92231510
7597489
71950355
140962909
144505882
95858697
188382492
173429521
193367276
131396456
144747576
103595883
21101978
155564548
157240233
197538549
161009551
71630520
113085015
126359531
90867305
104169967
77052124
9415151
101582147
190230167
77602026
104175199
190233058
9344678
25097546
109407431
34702061
7980117
169100753
127351826
59131022
189127390
108336042
82952465
165782745
145397765
54035623
78967335
90066029
77137690
63044716
55725042
102053429
95059774
101656125
135471464
140180762
178733535
103596662
155564587
89353551
68167320
168560926
163148968
134389910
84315745
21536695
20112533
34702546
59081375
146364618
85368623
141532287
89628840
34870701
5032595
75404518
139296154
149362071
123582307
84670096
147440713
202604514
78968283
20112548
124766567
117583414
143147541
99900703
171824340
190232181
174239057
81092048
55997316
149683883
112654554
73208221
9828372
141588808
126345900
35040365
113063998
163710993
86128799
188382300
203951203
84939397
104861948
129303043
150877074
73156430
59080911
52132212
176292820
197062475
15001504
164220146
153995187
106778176
147982809
181251628
190231380
132016575
162268854
70662020
55744848
101656249
150740527
115437368
128214726
103596244
162832750
10021026
143420862
79461302
134971330
49663539
31521211
134225273
58952098
162865525
146967941
100636995
153982932
111838140
101582771
156676732
34704419
112887426
200772065
101587286
159126961
187783336
69621551
74956380
190322335
99413743
75671889
155372313
145397781
121226536
141365958
114313026
99479872
97940792
9415273
166459251
188833750
157412743
115437738
43881240
142658480
168830034
103986140
160550280
128214092
198779386
55596578
83518474
99484923
11246022
41323924
73279196
76200133
25097591
8011655
167619097
141562543
72116279
86061150
183545115
45285493
78967372
174309382
74966760
35932604
42359767
168819514
184651208
198778298
146503117
165784798
159055433
72462368
166458578
11638410
168815972
69690271
149712462
128137085
181419274
78968170
115885731
120852852
34702350
117170151
173879074
117584024
181806687
195864817
59277789
141535177
34528140
57742688
96605769
72309198
23452276
131416492
162267534
129299612
198194797
168078316
137219911
140962722
144747583
153491082
136790811
125354971
92435139
140962666
159056427
78968603
130771283
141277213
103893334
158667783
20958566
2892453
205217754
190321133
190154341
91159980
103596761
160418420
78967671
74553848
144747573
69744614
184651092
171025248
113420791
72515808
205069570
111925738
45554353
203954003
176293018
127516644
79461153
109407224
146621837
171025090
170125018
9828456
155432008
58986476
143224736
6072165
76600767
104162548
199595771
78967716
94774557
193712645
180942932
146967985
72679343
16911213
34672286
75409629
19805150
90066501
155393766
123779982
198519157
23452310
72025621
71948442
157244124
136932275
104168835
155397237
19830598
178039866
15225814
193712612
174292702
193102220
76262807
102379795
71986404
126347947
108094666
98827892
111656510
176384909
170125080
32528837
128137419
89629332
36326555
109416548
198671826
109493892
196006145
180993354
69689248
130327469
98911956
198123100
37535985
198271534
117583316
84673924
150849734
184919029
144747618
13798416
4297491
168117541
56734524
7277865
79459879
68603969
94880350
67976622
21536939
84559013
34702589
34707114
129584900
155905552
171950893
165899527
84333141
159055506
91767129
130327594
104169227
75627242
36670682
144568833
101656612
117585507
105644329
58955820
163567555
200803869
13701589
11246150
93038427
91205203
104708389
150879364
173978225
82946522
150875817
26701814
165784078
197603965
167258178
74207136
111095868
104869860
198589943
73718150
57639272
104179501
36468498
128816170
126118854
9828504
144203115
136467700
148811412
157260530
176292713
153959177
42221401
72872428
96516706
155372347
173816747
171953847
150707904
89353683
73193673
123197816
147689541
175876461
9415142
127429869
76013601
189646870
75359805
147699093
145030152
44153106
19636461
136591637
165892593
126406742
104869522
154919561
86966420
83517269
173360281
102262081
160615756
150850024
153486647
167465673
171098050
57721812
96305902
22494623
134947077
20832613
169685777
128214148
14872784
138449800
9828447
156833907
128668671
153958251
82383821
185432504
115437456
88020835
76403079
138393493
167812113
57796167
114485075
185423775
121679726
74003228
94880555
136037301
154908044
140446675
198542977
113418335
168808698
90069159
195177150
37798460
103774636
114327512
2813019
164990307
157305629
91612344
174292736
167811460
77755348
145826866
90066362
70896832
171567379
107011981
111373215
51842854
109407321
139953650
180318295
86110839
53283479
143425523
188186302
143164528
13321933
163567409
119977089
154730972
158652250
50735914
139245280
112887932
195296987
88243903
45550991
169109265
145434529
144747628
55596402
172047764
99102776
16527526
108432419
195296125
124772164
178091701
147440787
58404610
154904286
31521201
115981997
74404213
101615813
144133156
111402877
91561539
58720667
72691691
90065909
129392140
41579253
199541800
88020907
58403663
22335630
77600981
78967553
176293082
99481651
149552511
73826186
80620917
67359469
129356478
90984718
202424289
195297275
73385817
99304597
81065321
170125499
58720479
159814991
19455735
98912541
77604685
202160269
77604723
78968294
159054453
176158152
116393875
20831989
162866484
149362066
111586121
117583231
70307237
163711162
86146502
13740267
69691142
115564203
180318904
79722915
98626334
64315996
191529482
101463378
108002482
127662675
136790275
121677792
194212088
78968018
158221962
71354117
165899618
186071000
40235634
176823912
67164252
102443930
198194814
74183197
90066386
71561061
171650530
146968202
33136125
159052529
68487934
175989980
122361333
46699014
71560239
54915421
64235669
126359983
102764128
168969705
125089789
103504208
123862528
156844709
144135099
146611193
106987435
86022605
84749739
99145792
96551226
200845219
112652891
186544928
184075392
75631840
23452446
114332114
174299791
3952233
104705722
145423325
155440416
101627955
104170233
159054667
77600367
83516824
96148633
203086485
72861351
120245020
131302381
162030465
33136116
125620395
89929754
114328488
89353586
41279791
203472824
79191302
99410483
113426607
70934027
39893523
7045887
126382182
99478661
111375431
176292311
170125700
19705562
197211507
144747574
72585083
143667729
10075781
132255234
101844010
73218325
146515314
109341994
101615524
90066178
73222229
158420536
21536324
202421284
2599541
93643012
117583840
165883053
87216940
132255196
100196549
44273223
52320751
128147866
88020724
167529972
165865030
7003479
155698628
126398956
195296434
156868388
113050789
181960255
99478769
99146053
96607901
127267574
158423614
130028968
126091637
204416330
23022577
111371986
15145443
141586374
192365948
40934060
122436405
165896578
153958134
176400277
147822360
99487015
121319968
108696379
34707388
15131825
149683929
81091645
99146468
141531998
202421219
128136287
125751891
107511488
59225832
31530035
140178371
36781330
190092561
94775068
145434509
145110944
76600829
72332673
112887514
99483653
145030898
117583804
192812227
182710041
95941029
99838601
97534899
47126477
72116474
47273410
32002155
201853860
153804605
141276647
197058539
141532016
134555666
115437056
175904827
111953115
58511412
106371871
171953806
84870407
59130939
114475435
99191012
136730844
143669996
63071644
83668962
92136399
158670276
195293324
117282475
33136233
50081667
6884131
115696430
77604751
50424567
78967540
109359185
140962874
144505926
23453119
43768315
80622639
119218216
85773263
198583161
104613924
58501343
134388593
146510316
99481416
92164623
159053825
126127242
118496378
146967937
148745897
187375999
134224673
117184205
157530504
104005150
116341425
78968301
104060513
104708591
170050146
22515117
114323555
203499642
197668134
114317252
102681106
203494154
151841652
150610900
169100806
14872685
170266870
34702901
174406721
108562275
117687250
186552687
73100612
31917991
99995425
69691268
141531813
95053766
168807475
154245379
78967930
32677536
168825073
160560806
60742791
131181304
56831177
181365753
68292410
19241640
139295446
130564176
189574110
51722346
93678039
99482690
95194432
113420739
111587259
178214395
104624543
146967939
117184273
140894369
9828524
94780644
45265761
125813336
112227612
72955644
158415576
134405916
112139302
183910874
193178043
143158128
195893264
143030278
203147802
147121734
153805249
41933386
150706984
55121719
72013184
146968011
153958682
67616851
196954367
71628252
21146655
146510220
174842649
78967779
96821942
114314465
168807929
165596277
75404662
75803448
36474806
120507563
36788084
158670986
97617369
48346140
73607549
154785711
77601401
202880497
68919306
104705878
174569964
111374155
137960061
8818231
9828429
13129753
136424001
78917634
83516633
20770311
200775862
76600851
201384530
175990981
199693966
140461726
73607793
103477391
198276080
199542580
160457355
70091294
75419476
68891713
76071974
107992464
15055023
198542808
104741832
153958883
101615660
151844464
124773363
9414952
131524592
190231779
154887840
74196120
168969713
74684405
98900574
196161520
114055861
147993506
11228365
73118264
6939439
144538037
74409377
158153821
182791521
21605864
159057978
156841386
103974710
12744923
70635509
72322820
68165919
157245239
85079577
15728806
44154391
120146042
131124738
120834295
145221431
106703816
187840144
135270417
138675681
103052578
183948442
115953020
173169967
194395824
143366438
204374558
90063706
94776345
117585220
126700253
146503592
90069607
180990115
73728943
176020235
59106361
102119637
99191574
104512446
77605024
106625239
199926563
104059801
101615570
174295085
203969376
84669967
104175799
141271778
171682031
139146923
187841769
103573520
171790914
153804335
