198020973
199243351
125800026
125485858
176663149
71985742
201934333
74536479
16712370
90979601
14694284
73214429
79435123
162354106
94737049
14694252
196148746
109403033
58362412
4027231
124853078
85113305
68354319
20733222
198192659
57800471
70937555
143149270
173048973
34669916
75764852
113052759
76121693
76596135
73335809
196859885
148600532
146968418
81091345
37650433
126133447
97823540
129395906
175996870
20731450
112648457
110473891
197973157
126123080
110139205
98690795
191428767
142651096
95056670
14694657
104170219
67516317
37823050
112643914
195878106
116105914
101657805
117083129
52311502
126337428
187936785
189557557
121622214
63037905
88199124
86982736
101657582
103974563
116350450
81091358
100620451
67326772
72747384
192975091
201032665
165782965
169331344
76828779
194787670
132234215
67595415
90066960
109415942
109686745
84429549
2611557
76437071
182710825
173813775
133810672
194038540
115981814
72542893
171031461
117583451
165783281
201867304
109408146
199119910
104681929
204932809
191428854
165783983
23452967
154880153
154921520
83517156
186533036
90195150
143154257
179059894
76796225
105710028
98157819
76416526
114328880
73238043
99489486
197958102
201384329
190702279
109220528
193263961
202604536
54788909
101656788
203821053
143150333
81714038
76517099
76232986
205520099
104182410
124784190
103781269
99488083
95472866
170263683
159694013
154879652
35548457
66683004
141657282
90063688
68090341
63044716
174312206
20737439
196313090
95196218
96594332
172457811
150734456
136779960
143703398
143150387
76826868
73330264
199709243
175991253
174651206
164817091
86025135
197212138
114332729
76087213
104165471
137863066
198511948
193461827
104173816
106457569
24585193
91731675
129391293
150493348
106600294
108922716
86066556
117583109
23379688
100917082
114323294
107011317
114314024
149684151
197629059
171451353
171510820
75823256
76600524
198308882
195701016
94776254
159124062
98156984
5465375
109688467
81093614
101656679
180397085
110472972
96768227
77744198
81093880
123577327
153496811
178585332
104163846
170606601
90066016
117583902
109412109
91245826
203889594
122349921
116105823
197170201
92806576
198936966
102945981
90363325
25097561
94773840
49213504
202959616
117583764
146621807
141540034
165783723
97058039
101640873
201864879
195866795
109411756
175989932
103495072
148023260
135272907
201292642
94035486
95472084
175992992
159693901
117583504
154921828
5464905
169332884
168283387
173661178
143149312
55120375
83489010
72513159
56465215
105615618
53032951
181358826
171612955
191420858
149685070
151798671
90572481
54138665
52311011
143149486
190864008
130978832
200011594
158649799
85027911
122909182
204420940
116344726
197629108
72304064
128148701
201036434
179734994
43224265
131177164
172167184
195882487
126700312
44128171
104727198
197607812
73208449
43978954
8155370
114335453
102524057
125628896
73125633
101656078
75628604
146080537
160059973
134304687
57820752
19756021
201580331
101656322
36275674
105708174
113035487
57829428
142836673
20134667
38629581
187892807
135471302
129394127
159693868
121226563
128138142
71920655
146079990
84670568
155392441
190490081
98186120
104727161
145717645
97355967
100113481
92450746
168823796
104162820
78514217
183755187
191373658
72586346
136007072
4343771
124765809
101656171
103975701
197164496
144747578
104640968
117583112
82225422
16436221
155391382
155394004
128136353
150857709
128135435
178247910
195293723
111373974
133813662
151967534
76361409
125361833
134747890
92914415
41216023
113085081
141657002
120460286
115140328
122559595
146621968
165030948
145763260
104913896
156958073
91182842
17915042
116567512
56658409
155259058
15806734
203207786
126118500
2812943
160404265
170768040
99136837
125042664
193212388
187874897
150035671
114333400
146079987
72600691
95273045
187913098
187946161
139602560
84870444
90195428
94640358
101726114
201548637
89850862
188382107
103982348
128148244
183948383
66370023
108418285
178255784
167645501
104727180
193233136
195865270
163148968
169685543
127663131
86075006
117583489
71966770
159054736
129246479
197212337
94023665
147440763
105613754
187900055
187866679
202604514
109358758
185213798
104172731
146364618
158420841
183948366
124766236
140176493
165782923
138439686
122176556
71950355
135471464
197538549
85705434
101582147
161009551
25097591
126359531
90867305
104175199
144747576
109407431
113085015
127351826
85951973
165782745
54035623
90066029
21101978
102053429
95059774
140180762
84939397
141260439
84315745
20112533
59081375
121226536
75404518
149362071
123582307
200772065
147440713
150877074
124766567
117583414
143147541
101656125
81092048
55997316
73208221
34870701
126345900
86128799
203951203
129303043
59080911
73156430
197062475
181251628
174239057
10021026
150740527
143420862
74966760
146967941
101582771
112887426
101587286
159126961
115885731
187783336
190322335
99413743
155372313
157240233
58952098
198271534
97940792
166459251
157412743
160550280
11246022
72462368
73279196
86061150
205217754
42359767
168819514
165784798
180993354
106778176
199595771
168815972
191420758
207731783
128137085
174309382
195864817
59277789
173879074
96605769
162267534
94774557
168078316
137219911
144747583
117585507
136790811
125354971
130771283
158667783
103893334
141848543
2892453
165784078
190154341
144747573
140177671
203954003
144747618
127516644
94880350
143224736
146967985
155393766
123779982
23452310
200803869
178039866
104168835
155397237
15225814
193102220
102379795
126347947
98827892
128137419
198671826
109493892
196006145
117583316
184919029
91205203
68487934
67976622
21536939
76262807
202886246
165899527
84333141
73193673
11246150
93038427
104708389
173978225
150875817
136932275
74207136
104869860
126118854
144203115
167465673
42221401
75671889
91767129
96516706
130567499
155372347
76013601
75359805
126406742
104869522
154919561
102262081
144747628
160615756
169685777
159055506
185432504
139953650
114485075
185423775
154908044
136037301
140446675
90069159
103774636
86966420
2813019
91612344
167811460
77755348
90066362
58403663
204416330
107011981
111373215
76403079
86110839
71628252
150849734
119977089
158652250
112887932
88243903
172047764
147440787
150850024
74404213
111402877
72691691
67359469
80620917
71354117
198194814
159054453
176158152
116393875
199617879
149362066
111586121
117583231
79722915
180318904
108002482
136790275
171567379
165899618
186071000
176823912
146968202
175989980
122361333
64235669
72332673
102764128
168969705
103504208
123862528
156844709
144135099
86022605
112652891
75631840
114332114
104705722
145423325
101627955
104170233
159054667
114330661
131302381
162030465
114328488
41279791
99410483
113426607
70934027
128136287
203472824
7045887
99478661
111375431
197211507
132255234
90066178
158420536
202421284
21536324
117583840
132255196
128147866
171098050
7003479
126398956
113050789
96607901
23022577
195296434
111371986
192365948
103974710
125813336
80622639
147822360
165896578
108696379
141531998
202421219
90984718
125751891
190092561
94775068
145110944
162714939
112887514
99483653
145030898
117583804
182710041
95941029
101844010
141276647
197058539
106371871
114475435
99191012
145133003
84870407
111953115
136730844
84749739
100196549
92136399
70896832
99482690
115696430
109359185
131180569
23453119
101272357
104613924
99481416
146510316
126127242
146967937
116341425
170050146
203969376
144747574
197668134
102681106
150610900
174406721
73100612
168807475
131181304
130564176
113420739
104624543
146967939
94780644
45265761
178214395
143030278
150706984
153958682
146968011
147121734
96821942
165596277
75404662
199926563
120507563
36474806
158670986
104705878
111374155
78917634
121625995
144312453
200775862
140461726
103477391
160457355
198276080
71940287
104741832
168969713
74684405
98900574
196161520
147993506
187361467
73118264
144538037
74409377
21605864
159057978
156841386
68165919
106703816
187840144
138675681
115953020
143366438
94776345
90063706
117585220
146503592
180990115
99191574
104512446
141271778
139146923
103573520
166460183
154783557
173815827
86967808
90069483
90066636
98156381
158425106
170158874
58312611
136790793
117585798
144452833
158755095
9796365
103983158
49301816
100574837
90572788
74682428
118153278
15708628
103216823
2813051
147440796
140150776
168356308
74414956
53824447
160456472
150815325
96157020
160172870
167176697
140149525
85779576
103788643
104174536
90063761
185096151
76544557
73224060
112648424
165883255
197899578
98826532
111306501
197337381
158663270
177646459
98154261
153178128
99484969
203499535
87219136
158651729
146968060
185428371
104711130
144139944
170609077
203505922
127861220
192888813
144747625
131177475
105239626
109416910
111328425
153958253
100475573
70937336
103894044
129219486
146968041
149362073
131416694
170606183
56221772
96597137
143366914
198780945
170127528
162537721
147821650
56881622
111375451
15135625
170606391
78632244
169685496
56238272
117083147
80768653
94782428
97594108
99485914
158422698
105708792
103542738
176825542
54880787
84471612
74348924
157414629
176158418
139696756
104708892
204424748
104178783
125912424
165883286
91023237
141271650
102433165
75181243
149661844
94613613
11355321
184905448
166412524
201384633
96547988
117579617
100380751
125744435
107015999
171292782
86994069
99488452
146968009
4200925
87480893
114415816
127674417
106598292
103049363
157788895
170608843
77879743
141515940
117583437
195952623
103974220
204923120
94881810
154896110
136790828
114070536
101628493
149684800
89517735
114504927
54973330
83519654
49793684
183920201
98154341
55961389
94023911
160444948
104515134
112887317
185433499
100203338
99487950
112655216
98156163
86129629
129408180
162196374
197139408
203207863
170270486
150113889
125910529
178482989
158647604
168817555
152075861
54063593
135271286
196954705
96604019
102818132
99489958
152762895
29257204
200774732
200773872
113065536
89758125
54506067
104169352
89244238
201292581
98186188
83518505
94024073
170608623
171901581
158114292
104162083
118164738
180397494
111372172
113511678
25109608
98832352
151489456
90028394
174238059
197720865
95208880
169101427
103118712
181959813
113412408
102786090
83517293
83518516
169104195
86022554
146706776
104869540
111373079
168969797
131417211
132255863
94691096
86076903
74207167
158732891
104869779
136729011
167812136
159053974
133919811
104705257
85081886
23412739
168356325
104869376
97937277
167637541
104706371
186547256
122344466
128134920
114328710
99486545
113423577
192136345
156998805
129953858
167618575
154889576
104170787
133034446
160455792
167357987
77879559
116255598
97888713
159057588
86062411
94640238
94334370
113282623
128866721
114323442
86061306
151843336
185433201
199631537
199268839
115886077
71940262
177946678
45302483
100379770
195198872
100379795
158670901
104168268
101897369
93298234
173815428
104161903
162267265
47405850
104171074
132255592
96603329
112644198
174573371
89980969
114314104
98155382
112573595
118744969
185424147
114321830
49912946
195969868
99136683
182709968
114334513
81094130
104706246
170149861
101076745
145257308
186533509
179175121
129746934
136835635
155235028
171510934
182710075
185941717
176410264
154714896
113051837
185422085
108224904
182710641
109417948
174535964
74684376
96605942
75320249
99484484
48228916
139696883
97893239
108923002
159055555
112083735
157292519
134797913
155239878
198194934
159053272
111375049
98083786
111403554
129009404
138335636
86066164
167816218
130309670
74441399
114330485
102582074
141280463
143967678
83518521
200776400
104172429
107228442
94880555
167157241
104869603
101619684
111376014
76774820
109410994
160611511
135272766
176158552
94023750
198300795
73491945
114239186
171686612
79724419
169349092
160610723
153958277
170608959
74682408
154891050
141134732
99486206
98827480
95074951
126038290
162146884
101790152
141531948
23452667
142576641
143348001
73743727
98156267
199700107
204685933
94334119
141534105
146968156
191125068
152762798
91171307
171649352
173815582
186604083
197596274
70140359
109407393
154855341
99489570
94773365
103984134
90066874
198200203
124037954
143159864
83160564
169348856
150709162
173356473
74185951
108418007
176135593
176158147
76404816
168820129
125359611
74442989
104713386
120243891
103503797
103990327
98828673
147107572
156658212
81091420
87093224
138329425
169348533
114320251
140180251
134390030
135271541
141281481
98830130
103892625
126038246
186532990
144962025
99864116
198866392
71940265
176313075
75575618
112647107
80944346
158675067
128269166
95495548
83432655
112367833
96767554
191959345
144132383
185432703
156990415
76404818
117585706
131289467
114494523
153471729
186604160
97876285
85775958
108061219
189176030
86979104
42403013
191127039
167431345
181461299
173814454
160613442
148744117
100380647
104869356
174570623
185427560
137667413
104171844
185433360
141040515
95510127
176180680
153496377
162538496
156854596
129398253
104709047
186532971
145131163
205170875
180583266
199645820
108063784
104869840
142836820
114489727
150001825
154887392
101704010
118745887
167170808
99481053
185423229
111405110
176138224
165894665
189176007
150116024
79580298
175995268
158424379
71940592
98900343
93331993
96606818
100379760
114728394
146512962
91161880
105239482
160613906
109408013
171495580
132255316
111711103
107989821
99484243
95495166
96603373
191589659
132199317
202495823
156861534
99482539
74443799
113414067
111194009
70947363
103982252
103980227
153496480
89678047
133405023
109059783
109314356
104174203
185224112
108922466
144350933
102683640
104170300
200794095
98157070
98900902
149362037
182711094
114294338
165864952
166131276
129398228
187840993
76695580
126119018
80802786
145826632
117583467
159122831
103974681
128149193
130973891
100168366
94024061
204686075
98154668
108000885
153612232
73156573
97537581
185426423
70933862
185427114
104173094
23228431
137668171
153958626
189459649
193549180
122699510
93325762
21577242
83517631
97823018
158654796
112573732
185425632
164051350
139445762
104739158
160442703
113035599
159055456
100380733
197878332
104171721
114335877
183038504
167668626
155437694
120507420
173353990
104162007
99480185
103775431
158153972
89193371
86066222
103051895
75758770
83518996
75671713
171686667
195299057
112649144
84670461
198780958
168809358
134304683
191476287
201383601
80935431
102633523
98415489
170151250
103693254
22301362
113457325
144130451
82032791
190229423
98276898
173814537
132816111
147814463
154897091
109358416
173814158
120163421
130029514
98186374
77879401
94773781
196812577
16146286
84471340
98156546
159823694
201854704
131179678
90031995
158221195
159126794
96845368
158672286
141543755
141540234
196423737
94094729
160067565
96604652
73287652
196003788
87985657
169685614
193719969
141587537
109408932
154784299
169106198
104005434
113421541
94772511
160608136
170606655
95470855
160614865
200926465
17884782
103982531
103985556
198435201
151816230
180223729
178482365
109407367
195293337
204987679
206361051
107368409
109414017
164049367
94781896
115734166
104174467
109359077
140184101
136790823
100253974
146967944
158662458
114335763
97606445
167152081
109687724
74555817
71004832
76238197
28289833
72950197
104885565
81091635
158596168
199547763
101703832
170609310
201623589
48346122
176136113
59237328
150115808
157000836
53995067
109358522
104613950
126410332
88197279
166458606
86052049
152762922
203455596
74537155
94775320
43070902
67274603
103742343
195296204
178212613
115885500
206417122
113051701
158670316
178510971
176134816
109358436
118153308
126340630
146968081
106180803
155153606
167645625
120123971
103533605
167616945
159516804
191932254
99485797
104179897
101901314
154905368
104161282
156866228
166458990
169348597
103894396
77879523
117583592
207335096
103980030
90195772
175437331
166412444
199519422
102053950
135272652
94891905
166459396
149152761
174655212
170607224
103966616
151521127
114329787
104162010
176634651
141543521
146968028
141565698
91095770
166210866
198543855
136037226
141281323
173816811
107542513
96541156
144961836
103109823
203942447
191388354
102763741
97993307
159519776
197396076
168356196
101016740
114495568
49660588
163154682
183917313
106556399
173171985
90066298
4427231
117583228
111373262
98154696
155237569
72658423
104512185
86061340
98624204
142564946
149174208
98156403
112733866
24156174
151842991
125761843
162269907
140149041
154909708
99869134
96520660
173812231
117584777
99489809
101703814
107993267
75432445
140180855
144135821
185426488
104906630
158655128
141531766
115953938
19813959
129397948
98900203
109358673
109921667
90653216
129984727
99489034
202494938
101789784
83517998
83518318
203499696
97822276
72567417
72089595
142620563
87670455
169685376
99486756
132198695
76384758
186604222
98828125
104515858
104869917
156832529
98827674
90031159
89265641
165896219
100380148
104176070
173813800
178584640
109687392
93296451
135271317
156853939
114805979
132255513
185430182
159052829
96605449
154729848
185424428
94774229
102573272
181112479
99479445
104174154
171731487
160617127
76406466
146512307
10115550
154914516
83518846
72935448
180254359
191352859
141536743
104512959
102119306
100380755
79723449
192669685
176158121
158473209
117585641
143465000
148060404
97088466
96604874
167155844
107183885
19992239
158678329
149661990
150707211
126346465
201867426
6631801
97143522
141286833
169685191
154855187
114483690
143150282
130566580
171959840
104869777
153958303
82895866
131525585
165864911
99479741
170265001
100148467
87670665
112651456
84697129
140970653
178213239
79762728
145610626
19273074
7548467
154906054
128278575
149450756
109687211
147759717
113051599
93329445
109411989
102764080
91182676
174571102
125908803
113416750
127557510
106599078
130469722
162266306
197419754
109687670
166458727
98827161
167816903
112090842
174568467
106858993
111152181
175992256
109692791
106353344
94692696
102637557
60189599
94774619
87019731
9841793
83517539
83518903
103980064
70934222
95196217
154920576
73491854
136842452
155231463
84471675
120508574
113413095
149450704
101306586
166458914
98154955
127661802
182710165
103776437
96493640
114504856
165883134
198815225
73293803
154783629
165887031
154913127
168077716
86073481
114518999
159054033
85794828
134389564
132255639
153958980
104178861
185430291
146968457
104727160
90188672
149679429
174571641
168824029
12300869
94775962
158421138
114314032
103986536
198210474
172001669
178213551
155239139
10672434
154889786
156614644
143150249
185905829
97604018
150495038
173416457
98825325
98900882
153958649
109419231
125355158
93508765
168815307
90028906
164215360
91342593
145030490
203494188
80620796
198815622
177646656
117404983
74404837
187839754
100380430
100380555
94692775
94334736
185423750
126339485
102068558
150708169
177647027
105615487
136108714
113419548
