187828881
187619530
187860070
190082292
187618384
31656191
187616696
187607351
190085260
187581385
194183821
31656189
190084533
195750218
203317455
203397263
203401604
203397287
118146951
203319594
203318432
201569322
203397094
203320099
205107282
203392697
203391293
203401628
203293386
203401723
118149670
203393110
203392949
199578853
203294809
203401588
203386948
203393061
202283684
200849237
203384298
203391223
200849212
203317303
203401569
203393043
200677591
203387201
203392637
203401670
200849498
203391471
203393295
200849043
203321365
200849097
199997013
202283688
200849128
200849178
202283682
200848983
200849044
200848881
200849155
203383651
203389699
200848888
