197715475
183498218
56233371
181773412
154781232
181782239
97865285
112357404
140843587
188784985
125818423
140807019
10139231
92559938
157082944
183513090
160186129
159439378
181777182
196788748
186157317
74497138
52777678
186087312
174380809
55124230
13553263
169686025
164695232
58081728
194572433
169306297
52251178
56654932
198456009
157822871
109330871
179998195
73205111
112440908
174528923
5918813
107334590
102047282
57867744
77638555
168759153
68190134
160395612
90679783
52675280
177227986
52582684
7256489
161538236
149386566
11567027
5918841
50325245
195236337
109338066
88738327
117496062
165678824
5766317
50263806
48735935
100542598
96312557
91114780
75667343
23448394
50416485
141472549
156300110
23443293
68693297
22979697
51618188
111933062
28930082
134626075
51617622
22884827
189850858
198457887
159888026
43001337
155061502
165150249
70931921
100540355
91405822
196684612
116132213
184896448
186859851
149396743
139206481
116132084
91405478
187511669
68528232
165691834
191421472
2774865
33777109
27731320
90572453
98085027
26418544
38212792
155495908
46803008
177534937
125817142
52131391
72565517
51618464
91479376
79242097
144972793
40743201
106992067
11204923
101689019
57636115
116043606
52846985
10833935
117390621
44866885
101861709
56226685
200676318
23923135
167418188
91106107
91114293
163719663
178950937
130556265
165025839
197574767
85649610
188785334
86417967
68240560
189809229
188375925
12685612
98178695
142592388
85175227
201107347
113166018
10833980
7249663
194811324
75380643
71076544
77543711
202498515
44866874
83616022
8162507
50557257
116042760
162584243
117497230
139451593
167469641
109277069
91106662
70209764
192812203
52675172
35347180
2774889
77638567
23939942
155464688
84871540
75355377
116043830
42693895
82297874
116044289
35579683
116042502
47270735
55484563
133578311
42691695
82514068
63174448
109298931
192154060
115742829
194810569
128645662
92560113
100542422
92461892
136367825
155495167
43352427
75797380
72627296
48143089
184058760
191309936
2380209
10695717
50347688
52627217
72305594
4530557
22885223
164164864
122243093
73576996
63588036
89469954
148841297
116042844
155451051
132956083
51296343
52847009
74329460
92461355
150881758
108917875
157585805
139449843
109227969
159819173
126814002
109226857
190152854
2891805
77765560
84909981
81604878
66385352
192472948
91107154
140415502
57636220
7675156
76018200
204805829
155106734
157822859
44872661
75797027
49745028
76360011
70209742
36024972
201153341
147328468
108480671
175901231
149824300
193274655
193413693
77765593
81452713
68404011
91534977
53183403
193710370
97875474
176744540
23923236
188490309
102164342
49621203
58802379
52785510
77639754
68497702
137971610
169905698
109282244
71694267
76565861
144605413
32426718
156300285
192155205
13120240
42785999
12712832
35250011
148012803
191128211
184281631
148842503
81140355
23442643
52216467
71544512
123546914
111191996
49004928
48968227
114070342
73685156
120141451
195525408
171745750
23930172
160307176
153011592
41933373
109360398
155792944
67254358
194810926
100142522
165046074
148012765
42659365
128256664
148012470
156300541
149381881
82553507
26071714
139450244
116192602
148844396
53055821
74329619
3264415
143470365
23923180
148012377
192565682
91108667
165036562
3264379
82015162
177226015
71076443
116190091
71674775
109364265
177478086
122243105
53253897
52233257
63498400
103855687
165167143
47201592
74329690
116621638
170970865
174014005
123546717
140411998
109240144
42866571
169305749
51618490
36551625
134320731
158790607
140412660
89589110
46789813
92463494
116044174
98177582
172407039
68820145
109588747
184737933
156300635
52749924
109360513
13120180
181501570
71679924
92462652
84756930
160307638
54982847
177232149
165118259
165163043
191954064
93142712
155776162
44857187
52783777
133688527
108928592
103555018
191389514
174380114
81139119
75666282
52780812
36357556
6735073
159444690
109364029
181787114
136874265
190681505
133867810
97867352
193450046
196058452
195523250
140778750
77639336
178482192
122345704
7674853
25302209
189533407
80395888
118788476
156300509
165176768
109268363
173030737
143060988
67693180
22883689
7617406
116042828
136037493
191365581
160307779
157042589
70297725
153011775
145078345
11279381
116042954
109363967
171171606
52060936
194808839
49698160
41933559
23442435
33570712
180715345
111100083
68166757
110163557
109484906
51617927
113067572
50226329
148012789
173968791
37849754
43358837
148841523
22886373
169306303
156300559
165149997
123547044
96362533
160307649
72659742
53798181
51616579
170673358
169306085
169305753
203162537
154103174
164196287
36556955
165032391
186550355
88956484
185948453
42907183
116126143
127218600
194809032
42856158
51617233
36413469
96313105
192565383
115737479
75380791
46177139
89457350
77032610
160307978
180318639
44857512
76904868
193976758
51570224
28926049
103092435
83617686
24206012
123509715
116043854
14264353
143200304
197601299
160185161
193546313
116042701
28929860
170675438
47298120
10671775
23938307
115769697
71076572
169306333
44857583
165251193
109237918
184454872
109280242
43700143
43950837
116045157
174380145
23938153
92471294
47202704
71076591
68237761
189850853
194811279
148843044
42925809
195993190
173968746
134625786
91110395
15710873
169305624
169305638
51009032
140788640
190167699
5348775
81419466
199667869
82948881
73619570
56653554
133864715
167868858
6096577
81138236
140786738
22979435
51659483
151626949
109086485
7938216
109331469
50263778
166329442
180715293
174014197
121318856
181785859
174221866
164160145
166329436
194811690
125178700
160307490
49695919
191326296
82538830
192116004
183545427
50653600
85554798
184466984
165243589
53758721
189337655
161539191
89459743
102907982
6303593
68417770
116045458
53569410
34579634
11281447
194808975
35247215
49099185
191358016
80950243
48324161
38988677
34110278
109330902
181377697
203396663
169305956
75353423
165256161
179793907
139206367
91107354
173458161
53981728
42450463
147855123
76749584
98895723
91590633
191135289
194810839
196781230
196395250
70360143
82886109
169305456
166499858
160307513
115737380
73330706
35582154
23003574
148012786
156300687
196549959
186559247
180319001
106990658
148012795
191954062
5917593
23442784
164695038
169305255
123546880
2362853
96264558
167010766
190455551
130175110
22980601
51500138
44012667
159819735
98162520
52376452
103941739
52847104
192303950
107101525
82905223
41823822
1578271
74008629
165149496
92462458
109355187
21974882
170998764
194811047
192411593
49004376
191363806
101229392
127806593
50495851
194811054
76546762
103917946
22979661
167010863
79366465
193888809
38214433
116043557
147498603
169305506
102047485
194811650
159818939
133865955
167010960
92483379
190743177
63186658
184897743
117074288
100540770
34675266
52401660
45150717
139449940
194810653
10595502
46218936
17936429
109296623
91105841
68369508
44843568
19520499
77845851
173865263
59098347
180604783
100542721
79245288
23420275
83616509
148844677
195511928
177267189
50725364
196911795
22265603
81644472
182463907
14030926
47372588
165176037
27978573
177478306
180715347
195765574
139450564
137822309
174013844
76737471
24200180
143470898
10604394
152367469
96136917
179793952
201123423
174014274
159819682
176485696
165678803
195238266
173902859
149346724
174014347
79140920
115741627
182783886
193044926
79411266
179563496
171893618
48775394
35262413
19945014
116045440
109338305
115741086
91110013
77765599
79168223
82532512
98084524
148012473
81642275
14499685
50263776
173457987
194491525
117496553
44882279
196281196
91112499
5349197
14787682
82503953
31656710
152374793
53524108
34464904
73749567
190752909
133872537
189802230
135269553
173221287
70378812
47202492
89212189
192516726
116042817
51617729
165242723
194809185
10677665
187598085
166329462
77765579
134384201
191373738
183546551
190167744
31677720
160307268
26070546
72092624
109340513
47202802
52317590
59548968
51618306
45150662
71076469
10811500
2901653
188623542
71508223
109319925
74430655
169306273
180319142
180318837
153036953
4616949
194083124
14178642
8337232
7406955
91605550
136875513
68518366
192586658
23941076
56205153
44865925
107443223
181238015
165025857
161028439
74896637
68529655
123547156
90526127
123546612
180319196
190607158
205387283
44638595
113066657
144617158
165025855
47378682
169305743
169305655
50560171
82886016
192580353
76749459
106990236
171734063
13850165
180604778
117495873
143861464
88039633
77765584
160308151
70666282
56253529
199646332
48059705
164695226
58022918
123509786
15117034
68512717
170126087
135008763
171891460
55245593
109258139
90679441
93142494
157086516
161538970
113474326
70209622
149270740
169305240
169305365
56743168
39305754
82514164
25685425
189685628
190152916
70242523
74255658
136873339
139450504
161539809
113474432
197219102
134625530
77765569
180318721
147750675
81136373
106990367
116043926
174238831
186163070
194811656
109337271
192990362
53899534
190109459
91113694
97344879
22989940
50374425
192890390
180319171
116044415
98084789
170542603
152185097
148885591
48843452
92464773
172482098
57661665
193055665
169306391
23003252
165243178
165038773
6737057
191424230
81571585
28926108
169306367
116043350
23948239
174523021
92462976
164695088
80847843
173764330
77765563
2122021
2783471
116044216
91769669
71980331
42356047
51617282
99206609
166329427
174013842
135269572
91112180
88738358
179944617
191907028
75796837
77638483
147112632
140780231
53981951
153064714
152376971
29115343
109280620
30752350
195103633
159818862
81620796
160307264
111873543
126039085
49263564
51518050
59257796
45802118
85964526
140786124
48113597
45471115
82689867
48100041
152366971
192565605
62357621
139450509
180604727
7441007
164695171
151764567
195756623
109325669
197241493
170678577
23448491
41435344
125813371
192565192
114644581
125010571
88813901
73324984
82642242
193858731
77093451
180604791
196781251
68240592
51355240
188963977
205239728
55584467
116045286
135288048
148012565
63064631
115826665
7287759
159819107
58804348
78920091
36015039
169305789
123546667
112135730
116043723
23001498
116042211
89465929
155790981
49650794
198426872
152375157
81639748
194810876
16339035
16342173
142576594
170423698
138901274
88003347
70209781
36302363
169305610
169305683
135398288
70305254
103393298
35355310
195293933
191136549
51117345
53316553
96311809
72904785
39188646
155833288
101578917
73619311
31578620
190517632
190624048
81611041
90660203
170125063
201631610
44898761
192565322
92464498
10677580
88738050
199668082
14499746
122199019
92467728
137951963
92469908
114644565
91111598
140368352
124883005
113674777
169305125
199646170
47202279
116041886
190623524
194810804
10102128
53896845
59432631
190743258
7959496
170423221
89280207
49307844
33608906
197222648
66381007
146489822
123547189
26420985
191756973
180319072
23411586
169306167
52846460
46117608
201630405
24005212
139142525
192565928
9723032
192565354
142905131
188541681
194816030
116574730
134625521
91590610
188623161
149633055
13557967
169305728
38192581
169305169
52133778
113171808
7959521
123509657
166329454
88738224
114644591
92469448
166329410
54365550
71076581
116045218
6013813
27731623
123547203
192565873
169305782
199646249
206231399
103290345
192565461
158790540
59337515
41026749
140183984
20601131
10018529
92469944
174014021
166329490
191906951
145031327
17948428
179793889
55099882
100542612
91110148
71076838
49307425
49301783
81484463
90332471
3055331
70209753
35129313
44867018
192565133
5918849
175795447
51117861
113464511
174629043
11225087
174014095
96702578
190517517
5918817
177611128
115708096
165855008
77765578
101861981
49643213
116042793
156300528
199646050
52429284
8934892
198458177
192565494
71059487
33608930
192858428
73722844
129267202
192859470
14884025
91403992
81646152
195238294
8835510
191421493
45711112
123546503
44885024
8142381
169304979
169305554
169305356
180318627
2524705
43768121
191309589
47059310
77765588
152367258
123509597
72577452
193279109
192565688
193710196
164814766
81640751
194810700
188784886
96132973
160307439
174014458
117496131
29115730
80960427
100542599
10117371
91767541
68516575
10070016
196781469
163647655
79193255
15588939
181786296
116042971
81137281
28959227
49565328
51617317
116042725
7253257
45713055
191952131
160306490
23043985
180851705
74329581
184634725
179793861
36302389
155313576
174014236
149231799
1013755
55130185
94840401
169642512
109090819
56654938
96133031
174014332
197377025
73241996
98084538
38191322
123546933
175547143
46836795
23935227
192565145
202519704
1579883
189190915
191309864
148012733
165146027
52075471
187152648
188452944
194595640
109246764
176751383
161451069
109662073
134626345
192302896
172919749
192298453
100542039
170736483
174013654
16257468
186860130
166329414
174014472
91474205
77765596
70209669
120360920
46642690
68240862
195713881
202345062
51659485
156300666
191757003
186142357
23420033
48142301
193281554
191951070
181502678
134625813
136045525
115710594
100536761
33608910
7253435
164814656
42789806
193971009
137181111
169685565
190630772
134625656
189176174
196781341
196781183
49366364
42558478
4403285
68577473
10694709
169305717
183545631
167010734
157179578
77751704
23946150
43768336
132955996
159440606
148720762
197150653
50586118
166329416
190153052
5918837
198188118
190600522
40499217
96130816
57636158
192712242
159819270
180715369
166329422
125599959
91109062
76748964
195104467
6306775
36413683
169305729
183545784
116043985
183545359
42749410
92144838
40283160
23420185
77638297
38126382
81549908
167010736
181500502
190741191
10604238
195520335
91405401
11245907
101236865
146489670
129707528
48269336
115799036
10671762
96132032
167468913
81317314
33127959
179793894
173221025
8059947
35953316
207337073
49301785
169306305
52133711
193888829
48099755
3241909
169305802
187604938
49100322
178043698
52134818
48594261
44865911
191309734
203472262
201123200
20425222
123509580
17052328
201853325
100532108
89280250
132817433
48109350
100542657
170997632
139451176
153610999
21676302
174628992
80698915
44002228
54356498
193976454
190106377
114626009
91106110
68516456
50725470
70666206
197372279
76004132
184886294
116043792
7263907
191352896
174013598
102261779
169305347
167010797
87960116
23000456
4403281
202329771
201034725
45124787
149353230
180715378
14499651
21974467
174014224
189796116
179794014
186262354
173761505
58136467
155439058
50494837
80697384
97867312
160307355
174014084
116042872
70666157
75064670
94230194
23411034
22884170
107099828
4403259
169305678
116043760
142671580
51617381
174237116
88791296
82880359
116042761
190606301
142570646
198458149
70209637
123509594
165251334
203842543
195238277
54055929
140184069
179793834
164814721
174851255
81573690
94231272
180715285
176752268
197574864
179793779
139450228
190752688
84771426
90679637
55546119
68514338
23050688
160307406
97613913
160307840
70666615
77633311
31601674
5361773
11992414
116043113
181786306
116044803
205823048
77158103
157978457
169306325
47391179
7959531
56452917
108432501
147100959
22885268
23420183
82513961
52073048
169305531
160307187
113189866
21480351
45292605
7249053
23447994
123509586
202891696
151626365
165244094
196197202
197157523
33608839
139450052
164695095
20151714
190558287
164217729
6734531
180715371
13644139
164582977
81319294
6735979
190454460
68528205
68607131
171292885
91605338
197375283
169305921
55659778
198431136
199646396
169305311
191309595
169305582
177478295
198426934
174221864
190167371
86249778
19478830
20867961
140782848
44885069
45125012
172438919
116043005
81138939
49369680
156300617
192565880
205239736
109335580
28337987
195277167
164814700
192415087
92467597
92461718
42874712
66367864
134943064
91406755
16874385
135269075
33608787
8818594
96136674
84769178
81643345
142780130
63188710
190085376
166329485
167470068
190517027
196781328
68539333
110003660
197856542
22980550
173636537
148012508
191309630
170125557
72657723
53921538
22990608
44872639
52347365
192156141
22885113
59409654
22886072
116042447
116042908
200677855
152105156
92468608
159819110
164814698
72460775
135270066
150387475
129061709
14499645
166329420
179793773
101236836
195104420
109592640
50377499
147778571
164814775
191144333
44456228
81317986
109291895
82245683
31643613
153611752
197234742
182783135
193550801
94801739
179793784
177595721
190460261
91534778
54055931
2803829
4403301
49369823
114644584
166329467
36300659
143503586
120355020
114626026
70209773
199709898
197780832
191423119
123546901
123546465
123546475
169305170
123546367
23420181
3242219
35324073
2800831
116041867
23419974
169306381
81452420
169305106
116043635
176688267
72010202
75380793
23442530
23412104
89459848
45150244
116043565
52089599
98121941
143492959
148841577
17510358
28184149
152370321
201155436
81644677
51061919
123509814
152104931
166329444
100548749
24794056
33608801
134625789
66546377
188991192
6734235
16336145
66387948
88059609
111873541
149396602
66370461
174013833
100542655
159819876
44014654
191149003
170407591
7253439
46261300
175146818
134625580
204949606
43337529
52268306
164814873
92463987
53709142
89153398
68516153
165210391
195104441
92461129
137127152
79008812
7975237
116044360
195111495
169305593
123546718
4403265
38191660
82513984
198431269
22884462
23446925
43342616
194033608
178313351
116045203
116045564
70225158
116045023
1580753
49369625
169305260
169305422
169305787
198426964
177477967
141320669
116042442
49867503
84908970
202340461
205493580
204438786
192565446
170524360
165250896
198455722
159819774
107668893
188897453
177610618
41061817
164814709
2122055
174013447
174104961
91616617
46188920
89984654
15173886
81676118
74759843
21678083
164814838
54365604
167938210
13635619
154152982
82245276
195104421
192714586
1013753
129061210
191144621
190628534
179793705
6765663
91114006
68541168
123968035
116044935
177223493
150001434
116044749
66370468
69751553
96236157
11240175
169306094
196282988
169305644
123547167
123547143
191309612
116043109
123546671
169306337
169305131
205239984
123546514
190791109
102261584
192512569
174238259
169305332
68518860
147113310
52073306
103457423
74598634
73619048
51618442
85545069
42925002
23442969
116044451
116042459
82382989
42255152
201251644
44885036
116043714
73186805
22980501
116043348
191309616
129061262
16872677
174522772
192713834
70242353
194524270
82184776
1024262
109224115
162584981
14499792
81986577
19732450
30753305
173760533
92472044
79129363
9472125
109243972
164814717
159819382
195104458
190619015
173968565
190354681
37867111
182774045
11240589
174523399
70242555
120355044
89153370
173457883
196762347
195104434
70667342
174013885
76781097
3646979
169305562
42842880
192565549
98179007
184084536
195912023
177642919
169305854
68518895
44885056
52078664
81647564
73619560
