199142753
2854757
53973310
51041277
59506822
113957423
115971260
78913376
155925399
73200748
15662471
4142447
27813965
81314457
72562875
51041306
51041275
58277317
195773697
53973500
56706732
169577869
74234330
9734335
686750
74860906
647383
165588816
44028128
111885604
52893094
184475930
169191219
65011722
9850680
155925409
107348050
70691829
12115034
51041261
53976870
53977285
51041253
58009763
44603799
59217491
134623563
63449725
206229521
73370326
9791116
82831636
9856114
43821400
58563203
57924258
56531199
58047425
74008314
184417199
10992370
13771102
111145123
14404569
130061686
73992376
66611538
123512014
13465726
2752195
9790903
53990634
46021671
9729119
176224259
9777891
46423634
59461072
57752024
58115867
171254138
31139636
32589534
72703063
193631946
55136089
58049545
12115327
3966015
107393796
73989203
178314923
71516022
110978903
42876022
9731090
51830289
66529968
182804572
59383817
35360436
194432931
13619700
1812555
51318595
59430380
147782537
78885777
54878923
1038242
13414795
45850777
3722373
45290088
7860547
51531432
78946345
43332141
16053327
59423944
41420250
43817293
10867571
42700970
32138228
178030863
42494116
172651216
11498624
148824326
135552985
176472975
82942612
130084138
137753311
179781740
123512018
157526123
51528472
1734915
181451474
164339173
73497372
77970110
148824328
145225010
169191227
63962682
182123244
5549049
15318167
51284951
51663731
13402787
152025866
3045509
52861923
9727420
74954946
59383916
67991066
42877388
10683637
41418337
59453711
180039144
167232977
13448587
180575806
46421844
162515998
162031719
112887210
162031708
186069352
55136347
63213891
198357198
186638903
186638895
40842141
63259611
66528796
141009799
77545488
113958913
16451696
59470436
72604465
80933783
50350146
10130839
25123004
81318056
58124591
44032664
100207134
44180498
13465032
13885854
28347722
44180295
475693
173122963
95011377
146370563
112865955
192729670
196960790
51041230
113048118
193774002
171561953
111702889
77976377
150932312
125528283
62219309
31688861
12726951
59435343
159730187
63138618
190623745
192411210
129347702
178507265
87358887
13630030
173296896
180526270
59197827
45972422
74172795
111924932
73754996
20239110
108757167
717367
2792001
45289370
111145190
177488107
164339296
164283671
91604825
157713884
146620759
1734923
8460848
63577716
66123887
66174445
176473440
102070516
152564355
8061505
3245291
152025632
53707846
13630009
76418435
51962360
2813429
12114573
3899543
42351003
2817699
13376485
1892977
95180851
193773834
74008664
56269460
46426315
168465114
15891409
56383050
13462821
11253430
107708777
144226401
59453969
182097187
2777007
33288809
164339279
46158447
16736778
163574150
9362697
155224541
48288576
76418098
14075868
193773814
114956848
11336478
173946836
79411031
57682824
13461040
81290997
49047291
185226828
115916031
58049412
173002304
1380221
112068705
168802754
162361392
58047528
79582066
35957403
193773849
187280623
146735043
147782533
57683986
15622034
54101095
172851717
20206698
17884235
59468415
193773822
193773832
74173109
13446270
59469347
186638899
5164387
85272993
13449548
164339316
178312721
107530440
1967995
21433575
9850682
54159912
193773828
193773836
167208524
129766324
1001036
38431825
187657850
1792041
13573178
68521913
178313122
44180454
59453789
78950742
134364064
9848322
13461255
14791296
113959506
19744229
13302505
193715441
71520677
59466518
169191215
79245524
148824332
147782566
21752340
158211124
130084134
59171869
56694713
3915085
53978251
163573877
13331596
50132806
43667965
58329176
58969501
165590374
127654466
147782522
59424360
85668665
129754460
51829990
176463533
13623760
13329772
52339886
20559892
72656351
58257035
155218464
1792035
59467974
83341279
146266900
56532361
191421883
129347368
145094008
10769671
184475913
48192183
178030036
130062141
73994810
148051907
122909027
85668763
181407756
52891081
155282787
107407481
13304522
10118226
189938684
146728842
107761837
114050213
150145253
127664537
84594233
1385505
112074148
155769287
10719060
15891837
52146570
58049510
32928459
53977465
12039865
66604122
844187
15891633
845428
58901480
164358589
109487942
180575818
168843830
162500716
4898383
4190945
78635058
53980061
132044568
90574708
845448
1409321
148806742
88798525
63279314
74644889
53974059
169191223
35233450
98087887
94936918
686744
13446755
185449163
56902796
114595314
113717542
182482770
59418005
59443276
176731616
183701107
186638906
87847166
32200288
167426101
186638896
157076797
108924005
157713880
186069360
59491112
53954452
78982606
79565477
59076020
134628062
13759417
169191221
13461202
72563548
72587211
66394678
54346370
54346367
184475904
51835172
167426112
79667840
112724803
141009900
50349824
26738393
55354152
152468616
767435
3905837
13794059
1000800
184077110
94072852
192452481
19807265
51041240
182830485
40819695
16413626
77563234
16465563
172857400
59460468
3920517
183338350
80607682
197798430
33722509
25901724
185449119
13572697
181256083
66598528
34279848
46825546
160898202
178511944
8059665
74627730
3899143
4541091
123654769
73492966
158775169
53988748
87649351
55620209
134625267
162361390
59489303
4898407
1692135
66609998
60868881
58971830
73581349
43817421
193773824
988946
63448475
79572598
32928436
192411156
77659697
177699601
122604581
767440
178312895
13331728
36758424
110979275
160551028
16393150
13630093
193773830
193773817
13573119
59489270
95479223
4898369
88736972
80968759
20206467
58329562
74684872
58046576
74255809
154029153
160824400
159730191
110979557
195106545
114823703
98635430
4898361
59468066
129346979
169191216
73732276
144278181
63450938
13333477
52858040
13403369
112069157
36652001
107393881
59522726
81159284
7436949
63964407
13443032
146490790
12106335
159730193
13327337
110979025
74629168
13403800
66591120
59483528
73746047
165600195
9848276
43944707
54346363
66114903
182547781
102070500
59467549
88737010
172828932
51041245
130392781
52393287
19831629
71518463
50483842
58068284
184779607
7168891
46054347
79731381
7168935
458326
51041308
9848284
72665740
184792210
116058320
66207179
56953961
193773826
59180542
13619815
51041249
193773820
15408068
45311431
74009110
130775989
15891670
161249049
5200617
120450840
19731197
41342565
74853411
181485654
156732378
22434506
13623645
8061519
90708896
13368779
3900491
2781709
172907871
13589908
13329548
179549010
66236490
186069362
164339216
67985326
72136653
29285586
154125304
51715452
193716937
3554823
124147136
3901197
84253831
57998212
196468318
3898387
147254460
66593027
13403838
6454421
59430128
72139663
143701511
68025108
119363157
17455488
73731649
51518044
13304298
98600847
1038198
53973989
58796386
74625253
164339143
29285803
186638901
173891012
10379606
12036553
147782535
193773816
178027149
110978808
193773838
1371931
146266882
165109928
15891577
10777618
53977078
197856508
50385671
185568658
15890491
59468917
183701081
54346454
74443893
180736607
105935402
184775612
69077765
74209498
51527713
126796894
66531254
59483700
1038238
122526060
53616033
2076893
17627212
12054324
99189058
1038236
85623570
13376412
172822054
167382667
73934636
49883492
78635311
114210604
35428084
59180531
154400953
7185317
45301453
185713594
7169079
86035865
185449061
88910688
46005637
73939701
114209621
157316575
63564850
186066826
60855333
168268809
155218574
2268625
57037063
137753313
87882257
13792655
113508934
91071936
180528099
114612839
52144419
185713504
17887843
114245590
73754955
163297651
48540133
59423155
12053212
68431565
20240206
73738250
88737052
58047660
129309655
74826140
58311568
10992020
77706349
82023997
15890932
13447359
767489
1383079
102070507
66397118
58036723
52401541
42551201
108616172
12237207
167382662
66204129
78635283
51041250
110978765
9848280
75510887
12052790
56927402
66611211
15682093
91442593
129347142
66234206
59424003
97091524
58256836
582749
100118918
63269651
21244518
84574205
163573869
81319726
173019991
159730189
63216369
147782554
2775543
116681249
147477225
51041232
192844154
102629381
164423729
9996914
174017691
32928434
1792013
1734919
74853790
1734979
10781838
4898375
84910660
129748832
193773847
168463171
58407851
7095707
58059223
154228067
151905664
66226875
1692159
74403984
77742801
100018204
49940843
149044653
4898413
10713375
12614664
144641482
16652917
20061812
32140221
35266513
59487775
72009313
73193454
130084136
63452016
66609601
58329548
59488915
87044303
111645001
20817916
458330
110979602
12053369
120450881
54346494
15470305
162844441
73985782
162031745
50090485
142872630
54346436
70536722
7168963
72456368
70947335
45303244
35147291
99154966
74854002
59466557
128675390
9848332
1792015
54346382
76544890
10323945
75753489
56252282
186069358
112105528
42230143
143062358
51041293
147782515
191138104
95060535
168464901
59429946
7168697
149460231
91325207
58297381
130393025
25922008
147782548
31698698
48252452
529202
176467233
113289588
1792053
1734975
56273245
1015598
475383
1046654
8061531
79781499
178511799
177780687
57461503
146931520
14860504
22372058
56536537
62210516
129347323
157076795
16062677
181120042
159915677
147782564
13930754
180992513
1323361
130392617
5900381
190757888
13376930
196468319
13781435
147782513
50467387
59490120
72738311
141010060
63626604
129347495
68415311
188847057
2804501
52329642
51722866
31847484
13795071
143701518
95180943
63554580
60025441
51724437
71519123
58364191
40412767
34570163
57455372
163574136
59467920
95180840
173426064
15891110
196468316
13306917
50745125
2217343
183701110
180527411
160315422
82503145
88736871
2643445
59506105
181171046
3491069
87886900
16868824
178029679
54346440
90574751
619808
129347634
186493506
1323333
175904516
156732372
52590079
85668282
2752171
51578296
845468
36530088
141009975
158348977
2212347
106318936
171196856
145288604
82503807
78635068
2763385
58328476
113103170
8266299
26057945
170060637
52344011
195461987
170779445
13403744
48305308
76277733
71202118
178507302
51715617
74009005
13375548
3052169
9824120
190513044
121244054
80481700
12383290
766106
2796635
194041215
22383618
59443642
2172573
164339303
50818740
196233934
51668503
178507294
644052
58115333
59467881
14171123
59430997
184475923
144584821
2808703
110465849
138460502
72139563
129347564
147782567
163574034
13798643
14301319
105795196
2304319
58063486
68083651
9346857
51041269
11873367
206123470
52229349
204957844
168267743
184079606
63987048
77756564
9848489
114444357
484327
198884167
10831199
68083992
88084953
2192131
1813241
190582258
1692191
2067769
19550804
183701077
109347918
7934952
180250361
114050426
58064652
12052945
172853526
78940858
66591878
12052575
96989191
161238358
458744
9791326
72587858
13333782
8059605
88736859
129347361
198515583
90597781
197638972
151797970
56250856
171602733
8059531
58439345
2341213
58035707
158349362
158775175
186069350
188785959
13330227
147782532
32141841
13402578
183735956
197798428
25922080
88736998
113529608
2036275
74458204
58564863
100003097
7169041
172800572
193774000
57751131
164339251
66170154
35933311
8459808
172581930
11190477
13957915
67989905
130326720
74152897
147710040
181121979
21007914
175811371
2266023
3045429
58794235
15891495
10387243
73499542
113095517
2396127
14260991
197172040
185713502
180576340
122532174
71203511
51724361
91325216
53973471
88228271
170432544
46114482
75946735
11856517
188837587
4898355
20706860
12052782
74173278
105795067
77280953
172816498
189938415
65569533
172835898
8557331
1038244
192560500
766016
82503405
46158435
77239753
158349052
70528293
5023705
152950774
177690235
90574720
7169095
26145034
72323456
50745139
8148117
138323469
120534610
48539857
55120977
172918933
172857282
59506285
54346344
180992538
66598477
192706522
138345304
1001098
3490337
71509074
173196251
1792021
84574421
2364815
51517765
196446591
2642559
45470912
170160739
74829764
197628543
77199634
55135551
49882760
88736849
53977619
105795130
164338272
59505722
139061883
130392703
2288019
84913684
105795117
48168433
181232971
66604569
194034389
77280898
121490275
54346510
114567347
110979316
59424082
54346365
58134972
52141455
31698428
79667904
57508109
529049
196468322
82503619
13675117
110978824
42225918
181197474
178030595
180992651
74572245
58115638
130392925
66108485
54346372
1038234
120534532
88911220
110978828
72903690
158003663
57995349
20241967
51341116
57751961
15817642
136108526
11979339
11880790
10160804
68083980
66124862
66171329
168837874
37965092
15891463
1692139
51376028
58373562
75062446
16650488
109787984
110978998
53977671
51724421
58293393
129347327
84090764
88075261
45287995
84195597
93299766
147111815
107283262
118881177
57751877
100168740
154406939
511823
16228823
14301327
184475889
73590481
48094686
70680736
75576247
197798432
53993965
716377
459036
53978377
644020
21192080
51349702
72724960
13330350
168232230
160694083
91876245
11856511
155218491
148909765
74622729
34700638
191529587
171537975
17994024
20996871
176531313
8061517
147782519
30936411
81507169
184781467
110979282
130084154
1323341
4898377
68206097
130393369
196456293
2192487
53970077
16287932
107761995
174294442
7863532
2372761
185449072
3722399
9435750
714327
82502936
101938137
45955377
77236689
164339232
51529136
107708981
1380271
1000840
77199734
169310767
29284850
1385507
88081266
181119683
100105262
147782560
197798426
180992813
13977044
114049919
13329895
10713289
42098255
175712390
19901285
7169023
50738691
647393
458617
149463665
114051005
56376376
68027503
147109055
107708964
183701098
129347267
130393090
162031080
181217974
25814208
154489086
115977920
44155582
143362764
188838426
88736815
42831798
94136637
88737096
51715125
8557033
145304574
189590390
194039628
2567107
73653209
50818772
88736688
1383069
19731300
181252985
571930
194084513
174858899
73580989
66594567
82832110
110979371
168268094
70600353
174428620
194134188
49202417
77280941
194085220
63290628
191954656
21035039
7168955
20016413
120534509
81437488
59453935
87827196
98135286
68358766
50818750
20840502
194085181
129347357
8059580
8061511
57507198
11339801
178027835
122700599
110979509
51135793
198382049
162588332
1380247
21295086
66530801
163574111
1380227
77280877
185225491
141652548
73940305
56537948
72969314
59399179
57754633
7466285
1409343
137753316
62758417
183058599
77674641
72703286
77742302
19744227
20441229
51722309
184791898
36398608
68561714
78634996
89719033
188214035
114050754
13445052
117969025
113044415
185921290
7185107
7810491
188228527
644349
13894248
167657276
77280867
69077682
149500051
8061513
13328040
146370270
54346462
13888246
147061281
163297630
11992494
173237581
19731205
82503647
82503554
42975948
201146047
1987957
20112631
16102570
164959973
11193289
114050950
178315402
32805316
14014436
73829699
184100933
198357150
162361388
73580429
194421573
193535914
152025403
143701531
21034818
189604634
58294258
138513932
185713538
17890192
155925397
129347582
53976524
154439910
69078265
181210104
147888476
158594762
20281483
155108318
32836629
8682881
205287449
14791310
16451181
163573180
49870569
158349385
150759472
147796030
54346434
127965952
2261289
1963783
72120292
129346949
137677544
130393075
2821539
87890574
120534832
147782527
78907515
83021794
42750480
180992763
193777430
57998225
54404713
50022689
173627724
183038872
181255546
160796164
169191229
129347364
129347363
186143060
189591057
7168975
57508069
46017013
45150482
54346486
77180984
50125951
165590969
178506588
11078544
2856853
110801494
19986822
57750633
2287655
88736984
10582614
84579540
114050654
20644854
189175850
2643429
8460215
203049257
147782511
85006467
50738648
171198374
73765253
158097847
13329703
69764763
180848919
74172632
68424628
146783766
66522930
66117653
192710503
10683669
51721220
202561354
644032
57047470
197227797
74037690
157028655
168268718
53968689
13441115
105795035
2643509
77280891
196233428
36843369
63468792
101935392
46114463
63249782
44303646
154029504
102394016
13121129
204282685
191805680
98102365
68083990
70601117
113476034
185713501
157076798
1409395
175810468
107708878
130393003
12104565
146492341
194033390
176533162
73590665
458949
45321028
51532357
197243196
110979151
91565867
70570394
119363143
21434072
51041267
12510971
91296741
7168847
82503842
31603008
68362255
11632905
16654170
73995215
3004569
54696056
458325
148908372
197605098
192561046
115669063
74760533
147782549
15317994
180992509
54346460
26616387
122437794
17887807
59422984
6783133
45440660
107708846
43013461
147020685
8259201
11364348
14311159
68083695
890543
171602242
55844296
9731188
20953127
113141058
120539089
11591693
174317115
111579637
149411972
114541456
153814630
63132455
35326917
81403263
129347736
129347266
175809747
8069323
82503209
206127045
68109234
67808311
51041285
199896811
74385261
42926109
110979314
145494268
204282681
88736788
59518121
79667874
158093979
26638352
79636000
113039992
8998527
130393462
48174003
79667882
10683661
29266975
143701554
48255340
150739281
51653583
111850181
180254893
63808435
85002085
176731287
3102359
120534397
58512087
8059462
105795133
26704473
158594764
19710341
9848416
8059661
8059669
20705402
202891630
147782526
37865817
22625465
59450462
194316846
59115509
56533204
130324818
38454302
116143519
88736802
168467727
13781484
54346400
181517141
59486832
74027101
84574096
129347231
59471057
176463809
45159901
11873518
75434984
15162554
9777914
111409374
87446745
3004483
989352
58330545
181264761
54346473
117370391
190506864
155055301
11632895
10777613
129347082
170057407
63135651
89069934
25964603
3045329
2690551
59467766
89146369
458239
15890889
53989691
180524390
113491092
111609256
88085476
51464046
91121630
199999107
20621370
868809
66604356
88737032
114050634
185713573
199170353
177780685
198356555
73577393
184830174
192411195
129347713
53979460
5418065
197746857
182126262
13856246
109813192
171198647
88910584
88737002
767434
11188135
2078689
204761883
112190239
3004485
59471580
109792177
67254348
64000756
2341289
19568600
105795149
57792464
168467806
130392819
192560728
129347513
129346963
1734927
511489
51518399
2632603
134281279
147063484
81513222
63648522
74209471
