194114664
180323823
82961659
193710376
59506779
74003778
63145867
74344392
52240877
43543659
68645604
186304442
167143564
58990488
183112741
196600957
46490330
192230457
93212451
197798398
169111515
73989137
28744077
56125548
73988252
171148168
189180290
74003235
71027758
108892763
179912338
146383320
68627406
41231757
164837943
26738046
165270083
56842769
193640241
40971900
162593248
90519531
152690559
165274724
141956069
186654590
108382671
114254392
144605486
151820475
176552389
192287977
196600831
190540633
29809200
190666944
189168849
138112772
43140148
194524947
147969549
156539384
101720850
195233069
134512010
3521505
179919498
195232655
119418692
57894543
98070820
73984369
165260649
92157736
67604811
187555569
162592343
73154565
204134420
200930070
193614748
190224022
115418404
179912273
144600583
195232791
134509416
95013392
77094054
195840987
66573339
41379161
90670189
192705235
64468998
37489504
73505003
36573128
125099339
172690535
134253037
112083878
198227285
118199819
181562363
183787439
89894103
193617276
135719381
39303812
128269087
129368444
108892429
148935410
105523746
193721658
75231671
195950055
177078594
41805495
146235133
184315502
165272323
189735302
190539098
73476846
132782049
134320665
195232851
148935522
25700721
193639654
177971309
179911970
195232899
179919759
185920524
179775622
116123223
195232818
145249266
179775636
196954305
51106371
129436031
93232799
165280544
165283574
165273172
181807996
154493309
37229704
186654540
61278528
51132817
11799165
93269077
79855569
195232747
179911875
183787578
148985454
54948112
192979120
171150047
150864269
110671622
132781826
138661710
189739578
107855025
176443101
132300877
151822742
186278826
26227374
107576874
117679142
181810238
165272983
165707329
114253228
193539394
200930289
145250980
61281717
92858973
67067470
179912149
187879777
184417328
184081131
196879653
142777152
182851358
150863663
96538042
142777710
135394341
144600529
174473502
108884206
189735398
73992156
154989210
138662070
145569439
150651745
174533829
190680747
95013477
98069554
93142333
174315001
195891024
105522235
145248795
91549956
67066961
27525633
127379023
172836238
91833129
108892287
164963897
22896307
183039865
161452178
14368129
121024817
148932524
115644022
115769916
92714065
172920829
115770371
147971769
175469077
77589958
155024071
119392231
191654337
76222994
24755746
132300278
132299637
77589978
148932554
161343861
191374261
134513288
192411826
182793376
195989917
25298250
190662770
101718191
101708434
171054991
133575362
119418767
175469316
186195808
67069460
191576253
190664256
114255292
192713675
137542814
184905747
138333884
182787257
76067114
95055451
32202607
108892419
66810840
175469236
176050003
175469363
95860721
191440282
110672149
192398695
186364574
98217609
74347149
172905137
127379514
98267642
92505814
175469573
77589969
122387399
175470071
175469247
161386083
42218022
195232962
121651536
175469025
92712384
132300538
161386092
134512513
54415295
134441743
172833632
137249707
174361223
25299585
82024508
192374102
175469933
167147370
76063931
192643040
123834305
192937948
68581620
76262141
190662861
137159681
190666788
108756791
68876031
138463687
87676255
23213337
139992298
132299397
139626690
172905581
132300008
90664838
110110585
92716237
56319222
108893123
115715156
119389973
192339290
79967481
198211002
175469150
175469444
95013506
194077865
79855289
132300756
112716977
85886319
173205827
140790095
92863727
176050754
15400091
190663312
138661358
165269287
110672080
132300029
165271058
191374188
160446112
92752443
76478749
7274803
140780191
187551123
138661785
179775548
184801346
190662463
50735122
101702262
145248819
176045964
195866533
138661860
175466924
148055672
139626820
140476229
74363157
68492704
147914641
148994474
85827673
132300703
149642350
137249726
34954115
164361494
25106184
179714145
149458890
132299875
87704025
192124298
127379992
172691391
175469463
76267112
86882426
173424676
174039457
181500290
169129776
53256855
177078886
76218553
192670290
140978533
93269080
184054024
127380264
132344501
137375074
195990475
72903663
179745375
79855482
191374177
89880854
192706131
172689936
175469138
171150445
196877679
191433750
204068696
16205515
110671907
165706260
175469510
132299719
24266159
165265996
101722029
195990619
195238794
97851338
59163696
68297944
143174524
161238919
181500310
96036309
173386794
179715524
175470035
195866030
179397433
109853076
50493445
71506805
173673012
192689027
132299769
171873884
142778219
192339638
172584279
73212527
203184952
175469588
171477058
204121791
149268083
188692126
186654558
72519509
75971047
172690320
188940906
189735444
193126744
173196227
110673304
132299315
143217134
192339512
136008233
165281709
155356660
192937741
179912115
196356840
172343940
143233476
151820150
165267619
110699426
141060764
92995139
191373803
195866229
204125332
141060739
196800493
24489396
95056471
53503574
149153555
132300724
174550704
179918698
133864745
155985268
165269580
190663174
51519539
184315474
192137726
25107170
172691107
51413591
83193759
140783676
43367542
20554088
202041897
66569461
149153632
137255351
92737586
37133753
147438361
124088101
148616405
175470069
184831675
19696031
132300190
177078317
144570533
172691195
172905682
179425228
134252845
129942287
149180309
193721734
151819605
103323249
55831653
79608514
165257783
181500343
194407046
79855444
123841866
181695417
121983165
165261234
88085820
139626587
148033761
174417050
149153227
183785585
117531476
175468997
148932451
192139481
185496195
204127078
75664574
165281013
203186067
195991257
147970720
179916504
48601574
105524509
149153502
43975048
141060761
172690011
179711858
178583137
176946354
127379313
40798175
51133363
127380121
193721513
149153829
175469044
178566652
94055293
74403813
169448716
160837890
24271322
175469644
165708873
137518073
179920880
162215790
204123622
191502770
95013416
151819351
122581005
106305844
199695642
173548848
188305092
176721666
196829952
99855441
186818165
134512287
169048207
128269275
192472484
56649243
132080054
179509172
165274444
91071694
117316118
165275754
149311996
38213720
155277838
101702343
195238795
179918497
133865072
52129594
156958014
202223068
184763316
195990406
196186969
194042458
132299612
179775535
136153222
181810212
88085793
16729137
115414539
148063705
14064692
183557276
86052573
170110746
105750993
179743731
156641616
141060415
123968101
149180918
149334321
132300198
138488226
167498045
114255206
149272245
171142354
138661779
92981300
199975135
165269057
171871476
51064749
25300828
110671521
133864113
59358723
149173946
204121099
150529453
195991543
184054546
171142505
132300222
132300831
103329594
193152237
110675674
179775596
187875831
172978811
160446161
142352348
142778251
87656569
15405796
132299401
196179898
132300718
87675269
76065064
127378972
173254181
105712518
181695433
39376029
141060245
115769483
165277598
110672205
102723743
173385705
92872982
147575808
180105282
56047993
115715553
152464700
111233449
110699494
178566615
4076119
161652531
198208116
194407095
196319282
198258299
173252621
195526060
165280929
176153365
71543788
140128239
169554916
50444111
92903601
133773379
180299016
110676377
99457789
181695575
151819463
176946252
117109816
201768146
145396365
92699254
139054406
187955350
165273348
136008284
189735309
83783450
160446150
183036736
57784090
99699113
24476995
195989790
93040287
173238852
177079546
175549222
193640304
169091920
93137454
161343860
154994866
172585439
71030165
149189048
142273325
134253185
143179359
171148843
53468659
67178566
196829357
171141982
198211718
127379183
140786768
165261441
196159235
102425324
195865716
110675246
29168124
202223160
117315934
91515609
91513605
153945406
102425041
129942144
177568577
127379828
183078286
165280827
149460286
118125544
165279234
119415586
59350506
172689485
127379685
44936381
113184339
181695570
173883251
149189016
132300595
172691242
174508868
155375682
183787460
136151690
196387905
172690095
181448880
98689937
116687574
202242240
199139937
143233375
173236708
192033590
129943006
203230365
190667533
116958889
179775578
204124048
138872526
171133268
165280427
181488092
155552708
138661354
84761912
179920381
134508863
179916577
199053264
173386040
171438632
10233812
181695429
190096087
141060083
171141952
198214294
151820647
196179957
173536546
189703054
165280188
86052448
126081248
202223339
155277878
93129076
191373854
7626040
182755866
198223893
198229126
22896356
98962065
26678162
203925584
161973955
155503390
138662168
199697668
127303477
43130729
142134935
189960115
121692036
181413168
43367527
175086626
2107353
198784954
102425170
193669831
198203598
181695440
181695460
202223290
133576382
184315492
89881661
167478945
162371513
124088024
198211862
92781095
155984299
145248672
69908808
192316385
93143204
165279558
165276854
176217072
146651234
32862767
155100410
149184387
109786935
56884017
195866157
37679004
199697560
54654068
47221091
122800956
143178884
195999522
185496514
97745817
177777265
192333553
127688854
132299867
15080618
71882392
160446118
194411670
192670218
197601723
68745648
106234662
56321342
110671532
86054000
143232755
155699063
79608902
161974497
199694315
42224709
199053239
77765633
92764446
132300227
117530887
155984726
91337571
105369961
138661431
173186043
93251898
204068578
189337711
145142894
42888324
103512013
79855778
15240349
43367462
204123713
123842390
108382652
107583688
48079770
94329700
132300500
117530431
23098088
190669362
160446136
29168138
177287643
179916547
179918004
165277329
171876748
70805614
127380098
202507767
193988676
140776669
192365268
151821927
186654612
117531256
151817560
190221180
141955217
184054293
52042691
91818473
171592249
196180682
57173603
132299292
202176495
150651410
173533537
196357112
61278556
165277539
125648604
86053189
177591975
162220259
181501621
165278456
183052432
201437264
191288106
129942527
127379106
120493820
165283122
148935432
165157813
140783853
179918116
193613912
110672372
179775559
149273294
169136690
160504877
134511570
202223219
117531160
93214711
137176325
98164305
123841701
155984491
184054463
51575015
124246126
110699451
97748557
149268979
153894775
160084891
145378659
93072552
145141140
50106594
54043327
155549279
110671774
179917936
41526360
172585913
198194446
198224187
116958940
110672340
174631644
174419473
117531642
172690835
189173088
110699370
56004555
173383917
194407227
170768174
195990311
117530427
125099265
132299513
36022493
51081699
41230694
180594905
189337219
8289666
177743412
31701056
156678917
184830571
93067360
137813128
144519732
102432692
90683440
189189286
190635299
198228423
198239848
181695548
34703522
101702266
174506048
160446127
110676313
69851808
165275271
35951254
73332586
198228903
176946142
155630082
117531131
185003785
80973175
84762178
112697555
112998956
193638253
119274188
93219141
93233219
87666125
191820803
103966782
116054420
139626592
100714562
20580364
127379757
176000652
170169903
76827985
127379090
132079541
117531329
23213309
117531184
3503979
190321230
199055728
106234715
76404445
61278538
165262105
179752256
125253076
98689575
110672157
133577237
147969695
145095216
204671658
183930411
193690505
123840958
134510710
140788688
38213557
205223692
153600950
198224024
95315402
178514396
70308894
195433249
38213568
141060589
167529232
145374201
143180559
169876609
162371052
61278536
191004955
176946271
117532413
102144936
109659043
172585177
154991522
195866601
179918905
138677028
200808815
169449350
195989485
179403794
172691258
187579665
68493091
76143058
179510794
192363916
165157880
123842462
149178267
161027102
133576759
172585123
40800237
134510417
199051214
127379236
166608458
105523004
197906908
134513212
98360024
93249635
86052962
177557265
173057753
78888119
185490249
179916795
179916511
141060400
195866714
50883175
177663066
187603932
125725540
127378978
178585933
165261352
165279966
184417523
142351170
98689904
189945093
187599986
105778846
181695449
195866446
53053891
89251308
37914655
38214552
172691215
85967087
134512923
87715005
110675866
155983794
181413070
59342055
89880792
116958723
98540185
141270519
93067785
195986585
172907609
160839921
198031257
202223132
203397105
79212542
153258048
165913708
42739365
61278546
171141503
193723598
181695447
148029023
116958953
129942459
110699350
179916576
179918308
993498
98690124
127379097
151821217
175182654
179775635
162431694
192138219
129942319
92806370
180402949
168645080
55293453
88928889
141060598
149188972
202223305
162168408
142359418
183787500
191288431
149404489
108925449
161632575
53243924
58145222
179917167
141247148
198240341
104721291
92997029
95334279
7999006
162332373
151820983
171142303
197830074
52045294
110673941
99915559
117532917
20860650
132299526
198784492
150538797
72779422
117531342
76358598
171222691
172691562
134511864
172690107
189181484
195950002
202243841
133864537
172691286
132299268
137124211
52635914
176946277
143178944
44063707
42268932
187316489
192472156
51412700
193723499
72878562
140780983
206867724
110671971
152829435
160446225
189943508
109956901
145136764
140775762
165257802
193641709
38387609
183551629
172690982
110673789
110671902
82405941
171138394
145378483
143868225
61278552
61278540
199694665
149459559
167565518
160446107
86053144
144607454
191060433
201897342
141060022
171148604
98360437
172992835
93220124
120494465
199052847
204126530
136141229
144705253
203013234
193993455
75984723
49064755
165012988
110183273
67443404
151822362
147101216
141060233
36952622
203397025
142453076
183081162
146603120
120381459
177466711
155983852
43362348
103329246
193717202
194003787
79608204
140787755
122480682
171148255
141060622
123841266
198030274
194004607
2107289
193929839
61278532
48602733
3521463
122704418
193980737
182144579
193927041
183114429
152347655
122705810
83926017
198261089
44119969
145378386
199050765
198211524
36454109
184649776
125098829
125255628
172584682
26686140
149449562
97766416
123659989
91515303
173628210
162167547
145249397
146603360
90060013
181116445
134510198
117530414
169136378
129943465
181237080
79854941
156654818
93218181
92871845
192290556
54562479
161343908
179916484
103332529
200773978
117530364
90188163
76077720
183283297
38213126
160830653
184762329
160504866
160304428
141060879
118199413
36335813
197906926
202223252
151819443
155629910
149945580
162257553
198377480
171147648
151822114
92650610
42888331
192706310
36718914
181977780
192375782
134512941
120960218
5563325
198203233
138662189
110673900
135627929
55597461
190665338
196471533
172586472
5001311
134512391
51412702
139992192
204123969
204122879
143233899
118797662
110674450
155984450
155692445
112930432
162168690
141795983
74971745
179920855
133575952
34227961
154989269
173385678
205223706
110699386
129944915
158136880
160210250
112999195
110675797
163842795
194023525
143182425
119418940
172429805
162148654
181937125
172689478
123968128
105744887
141060546
185224514
68492937
93936421
92820251
137123909
165280492
201437299
198784919
179919300
147064126
162179236
37495121
141060488
101017623
187605461
101017666
134510110
198258800
179918287
188928162
56509193
198234282
11115222
111232005
179919356
193987680
106234497
165274756
145887519
171516952
165281780
68872005
114253484
59397420
91513849
162218508
92495857
142356986
67678085
69225640
176946147
94084495
176676304
202829545
117531151
192364080
94326240
181695414
114452904
193925292
122224479
184762783
199694098
38213027
145249987
129942620
179916346
176678373
101578369
195822906
117531293
182785191
150537662
35333364
47498134
201437118
88769777
196001484
198324110
189541074
165854953
110699649
91515167
204126388
41432221
179920245
25700747
94084696
192340030
168960383
41345520
171142798
152837891
125649947
193989202
198297526
167858277
36728941
50885510
125385207
202822202
140781268
115323901
101059753
165283197
196013470
72521131
145251821
154709581
206113569
128258510
171146987
53057579
172690659
141060178
29645120
202823732
194504752
191288521
184761574
35224070
129942843
147454329
187582270
193614830
42739310
150529276
61278548
142358014
101017436
129942294
38213792
192368003
191931003
177736836
203184993
116958602
141580716
171142861
86052986
89758130
203236584
179916957
145250908
177273659
154989272
87833542
162371786
118199444
109169796
184084590
139626696
184081956
197748868
154989763
54716020
154697017
84761147
198030704
198218293
193717571
91514492
45099805
103458333
194018202
190458745
121414026
41539383
174506455
192363749
41129796
189702523
56321316
176114265
195482781
116958797
101988441
111551820
146286268
95442964
36353961
101503466
59402190
98074611
52261155
179918284
161619113
172691354
152459830
115715148
176000601
162955030
171138539
50356359
151820551
146602804
117531321
139626821
23098296
193719279
143217268
38214110
143179964
92385513
170273481
117530151
179795434
51116519
93020067
150533151
165268593
165259827
181810167
174631535
66638079
74856020
73608055
147622596
167478487
202826766
190459379
117530619
143234288
122800337
203957149
98629070
175852081
193443344
39148257
177583560
101017835
121362586
95185213
110164581
196537277
128258541
183376020
171511818
77285495
61278530
154721840
38101895
74527665
51993678
160058727
174378688
98689005
117533017
176049465
155983951
45566260
74192109
145379017
90683230
143182060
153600244
134511435
45254200
192472224
154990206
196829566
172586207
190459042
196338334
993494
162952346
47143952
93016581
92888746
165276758
93933618
204678221
178584474
182479457
67068716
198256011
143232935
117530585
171133324
72331478
110123252
110672893
89758926
101360450
162331648
117531669
38214214
168303497
193564127
192472229
184485175
179916793
132294281
172584663
155375094
192459586
48738954
141060250
101022715
121711319
195950033
196888151
200728446
177078669
140780709
113184709
172689533
143181343
171146759
140788029
141060378
162149015
117531366
114397744
180325033
181978042
142349954
112930566
194012545
167474420
172690233
171146740
139626599
101017716
169575527
109878955
112822973
145103401
82961646
195866478
167499606
177078430
138661900
171148110
182988527
202821816
193925706
110672351
194004091
87749077
188939829
181500295
141060394
162165640
143233905
177974995
155629972
91910249
192364649
51448246
117530142
171148253
172691056
162928400
88929043
199635018
141060081
93950494
205073777
125646719
145140370
165281453
137793028
84391988
49249801
179918714
177560602
192472142
153981701
53256664
202826138
193987634
141060242
152817378
162149894
145380092
184688919
155984549
193925800
92494612
97743714
158900985
204126476
119645788
202705517
130080053
117530740
142350691
192313328
53661612
205854206
177663002
204614342
141060478
89758618
151957759
117530212
171150644
178314390
19731860
201568954
196762461
193929862
157589590
144872400
50486184
202511369
145249382
145374864
141060908
179918900
192316654
141060017
206869116
92494543
176946133
91515520
142350943
155984389
143217302
101378340
203841694
