181680878
163882883
164011222
182292261
85086748
124635780
191390806
191391024
67516826
188382147
20526046
67516630
20525777
163031972
126146318
181680790
85255941
162148842
163580450
163032507
99482106
109061178
195162256
188382270
20525982
50460399
20526207
163149118
76538210
99479647
20526886
20525775
109062880
188382394
110999197
54762494
174918897
177624212
51551126
162844085
157822870
163882213
189471125
188382161
140464696
143694820
10827819
10833839
91861046
163581206
20534154
20525786
162817668
186090870
178307431
189642103
23453099
8985720
6643973
176696666
111315071
67294572
176099560
71114262
52344373
74767209
158755633
117184946
176107618
7722886
162526851
14528867
44823165
103974901
67908493
143666661
160291075
89216287
20525859
178514221
10083296
20521761
170351681
197676657
178058484
165784780
147205396
94879865
81824710
55045485
124875393
66611227
7296451
147444252
12109524
127631185
168994241
105953163
196856818
15054744
131579656
73909680
181365686
140462500
134933301
140465453
180397527
28621391
195801442
190153824
111587518
85087603
188428446
111586884
99485224
76270786
94881271
83157426
176698454
196282590
171568072
99480546
51585485
99480407
76163175
107022310
137863363
92403893
198518796
83157004
89678081
153809330
153808273
195827121
199270951
193446513
10104879
188655944
169645714
21436280
171798392
146080432
24470252
20990241
70903617
58889443
85086749
109521975
146611224
28634261
154731032
12238684
196319850
163497845
91929167
90415269
13562822
49009139
32424773
7722878
44003425
94231331
163888596
114843554
114314779
163582097
163896997
76165666
176731624
147742746
75390048
93963063
169510273
107723784
132143960
162169899
147446655
146515246
199519826
107514782
197779741
53228148
105951182
188938735
174828786
81824870
111711262
102109429
182791722
174051163
195778501
14764581
95195714
118803534
105950614
97930524
147442802
130787763
108250838
52777408
140175345
177055613
99478457
116096207
123887066
99485023
90573473
113769576
158755588
75716217
15619041
20574187
197585084
20822115
177485302
197608561
87392508
129424110
159100290
24004714
189658377
181136946
6742693
102107857
54762597
134750203
72639228
129636868
121694611
159018234
153808167
90063534
23014297
163919880
53971076
67022943
116024135
163904210
107453690
54642786
136037285
181786972
177892606
143666418
172309902
131302550
118895371
181256085
113064479
186103460
131032419
168821639
15054654
60231339
131577600
132097555
188382430
154785836
173761335
147447285
111371907
147448259
147448198
147445310
111587907
165783945
182791804
77627439
190522835
188785043
143422540
19702918
105267345
15054816
85490518
87439197
198587220
110151263
54761950
20649601
22365732
85086755
181976761
165787533
184629158
57848851
31209378
132084938
201867714
182134920
58441436
146080534
171798506
171798368
171798854
171798892
51638534
89700858
121410892
121410697
108259105
85086757
7133827
60343372
7722880
163902369
163677493
186263847
48048978
174029817
184437575
53874946
57693544
19550745
183742145
147448127
94023860
118404077
111585466
111664899
147444542
177962569
195162325
104175158
195947291
147446784
147446427
181566777
192394369
131568047
85087388
147732649
100868615
51671558
76468983
52339542
85087452
158790375
111477677
58207164
163903477
85086740
20525986
110181593
162734947
163712959
76240075
189650439
181785318
193334720
180577966
181774585
181680792
85087562
186087710
181097419
94881118
158790287
163905753
186090007
186089084
186104761
20534153
177274778
91860710
73667467
19760171
20521238
121693249
79439122
100489894
194799705
106808609
77626666
163645460
165883014
172191221
182792099
194568510
197676389
188940406
111402612
131498536
176696012
52343026
91281531
68698123
170751657
192547863
99484903
55323623
99486416
66728398
50329449
74755680
99488381
20573904
93205471
171290784
69094665
53708854
30768234
174038624
67516773
81695301
20526199
67022963
149208858
19701519
109419550
20525977
38154884
112099693
83159122
56461355
169748569
91924734
182792103
20534277
163034644
198099698
48564731
104861497
78956945
113919383
20689430
183901382
162714466
163149225
73926312
193769698
99487518
77319050
195947484
82642262
183718179
98825082
158667648
182791137
36344393
166532361
67902340
111586021
150035435
202042015
140643326
147445396
173389612
73622511
68936826
172114388
147446186
182789365
94879445
102485505
111403874
104079795
184628578
37273336
188382101
105110429
153576179
118900403
34546879
42883667
55600246
137643038
182301434
99490097
56948396
74595171
54762350
189472442
107465630
55638549
113065350
110152115
67515689
182605551
160221777
113066078
42876060
114324044
76475423
3058503
44120134
20523858
89840115
134757633
125355106
113064911
11254197
6640843
21242706
23452478
91965098
169192958
78912673
75540188
67027082
140944949
196319797
129458427
171290178
125747715
163549720
121694910
162530652
67590847
174037483
185466170
174044160
57910509
85086930
78562198
94334268
193639503
122069340
116125239
177682477
97255810
78553215
168201460
144132429
19550746
23222322
173476299
172313142
174523111
85086741
132350683
185276060
192886953
172312538
52334356
76500468
170606991
153844709
170498085
104067073
12340157
172067315
138489138
75721837
20574497
51375262
31204512
100165777
198383107
125747788
76158263
159871923
47207912
141959850
166132556
41379713
165678556
197536590
3739537
147448046
103701680
74256054
201862497
113166943
82646137
182971920
91951896
186743939
196319868
163544556
8985722
162838969
154888171
78957115
94879310
54762383
166081880
176608368
20521578
85256106
67734872
196470324
85255932
20525822
89631305
94880054
176537183
160370118
191343507
193525600
94879535
94377441
177279371
26431887
115096373
67908439
108263452
196600052
108255317
137747224
171612831
153408135
160170784
110990989
124863665
176548156
51144277
20526128
164223474
94879854
94881280
94880609
162734400
56456452
14695097
184913927
161253127
108253764
92390145
149480675
169363191
10834102
169621343
169628513
67515641
53721207
164223738
169626424
176727978
176536730
169617467
72672323
150864693
85086751
193347068
177269891
108261944
125355171
174305362
195776333
116096415
76370129
163553548
181254589
169267594
125745506
129035853
196641577
158759972
94879971
94881811
94880057
176100319
169622900
76454576
134702556
186088762
147730173
99666359
165640542
52232659
29939062
87250655
157073219
163436248
6901845
99681867
153470269
182312924
107464962
169647134
172064155
20526108
161253327
94879733
105951200
55667032
82984729
169646126
147444267
94881310
191579780
106606584
169744500
175090279
10833595
174316158
167409562
176695312
167409430
141122215
163712685
76705826
108914501
189785580
20525781
162617092
198367998
176549399
72798904
173359876
20526282
184438289
155218501
72497132
67413596
77626708
67908631
167409263
154726519
94879183
157071716
184795083
125801495
160394599
196350462
176152913
50329317
165070058
1351555
169051826
198349988
85087342
192175331
167025428
91938943
186285725
122069650
147726619
20526007
165852542
174039533
164433156
103702113
193315749
198587795
105363428
94881276
160092722
67516915
167409543
157070798
109060657
105371948
145219981
188657773
160291057
181680789
159880247
172079837
153407433
189591114
76543304
176115705
163703000
94879492
20525612
147740343
134667829
199167402
121320758
165963710
176097791
145423130
67901927
196033255
172304544
36802279
85087026
196686994
3967059
142640322
38542514
140463314
194040292
76165492
147724746
121694475
199165933
163713265
172474926
163877732
164225189
109347254
198028313
67516272
26313251
155217933
178593350
94880701
54762516
176711399
118300424
116126117
54762077
163678194
164022017
155188730
26341770
165163032
121305216
185360939
85086892
143667646
94880639
54762405
173398820
174053377
198328077
79461337
164223045
138625477
73347545
111676872
148813205
147739673
196473304
144084956
186104727
198382168
169916081
197674746
163877262
196161601
29616695
55617522
86724843
43857653
146583206
197645627
163153783
103703161
183731008
31190933
147960810
66611059
162213461
183729019
123887646
189648166
121693611
91861942
106886431
177275239
93959052
200852174
73775736
722256
128319951
138323991
177782908
20991311
163716172
19360408
135032794
172367482
94879336
131181270
109060741
141042520
184076118
198099520
147962240
147961204
65109975
169744387
102858425
76164938
43230254
172112575
145302240
111405006
101861103
162834923
196672279
186359416
186263848
107906745
128667776
103701901
163902635
105953783
181488840
3058475
30684772
198379925
90785157
146079974
186293347
189596468
168898083
179415690
106886428
43986838
169916705
198518846
176704432
87012977
76164545
163477158
85087534
198519026
193367108
16457989
67480868
13304265
195775262
167402284
26339989
93206993
89429711
91929124
197675716
46476205
169746539
141122252
176098026
76300484
116096121
59104620
76544147
176099278
51557341
159786664
177617833
54762444
172001542
146585803
198587137
118535284
74225702
66622354
138439688
100023913
105950480
176715076
154745604
121694066
121693997
106986729
167393894
163875869
198099703
160271481
76704038
164017356
139953920
186094748
114434164
113065450
106886116
106886067
91976456
123888611
132095142
94881391
54762131
121694414
57912576
193005274
91861490
180599070
76552678
58208620
121694417
181925083
169467612
111709797
168847931
198882674
34543749
179419498
48428859
198194808
170726691
69617251
94879910
59075332
29905248
191474727
176020531
163543598
159125309
133013795
111586972
43072475
51640002
85087757
76281423
163895036
76143101
198530213
76207622
76528055
67516739
99409990
171799003
14901384
162617791
147722625
77491874
55668279
162249691
195892724
198383148
30684456
198382034
160291070
23411645
54762156
21487688
94880354
94881282
90022177
155385283
179571263
147570724
94879561
109346847
9827117
133081923
170735829
28938947
182477055
190681515
67904345
159035273
83159675
176723605
192390748
121693234
155314948
77040571
163877415
113785398
177496110
198382051
111709794
174369429
174318792
123884498
103985894
94880420
99480473
82028072
186321088
177267516
198194855
189677243
121694699
54762569
169653429
199108637
164222948
154786786
198378595
140109099
85087212
35443488
94881740
174295360
174491396
196288087
23075250
192581353
144141816
70671281
76286679
193397619
179571387
67423285
113065444
106607978
103979203
72088827
72673381
82643089
100160918
137465814
88083615
175087309
186290944
30684414
129408260
170684989
105953524
192685352
180328947
89182688
72517190
77037360
135575673
154439810
85086742
140102333
72469860
91861350
19403766
162782552
177279286
186359480
146080524
163883058
176365867
193917131
160682829
196424763
103702291
198584915
76469417
177315433
104439558
106886142
116547615
189182770
140533256
133676074
98605013
82529017
146080551
19340532
169530377
134826167
198339551
147447024
105949811
121693531
48042781
149208695
110151265
83157075
198536564
172311028
106886320
177286205
72954860
6641833
147741239
188903567
99191338
162600902
193234712
162844633
29641000
134885450
54626038
113492909
165782849
57846119
130459466
85087385
94880913
85808230
21972375
87444236
186359074
163534683
181786756
177351663
122591011
106886470
198518901
196282622
143424263
137455070
156795471
184913819
157944292
134656633
182792265
174317579
146080439
204436103
174901153
122590860
109344198
116872621
193367104
56653643
15055025
55149740
144132113
193367063
135075286
155231220
104592433
105344454
198382119
147694375
135057302
166411606
85240862
54640354
121305607
52340356
130787776
141290204
100898407
89187699
155396038
150869726
141122495
74178765
137739412
192626809
85086882
195305537
140820105
162734284
196320094
83160055
103596859
99489039
167524605
68438625
119286384
72096315
3716233
722255
121626976
198462557
82643164
192884813
186286254
142658009
7633035
85086746
164345603
107386491
167421301
15054501
198587265
158867411
158307240
173968549
159816824
102474780
162248191
155234389
94881796
85087456
126040308
153026044
152205082
58297175
198382139
196319602
123886590
149688869
85086750
158699165
98127700
115754343
94378045
192626236
85086744
158723366
67516423
88007961
103308803
107987340
144691297
125475556
168898148
135059173
184880523
173172958
85702561
35409835
199104995
189374807
19801005
144093801
89180282
198382154
188057673
192920471
150214082
128592594
196381341
85087093
168835882
197855930
145660902
196048371
183545059
196319694
94880826
144236958
163552181
171650169
189161088
78913330
127014368
67495867
179571386
51326189
94880019
154913599
128320001
29633207
45164578
193110777
76476713
179571190
111402741
177279304
74511271
114335627
145178794
103702317
97807790
195296811
203292787
52749873
157544502
198519344
15054441
176460814
196203319
172079804
98055659
155218638
198587426
49313948
177667192
183690994
183545070
102474659
19729578
111586668
11995072
193367051
144141079
116045627
169129621
191956011
158759377
168898104
94879270
193367075
153024439
197211508
77118805
30684522
28928213
75543385
93962973
182790447
146585802
116096241
76165573
169746690
35140583
23477472
128319967
199519465
140463415
155397179
199105154
30795991
128319966
36573622
92936884
141660191
147836841
144141651
30684306
198382010
195198242
179571239
192410149
142387437
91955446
27589596
109060799
198979189
103987260
147444446
97009223
158662013
83157018
22514791
150207605
77626091
7309705
74684919
66878357
94879059
165783592
198127008
48774391
21375813
115488631
111376100
156670557
112651635
36858846
163710627
45881412
169193047
153522031
15053820
68929256
103978565
141122020
182461171
126339694
124772354
141277619
22554436
158648435
134228524
136790795
16619646
106886512
168834792
81075540
31326613
186317737
14695084
147445131
155393417
197225536
58056484
131166203
147446333
21284883
28932232
7641193
118743683
198035663
198530446
75824371
104160960
99479264
99479715
181136924
121303638
159523615
121318676
181238979
23257286
107712898
13358963
160291044
103702689
180992177
30684378
88241266
170731452
44452909
85087695
154491103
168815623
55465708
30685141
174101191
121411180
163710823
91931578
159123027
103030438
189673526
114327367
52669372
82461920
124771132
15054852
105593187
78012089
73730302
99486520
189651170
171811151
167421508
197748180
183910665
184247723
151614824
176788287
193003057
85086758
135292034
82461636
97099486
85086986
196319885
181917990
118745900
170609766
99222216
140210564
157009111
137912762
67638732
166289250
108031187
19775602
171569526
111667030
146598578
196190581
195715078
78501742
85089009
104173986
143664645
76160205
184442399
162772514
195880165
20076629
72638988
167421935
76400607
34158917
162865673
204701809
134666025
181419404
181418924
182744619
23257376
83157190
173947195
74032641
57912019
180990114
86107760
196319670
123887999
141272450
196282998
121318539
197536441
158758145
14453870
190470075
171798644
151757144
91931329
60296670
117969660
178593367
107515739
93961761
20613597
138439780
139954213
116808669
198792426
186689288
169129408
127630650
53481328
102858000
19388454
108472884
198099958
56854202
106886579
67903844
105951856
190469958
154893735
165994704
93956765
177975769
168856937
52498455
196190588
183743540
191298326
155190387
202153547
94881758
145178843
181142190
150788654
198518672
188687052
117604181
111373404
147446696
151974806
147443020
73667333
74179126
114992543
96766080
52227663
179571299
79957165
55619605
141003117
74978077
161201079
54762499
186358872
171798958
198339294
122351259
28311729
89123594
183728613
33360593
171798421
182461236
146585836
140151766
103666511
147981528
114323585
111374201
94637039
153025870
163552728
176720927
98778106
131124434
201057340
85087082
147444553
93205382
111711467
113414898
55487933
14756146
43131073
155232116
177784312
107184887
195292365
131123795
94334224
69303085
147442569
127938576
193282663
149686483
77905581
116332803
114315911
195892855
155557059
114774770
76473258
154675454
153834361
147445454
169530990
102474665
139098538
58056975
147447234
90344191
99486340
193281950
178554426
198936755
102853777
193548350
30783965
140427813
58184729
183725359
94881050
186358710
67906223
169193172
121693682
113771027
109061751
107466755
143365976
158141507
129391990
172069345
128667724
193042038
144130495
120353096
197644211
181144698
186290739
25402595
163876902
105952806
143035782
182792512
119020835
151688583
12193233
74441629
198585506
67906284
90071009
75554659
177975758
85368499
180990072
104162995
168339946
162213585
20206908
192551395
16591357
23257473
189170482
198382069
197568418
126728780
168897992
91964990
100910759
141542382
111709018
196282909
147445432
117184937
78555676
178779614
14540598
138439887
72943660
204712675
181942995
171219060
99222245
12347903
197604357
93955556
99483247
35436083
192394197
160795483
168833475
145178783
123889556
144140757
169129696
104067016
202885805
190635415
134665434
111402800
198584661
113065125
191287469
199104802
140176581
111293716
165784924
111292983
171567790
66878540
103702650
68716449
186192403
91963973
196320026
12109865
161649444
154909922
123886868
85087278
154903742
68939041
109060448
140463121
1747555
19583771
87105507
153835775
121693453
121694838
6961241
115952748
192548889
59080837
154785736
23259675
86146812
149238211
76897827
20372630
155236677
13588058
154730593
111403026
194005560
181716537
111710070
146080573
198100442
91931948
73667337
154888853
141959843
116074528
199692658
111405147
182792968
147444345
181251997
79721593
143666524
85087097
170125369
120354251
118895078
99223254
115954119
192627470
99485541
201892783
198380575
146080393
163553268
19550752
174423951
176856674
195089399
163582420
101933850
193038793
185903140
170125620
98154098
141532876
177975765
12121014
180396996
195162359
11573822
46105211
149480444
82644934
164327710
29647841
121411517
165651115
177609377
155232775
129398374
162170524
167422400
190624409
104114420
146585809
134245395
79674196
168200461
76159703
42876467
163677693
169193260
194040290
74956882
68919446
131123856
151974877
123575644
155374593
158667333
182468235
58276185
31204845
177712171
121413143
159125059
73775778
136037159
106886049
162169901
11517186
77629487
198882714
73667065
160346269
65440454
143665169
51717563
153023311
76476585
159522668
172827008
198186626
68938308
48016811
104175176
190548485
164584229
81928703
11261418
186358652
186359252
68438465
73105039
124944305
129869284
147443727
85086752
172069899
181959074
104175339
168814721
100139504
73680611
141274567
171649751
124885179
159821124
67571691
158659838
189465831
12047982
122590885
155234191
176152831
181785465
154667826
198593315
122590993
160835380
112348120
99221391
107174507
55491964
94636757
185904912
130787687
108673766
3970625
83160886
100148808
94879975
164553949
203387312
28310844
3968393
144141920
29964194
159962620
106606395
111374119
91983569
59469074
186293187
121411389
19760170
20818779
138834807
152098568
186542699
172474901
