161252552
74401655
74397494
161250894
74392812
183051292
183052008
82672362
151180915
69905156
151424262
187183943
182971900
74684884
151424708
184085211
8096856
172160512
150169830
195701262
161260901
150490895
96018406
74402279
40430669
195714843
182972774
155225578
187902385
152751211
183719046
151544678
150879341
73363025
163133345
151460254
196188517
199615272
96026623
195702749
155284635
142230458
190181371
189533177
99681540
73362879
2906011
152924340
190171540
142213805
151676052
139434499
15202948
184958600
155045408
150491178
150939482
68778329
73362615
31591707
162619225
104668732
185829961
196953572
150491046
155045175
135545181
146261243
25419526
151830499
175849304
73955187
151450636
66818831
126131413
144323582
147798607
162618415
155568204
160795865
69270638
141688562
188272184
198111773
107101786
158706674
129222431
144324391
161027008
68432248
183313404
148541769
31591697
152218038
74003088
106003625
192470517
184940649
183355133
37886798
164048673
155283545
182974907
183718264
58857504
198563751
150168000
19773004
152232164
134282018
177975609
198564586
183332135
136313342
155223860
19773489
107101685
192990790
134283700
173539685
150495263
169324307
134844887
183351855
154279915
183497285
176051629
142419353
164047520
134853894
196962712
199764877
200658767
150780930
172369948
191432705
186091806
132225558
138307462
75612092
114399792
33854421
4069335
186103439
150557306
198035750
178516029
207270589
160295273
183314655
147885474
150491477
192999429
185888943
4068459
152299760
114399599
142397205
150491347
150694110
149653671
189530422
155225546
175718623
193644205
188270710
195702445
121262030
11584390
199267191
184970193
67677975
138327318
137481220
154283986
175654407
152924086
190622369
127367894
150549975
196957781
183483355
31278635
143807483
151588308
179437078
8559030
135960912
151593186
136377575
188352836
176048382
182995101
114399476
188353456
120800865
155224432
2159093
155224517
154283770
122221471
139262844
199957201
148541086
158699522
184794821
106059826
165221933
132097355
125278408
3613809
147883650
192460331
132829080
100531445
4332519
150776897
168920105
177546762
150550086
168895637
102685186
120527133
98992711
145031292
201842739
25421064
144333712
125340032
155723358
200663251
155437853
134844801
183290808
8006847
132221929
104806813
120800872
138277203
199973113
195743547
169325666
120800874
183334944
148823124
105029304
188346382
195744683
197847776
179520099
106066403
132210068
135220632
19988446
150735868
164042889
139300123
183314404
135834535
87393946
4075253
73888546
199956174
166429822
146266620
155225857
191824148
96425847
186815482
135164466
158710179
11584388
199578630
136666675
132082212
179373383
135785753
180247240
144936821
137222418
73638928
94522451
161461379
165221882
183360013
177909891
135904326
147867725
2071109
199951987
191825314
67701499
186104855
183488541
139434353
201843456
199952443
191778433
179411304
135801959
200919245
196947840
129222414
139301777
151660838
183356955
165223943
135816047
179555769
102124208
137482125
121262019
19532592
128568925
95196226
190082426
192452472
96302712
135798428
102124318
203275603
120527140
128820613
135832393
161028188
135769705
171021419
171037656
19532593
150939432
120527136
179398471
193925123
183249397
181413895
193922302
120774597
152549325
196093326
177911375
68454388
200979385
121262018
135751029
203275506
144926998
178247845
135807861
147992309
120774595
201842988
19988450
181170516
120774606
205823130
94759912
120774611
179556251
202154663
135754608
67694525
68442876
151753296
168919498
116903684
173761291
155286253
199566330
183334459
199566179
121262048
143807848
98225113
117607110
200919650
173761589
201894459
179377362
68449287
153469248
98224874
98224868
98225131
207498877
205955304
183335643
121262049
118522632
143807574
206387876
201854689
117553345
202152005
205944604
96303590
205958260
34617127
202064685
206377714
205951802
205945416
179373977
148242941
171021933
197744376
204878867
202258634
120800852
152532225
118084425
205819534
118084415
118522628
98225155
118522629
118084416
155215342
206414282
124183332
118084446
202258683
160996536
118071142
205822458
198261130
206470824
98224798
120800846
203220274
152546753
205952505
205618573
55634898
205820453
55634344
205161262
205718507
178228388
205957989
113404816
202034549
201423884
107399012
118522677
122155878
120800845
153845354
155223488
207238710
205717486
96310634
153817892
120032714
205708942
1388919
153821685
205729009
117612626
118522776
202258743
205820991
118084424
118522627
1388223
120800853
153841674
202258684
207238803
118084431
1388925
205729213
130169919
118083427
207238968
205691647
153837838
118522777
201850783
202258669
1388943
121645456
1388929
118083428
1388947
155356616
155215263
1388933
1388945
121641729
136934116
120800864
120800847
205729557
206681122
153823305
123897365
118522631
205729843
199144121
207195497
120800873
207196374
121642932
1388921
118136444
125739791
207196418
121262044
206681816
206681725
1388949
205028708
1388935
197878180
207768556
207775427
207697259
1388927
1388955
206946446
1388951
205285770
207010999
207500030
207011292
207012235
206681475
207293728
207498978
207773672
207774994
207498612
1388937
207239166
199175200
207011978
199137639
207012981
205400382
207498821
207499971
207775701
207698189
206945295
