71909603
81938009
146265626
91533024
198308678
73096116
117902589
163792502
75945178
72193251
125803035
114415789
175996939
141309645
79378600
144126297
165995243
195975446
173356194
89266198
122762684
97553861
129505521
75601328
197731600
197720684
77038068
194374138
72193155
194815126
144965154
137960285
185219150
185217824
142262678
84471533
85066077
145977791
202422336
197523774
73633069
163792576
98048887
148684833
48622497
75615248
195975425
117919022
153471940
164986920
137960258
188182168
155287939
91533035
73161713
72747421
117923492
75738414
175992227
91406858
169107372
189532775
73101887
113063821
175996933
117919410
74259828
130029611
73184831
173355033
195708177
164986815
175993274
130029126
175993963
197529327
132803801
76791942
124487570
117918773
124488105
181169393
72524903
136432419
167174559
72192946
84558587
50602762
91754227
147931665
153077394
75439350
145243109
145977891
153496989
130867530
152560718
144236494
194105719
81938111
81935376
170125031
140149778
200935450
72193400
105625849
200939801
193180803
144461134
117921816
137997407
179954287
89240305
103047876
109847419
129397665
145629844
144963606
159063799
143422007
137947718
76246573
197222666
77712163
171957682
73101749
140840303
82916442
75929061
141040656
170125058
194815309
164039206
159055050
137220799
155599569
185219232
198465728
78548052
108359020
198426892
134405915
194501337
174306041
165995343
76077754
126403747
160163672
112990508
103893759
144958973
153169311
129451322
156936483
191865588
75971224
174306219
128340729
73833910
195865013
126398135
119976926
73595878
80622076
73095434
93696301
198859701
73094622
76138612
159057829
127515644
129233676
73101912
83396006
76676866
115591376
105560064
153470798
86164337
72967377
134384526
157709426
175992910
173627476
198431123
72741081
128593137
79922351
140865500
195975488
144126724
160066658
54673442
98540374
128129006
145255540
195975453
120353537
151844383
127058080
140865472
74595868
67996875
198542787
177616281
154730589
167183123
126384402
194815021
134388169
108412075
195975379
129459054
143036426
72193332
144967233
164039676
72555665
129228655
175991566
74608114
99214708
117920571
121097466
175997026
98045848
128866892
164017330
168824057
194501871
105907842
134739638
141587593
176935758
127051768
155882547
100632145
158138687
105907900
35413792
90067711
195301564
168305272
163988951
142837054
130029696
89240357
150692032
135272092
167619812
74764429
117920661
196682728
159053679
167174289
159056983
146505068
195975439
125633222
180955098
151842218
138202794
74219426
135602609
135273112
176437448
125868584
198543090
158654263
158664437
146587623
195975411
158662042
146766602
91403487
160173903
195975467
195975481
185221720
160517760
91406528
120145991
154783688
135327078
117919537
141281128
128280442
170125007
74595908
122945252
154915948
109408291
76255587
126387770
177252729
143420886
141586456
73632975
206357449
74330744
104707987
89239003
173356259
117902307
143421102
142837170
124772624
164987170
158650588
194373623
129426891
140150181
146785079
158474251
126360724
98156592
167174172
154913613
103062541
146778052
153496019
131577880
156000684
151841583
120146709
144127227
117171257
159053277
126957632
150001426
189892112
191835508
74852200
141538639
103631877
90066681
135270887
201306076
135272215
139951409
143036562
154728252
117900778
126369783
144965509
116492656
74556050
74343633
103048660
179981985
106375647
133940867
195865725
137155610
79378363
103633101
100007406
114366615
197260056
151946260
160173020
195975341
130538971
158663775
128593156
148811361
154715913
103631221
158675990
131579182
144968434
173854806
143422827
129953844
73473260
162359016
117923222
168815435
126957527
198431248
138405645
131578700
141587984
145255917
114366665
73096312
167158023
74747313
147931810
140880352
154728212
158667353
100007086
156868248
128736045
159823848
137947658
159057895
129426097
151843234
167157463
106884326
91753894
140180256
169104399
146503513
205830847
142434250
73101675
100003601
114366681
159057995
115119322
146784193
167809136
190867110
146779846
131526584
158649724
118590066
159057637
93646491
178105045
159053167
140149484
143421053
136085974
49655141
206418064
147003914
150887130
149639520
80935753
144569370
147919751
145243033
143422502
195572314
158676696
108419780
117921881
119321076
148052401
163954004
141541989
163158305
146772929
194502494
174104962
149684372
144505299
155600250
199737509
89240805
195975325
177477889
185505757
168528713
154695660
180391165
72193443
145255951
89240851
143424403
129390745
143421044
155622755
158648057
158221310
168807951
197507998
137960206
156000686
155698685
75955335
142630119
125415139
157292991
165995508
154195947
190854854
195975390
79378495
77712586
193335864
102753574
140865474
158722422
105908121
100005566
141534344
87117519
135724127
196682546
160613835
168832935
167171110
154904363
165891491
117901873
88810528
144956553
131238555
68724670
128866747
129470393
169873422
159052153
163159017
119059987
134305555
189531694
139600539
159057552
79378609
141356070
177996622
184102513
153496213
131996904
134648222
144139682
175992551
167183438
143766628
146785066
143425000
198542934
141273437
78993745
131525204
198772274
91406427
89239930
179414501
190705457
141542171
74744541
160066476
174535134
158668879
140423902
96284420
154786166
188186178
113511093
73632847
140840197
141586823
144505314
130028861
176301618
116453684
135272700
112990662
141281547
105907566
141279616
125559393
195975348
198543106
154729737
150887176
167174183
151841979
133588367
145255809
165995038
167321071
100801526
75997683
177477891
143035865
174522990
159053939
151841684
116903803
158647270
158679989
91604713
146765890
117921740
185216858
185218116
76478674
131531147
194815031
162358536
141281392
144126599
165898555
146773680
153497437
140148828
158673159
78555773
189592167
193118816
165995123
193582788
182476927
74682329
154896221
151844759
184103452
151763901
195572685
134389609
125868825
151844161
154918767
151779313
198979148
160613180
137947742
150707073
70881817
73185139
26628034
128592459
181753187
142208820
201883722
135271242
157708522
126366295
94270409
140149029
127864498
144138247
164987513
175997591
193584021
154728607
185220517
191376545
146559610
141540909
144124265
154910445
136144794
159055870
78544479
143424365
91402946
158657785
154854473
146772939
100710076
140180913
141275402
159052991
103666149
130028804
100634927
145242933
154907521
73633455
74607723
165995040
180968088
191913753
178106164
156988315
195975474
152289983
171958180
180269756
131996860
120146625
126360666
151842080
156858699
149684602
106858498
116334912
175996396
140841157
196682358
167174739
146785057
156879462
90069499
185218618
195975313
76123725
141276180
139244119
102496047
126341644
68449087
121320491
157706661
146559695
144124336
146767396
164985638
167179133
169347428
151521193
121319656
137947660
146768147
76098690
178104442
168308750
195975432
176192010
191347076
108429430
160611882
94230440
159056442
200935435
174536306
125415260
139601295
132255466
137947659
143766852
196954520
178338024
106317438
146773998
158654235
72965580
74737816
146778032
198543590
75741374
196682397
126403726
121319814
137669032
159054437
198544479
144140348
124773778
175998193
141281462
167157516
128734802
141586675
190153172
104268252
74763477
67996793
74763455
159053618
176310468
174522799
159053964
131416766
125559376
135270836
154891924
159821169
124773101
133589506
199644998
167175116
141538778
94232345
108645825
195572221
144124598
91404738
96890185
168811675
135271367
158648650
146783203
71178266
138491852
146776788
192409947
196022903
191348244
178105870
93698482
143421299
131578809
154714239
159055294
156867725
146774414
193118556
171704757
71909719
79905669
175997607
125868505
75543933
144132645
146505034
96881839
132256205
158222271
143424725
126365086
167171104
113065675
196682886
146725458
191858596
164990210
206463722
114328770
158654745
200850587
126378858
131179601
135270936
197507905
146767426
149635808
141288309
145311347
140175716
167168452
193703608
126398860
194814996
169104728
139244328
159052424
74763147
167618249
127351817
196954163
182587783
115095068
159052231
206398279
178104238
188783488
129456556
167165069
128270802
146768201
164987782
154730313
159052470
138491871
159054575
146458764
144131934
116492668
100493473
132255179
184102998
117902781
129395613
135272412
158669651
164224563
137947743
199645152
195975316
194814999
190555362
156936191
159053157
154854470
120834539
123177008
144505306
103985023
202233784
194374029
72729030
73494864
93693246
174238163
185505777
145255806
108423137
131179698
128592415
141276326
144134441
128592625
132327230
128592479
194501384
137668782
131302054
159055390
141532721
154891644
110157002
142209245
167164323
126383134
196682388
148924382
137155704
158221372
156714793
117083781
108094812
154900433
146772926
90065127
167179052
185218335
72117495
167011230
196954341
187511481
98156785
146504739
158222250
96886292
112990514
167180767
167163717
157592593
163791424
116807143
143422163
156837197
105907743
144139761
160614807
195975460
143422235
163021679
137667811
201444259
158154186
139601964
165887347
146777439
79904739
158221387
144018347
164986695
139600376
134304626
116841463
127867817
112227987
197250583
172438992
162087691
206409041
164990089
129453302
105907953
163021715
158676932
143420820
177616572
184081300
139244410
158649106
158666558
127863581
130028972
163154648
184103170
103105693
158665091
160325370
137667393
144126410
90564604
96878689
160325537
146779784
138491656
180973260
173354657
168818931
141586806
176599626
91406987
108418311
139245281
153959491
146782638
119060144
94260506
124774310
120549765
140149552
184762761
160399195
160325458
105629921
149189173
158658733
145627813
126380560
135271241
200672589
137960108
167907314
98054672
163714636
73160924
72967416
139346513
170125292
206393002
206415415
26297961
178337463
129427318
136591545
150887190
162359083
131416367
100631638
170150419
140149091
126380051
173170936
154195567
138486475
94261156
158221279
174104945
126369383
201460613
190865069
126369821
167181982
154713513
129458100
103104153
174306051
151841789
193119693
117921099
162358550
120145996
143425961
120851266
168808977
129561178
167180737
78542124
167174475
188181992
197523640
189593631
131523679
159827055
156998879
79722477
143422715
178585011
100736362
167169278
126020737
129395499
165995366
70881665
146504099
206963649
104268301
159034721
127675048
124239921
146503387
205476865
206516167
100633648
105907593
146765911
184103355
126380440
195708186
141587872
156714705
156829066
163792602
141274212
173814921
136106591
188529851
141284343
105907499
156685616
114810623
112652556
79905801
131303117
196682629
135271926
170606402
74764048
131179592
140176844
168954142
112646760
141562554
151522023
126380338
131417128
167171095
80358760
144140129
141284681
108402687
114366622
188529414
85776128
126365106
167619244
193395606
144141642
131416664
159053259
140865502
145255898
167809982
126359173
137805905
164987184
103977663
199043537
189595362
93680526
178106921
135724667
145628277
157206442
197719291
114205998
144130740
140180262
204059837
131254122
195302060
128592310
134390075
131416368
100494687
146774432
159824127
144135138
145255657
174305986
104494966
140176987
116335558
106361010
135272974
167182579
167180765
80936173
146785939
126374882
158221488
103688951
167808813
121320168
158153942
89240099
175992099
145243126
163546426
146774032
199645001
145256037
131577659
141535546
169347822
195975324
155600169
102496965
160173978
190755637
197172576
146783225
167164231
143424125
71069576
113480956
185217641
86303689
206245808
159034255
192473791
185505851
181915999
176405467
73491323
75574925
159057749
80633134
105907918
146773421
143036381
197524455
89239255
159055123
144957320
198863148
100803670
128735776
158667271
194815300
186305371
197558348
126368936
151843063
167169103
156684215
158648758
140880540
79192938
120146077
194502204
160325668
140458544
140179574
100487133
126364004
200928399
146767482
169348425
141586617
126387931
203847882
177617594
158647843
135724927
90552312
141275631
151844673
166055526
126341213
195302689
124488367
158647664
91402615
128278367
205830885
159520424
114810418
113415297
147744955
129390210
90065759
115885896
184498052
193583963
144962518
142655971
128665639
139244311
117155031
196682522
154999438
110159164
141843414
164985368
119057797
71534504
108335837
139236493
156830546
152413742
135273043
103668291
131290324
141542119
158726531
129398177
156827783
158659580
141536232
110157795
139601723
135602950
144691592
137506120
131523799
156936849
129393392
154728602
192291909
167906296
56689563
84060040
206648614
187511510
98156444
141535257
103632100
157707137
141281339
197735968
158680394
169105494
154669741
159517343
158728215
142837198
158670607
74764671
146772331
120844556
154715487
120146752
170151098
156847579
194864454
177615614
156843305
205298028
141537722
129389996
144135177
140149591
139600829
168809819
166331775
154919966
120353583
103631697
129955176
158662068
178585201
144141795
156936088
167176280
100005562
167174180
158221615
140865467
100772397
126399875
102496355
131579192
144131010
158674882
201306336
160550106
184103977
154889714
146779492
158698250
143422241
144138097
190855328
143423612
131524222
111287970
197595533
194815083
144137915
158647553
162359551
158665834
120146711
174104763
194815119
96879124
202236654
103631464
156936408
197558398
128592536
193119388
180265347
117922908
168819299
189532733
130433491
109407782
162272629
154855019
195285115
158476258
144140109
144128621
168811313
109088630
178577388
97613088
158221201
146765896
76036239
126348687
158647864
150708925
141274225
105908026
163157981
154195765
167158188
146782618
128922730
201843404
189532130
185220491
146645705
103978292
206246387
73491664
72745833
73495795
73927927
73927965
84063887
206445222
206454227
195975363
113412341
137506427
188714374
75544152
114415759
164990368
76375074
93696371
207938942
196682373
134850657
189531896
158221287
144125032
157205615
131302459
101238070
153471827
146587651
140176017
126368889
130029214
132255775
158673073
177764080
91403157
156714733
197736266
156936149
111873549
193122224
177650170
158649601
79923367
105907734
134390089
139059163
194815277
83672680
169107627
130029777
146778735
154786163
130029471
73746008
100633177
170605995
163944004
86303409
158652936
128592714
149675119
141843813
157205816
177651511
100772506
133587585
137219387
135270696
175991963
163986139
154906990
150887388
100645768
193370611
174104980
141280726
97941667
168831778
143421788
128734727
158647936
166232766
156936116
189593519
126749799
196682739
158221254
97618153
117081402
131524508
162537425
141284182
169102963
158655184
151843133
144127744
195301547
188183380
120847827
158722424
158668292
159057796
175575020
154629375
158493502
139601073
149636677
144133033
130537494
168816540
185465669
160173392
131523649
158654847
177084878
154783801
86943205
138491682
157013108
117922277
155599261
146772935
125930772
193704024
163943115
141278367
169872904
146772923
138490875
144964684
162977311
165995760
145244187
156000687
108334510
191854339
192156254
148052363
127353104
164990056
75545394
108083064
129519852
192470522
73490816
91407035
197523712
162265247
117923054
201043834
144690361
133141520
103106273
154728538
158221486
79722948
167159592
138491636
144134027
168821200
140150596
105907933
176301614
195301904
117901714
119056917
162358538
146509905
67233509
105907732
103632135
134304955
200936516
133014319
181168692
144960776
150708565
201306714
79924143
176634892
154784935
194062964
91406454
132255011
146510514
197558285
159056219
101236758
196683036
195301848
163972468
195572510
160159553
128278366
140150598
162087792
156936822
140865495
167171535
108400848
141586884
155600120
38086889
146510148
139245807
129251641
135850743
162032601
125912052
126346152
127267584
151845138
195285058
141282828
132255046
144131093
140149185
185806318
108428506
131523116
146784255
109846769
145255279
144124400
197405931
125559420
120352756
159821381
146785226
153497443
146776749
91403215
154195616
204059451
158674724
155599870
126363845
184104114
158221120
167270091
168837121
148744511
75739871
170609981
120244865
162358845
177348201
171957661
164987073
193554782
192291966
192409807
127867946
117922399
134388383
204948615
155905679
141042176
162358774
144139026
140148820
185219697
90064001
194373935
73495123
152840949
178338265
185505924
125416146
146512509
206437954
178107393
127864332
207924097
184104404
197507904
139245055
76368945
138491645
155599423
204948684
158647471
100714933
105908281
163986399
127860687
158660617
167171048
164986953
126393354
144140482
174104911
159053346
168807181
136106722
201866862
163982300
206349714
105907528
154904036
105908524
135271653
164987064
140179995
144569743
137669862
144959907
126374545
151841674
141277026
158492734
117831140
114318153
158668579
168834700
134305212
144568060
108094494
129390064
197224072
174637036
157592526
126083210
167165504
168808926
174522940
150002185
142837284
137960335
170607610
162976989
111098567
146774232
157707212
153497082
146511782
167164180
167813896
131180053
196682635
131524184
184759500
156972423
156853762
194815024
90065626
144125777
126375358
170607945
146503807
135327560
114430186
169348263
119058730
107761552
190865032
152766630
143425131
117901669
89239586
156840522
195572377
170607213
160067567
163949366
131302670
105907951
194815254
162268110
145619011
194501295
124772505
116047252
129932913
159821112
141280318
160066514
137668611
194815022
163968989
9148093
90065874
185217742
185218425
140458494
206244788
84877983
205239519
202006153
176313076
164990237
73160905
73494204
76374368
73734120
198271993
85098766
206504002
71507395
178105926
178104108
178106163
141544442
105907944
126340524
128926837
100633893
91404370
126387150
114329686
144924837
146774421
158660778
146774477
141535621
104704854
130569409
204061552
158652329
156828708
154919418
159055302
100705627
160400051
201888429
89240047
165995619
108404858
138490534
91404596
91405285
135270258
117919272
100009838
197222873
167159000
146515229
158667767
158670996
173169816
168807453
194501369
135602218
131417177
141273529
126381274
195572308
94230703
144957803
197523828
195572512
106360364
196682427
135604071
164985676
184499266
132255958
156854680
83672845
144567986
197523636
141600670
144126993
91404742
174523390
156995241
132255717
155882035
158668591
91405238
144955728
194815180
142836684
136144648
160325371
128592900
131578798
73815620
140150699
158733125
162265992
107610621
141843413
165995407
165995598
202009994
90070133
90063366
185220537
76248179
204832159
79723109
158221265
136581415
178337303
155643105
84066856
206423553
168807354
175997359
135271049
120244039
141280824
154783463
139244135
117292491
79722684
167814784
184102829
127584866
150565385
138605496
141122076
159053057
135270897
140150539
167179828
100774393
114366781
156714714
175995579
194502327
177252723
126404919
131524161
153846715
151764515
139244774
124862100
194815097
104711546
194815252
155599077
131179968
103062615
89239804
130538981
163949780
158673045
126340196
143768557
87117481
103632239
195572366
144130750
126345898
153581747
163951656
105908388
174104767
110156818
102048314
167180836
158671213
