191502917
184628702
186364666
160827959
162029783
89428878
22022154
197119726
177060582
106331694
76102979
160648292
5003147
143262392
102808736
162024663
192680968
190355521
97707630
198995227
178315047
54430952
25022006
134947145
58475739
188940966
5003163
192292591
82524519
183532236
151923639
141788350
203244366
81783337
5003107
193044379
17003546
102811937
5003131
97802393
185955256
207925713
191817154
199118615
177254516
46474312
176835648
190320302
117672638
185964455
165683374
160314703
204463536
176842819
177187685
90531483
207927121
5003429
13905493
5003323
147942454
46643459
140879586
184071750
104637313
194860451
46224953
195971769
66407154
177238136
144629725
186479943
140879599
137942499
110939620
90113077
203937196
179540950
186480046
186607965
186607616
168253963
185077985
17003410
96311978
85137894
176939659
191354706
49049408
86134461
205999516
186579644
195284389
203276230
161386303
199635013
191817112
204057189
86561609
86561311
86561304
107752708
48612751
146946587
24764418
147941904
160314561
179788779
177169142
147805900
171668670
145304642
145221832
120464074
186607786
192559833
177158869
157240656
86560732
147941909
195670457
103660156
189602928
5003197
189601910
145464240
145462596
5003195
192206384
5003285
145463455
138334203
33401110
189158152
186530758
5003133
192689048
147832125
188407733
185073370
81579680
185079603
31061550
192208536
165685824
90529784
85811029
191817227
5003395
197541562
172158556
50400569
193602034
197119890
89428662
151923316
51375847
27561803
105097669
201568554
45655203
146947595
117828588
14076732
186579643
138334370
90082582
46166280
56960597
197541502
160314028
160314318
198740181
189601852
197578017
187989700
149184236
31200705
68636160
187993483
79917718
196800453
81312126
159894756
179764581
193202601
186579560
89503771
160315233
31876492
31885528
186579515
138333996
103615955
147986878
177092421
154881116
136940221
195282947
193564495
199576052
192419464
138334486
187805326
51240556
115905281
81436675
198227962
189699900
197541527
179546697
93291322
198739598
46768123
178566974
3871937
58010351
198583805
192561125
42157419
196687290
184628695
172838993
132054028
31877106
185882465
193564467
147202890
115660965
117828557
109814873
36978341
20628813
199706479
137952085
36867803
124182419
183312890
165682348
187829571
149411964
197966928
196800585
160314188
105592622
160314787
199840631
54895172
143257395
182739526
191309972
5003423
31877896
181107501
168090706
127645703
79899215
23598215
34232518
186579577
68190008
187299283
160314370
198366429
5003273
198286832
198740851
108756614
198288646
2749765
186579524
170639021
45301890
192579893
177747055
169354383
180571497
187852573
88097030
186133963
72641024
93291217
145304840
50191565
45302861
141490473
179788787
196800323
192650800
167599223
191309628
179549184
201843922
106144663
68189205
157823444
97069588
31197688
191309688
164551638
190574784
80091028
107752341
40014334
168199213
140370393
160314592
202249363
122360694
173649871
161386435
146947123
65185260
170125201
107752150
95869722
5003059
155692653
198075906
191309750
90432070
104288551
176165211
168156380
193099499
197498856
73339753
68189813
112338918
203925400
147197949
40622884
157803106
109524761
180973558
198287162
192650841
54722882
185882526
75524153
90475657
191309876
187989847
190698292
177610689
25273292
106088197
151923010
185715612
165685668
177556994
111712346
137948909
190540595
170638828
57342708
97771322
47172303
191792553
101900601
111925161
71176787
42284527
92649177
189862351
185395902
192650774
199041028
167965580
185041640
97764976
195748828
191309685
49773872
170258066
203991991
184476501
143839149
92407779
93291239
145172424
189699895
191309780
113041142
165587356
193563102
93291132
165683416
196800640
141472799
178950549
186480224
196800642
92480175
189906862
182161334
84285818
77765550
133898957
184982879
160315300
160314487
185040962
149784250
115988863
100479585
160315023
184905577
125757714
186607919
125021064
102862437
165683956
6136893
108122372
54860314
162086056
193747656
147941995
159725687
40977818
86561206
103260924
192033898
93291193
95869613
186607848
193613838
132054010
151923363
147197355
117828664
110169140
147961404
157552506
179408296
179397002
20470864
144537447
147806308
159484714
168227906
42410399
199941461
184649763
116959682
123779983
184071711
180973436
28438279
36875904
88921766
172192242
36929306
178950505
81624913
7734231
89217785
158100225
159390123
177185356
31878057
95861676
112098339
90163542
191309666
195279744
160314203
160315147
186480575
50315318
107982318
102895494
176165340
44433176
149343796
189699906
170125092
191309636
191800606
45797637
131405315
42165318
84746274
113253959
180973614
186479952
199978511
147943148
183362183
102406078
46752172
198287262
169771902
160314871
176147990
174440280
14072748
181096611
198287078
130863604
151923899
187990376
127643690
146636482
20625693
59488037
68032703
97764334
160346007
174531655
109265949
162255863
95222872
192650783
187299182
56196759
145950098
84208453
168664385
180973571
26713344
58009575
204425711
99654587
90326961
120538219
22475308
167579519
173672373
93291326
196169319
109710949
178576629
194860417
187843426
118838499
16160487
147817096
111925545
149412078
196169332
196050452
187902402
134979690
95050762
182148149
66906301
91976527
188972833
54341614
152803667
123781133
106906753
184071712
91555953
107752843
173169248
113499862
113549356
109524726
110943984
178089192
204885343
203883494
201003430
147941971
137951985
149678832
117764806
57668288
172312648
83690531
168199052
89153019
193608717
111925688
80325189
187843405
187697389
106944569
184071689
84890877
184638497
191309652
59511662
25906939
176165472
113253929
151924298
169546119
109265955
158062724
109524946
183037974
191309678
160314701
191800348
180245963
168616951
76403840
181236863
5372303
109816713
45338465
191309862
197556537
43018406
191288046
69015320
79898954
99656232
191309881
33357573
186136281
113253940
137442872
168369278
204680586
196726620
147942698
141472873
147202616
105144095
102810463
181107800
177328498
147812943
160314649
161248283
185860489
189552204
177611257
176150244
199857107
68189387
131304423
106655705
68189749
107752325
188742578
192886544
191309641
50596631
146948752
189457910
188229480
161384719
130856745
186749652
42589024
160314785
148016879
109265964
167579978
145170115
100000538
184071599
149502319
118036758
112339047
158137375
151491156
95394005
110168185
151594076
98576738
184071672
122483939
115994961
137255350
34231736
116959648
114568388
129651117
89252912
196169335
178950650
196196625
160315185
147941376
176610496
169546228
157803516
74985655
99347584
194021829
77445862
72069933
186555030
191309690
199930550
91374413
160314528
136940120
145168906
73574709
108616350
179751634
91977016
178566861
40622779
113498879
173240134
157207451
139948357
196552250
193178104
158121551
176165134
149411924
51420136
141472914
187300148
5352389
190702019
192738386
50315333
174145938
172191596
77445984
185052690
101794844
168199669
147984269
108591621
123781153
199515709
158740947
147806194
176165394
79917830
144211308
125100967
176165119
170652060
185042174
145762755
176165397
106867167
57848639
187061139
191309922
117828872
130856814
159963316
45877244
37424680
189557978
87913271
5368577
135455995
52139947
31877259
172192322
44079056
179788818
85815894
158107695
50315311
125255095
176165341
185947116
117829004
137260327
196675540
184071734
79407962
172191505
95395113
124390196
186480157
38118536
122361117
192800216
188593648
107752991
136940067
79928249
199270742
178940879
191309672
191309705
44580734
187989194
117828775
49290022
164224911
77446004
56197457
125247672
169849226
163297253
137260604
172192207
191309758
186480220
157213359
72640552
177643692
152946400
182301137
197507896
91876446
122480440
192859852
56272391
177604199
120035742
147724820
128650209
160931194
40622926
145412811
191309760
160314554
83377916
107752798
95395025
106867238
181978948
171672494
77444976
89771152
92438778
184071783
174531668
124643751
186607589
44580989
187746144
123779790
175544765
180246255
187725651
161011080
79897206
128822438
14071698
191752391
191309717
160881804
143838986
101296226
176245671
132080389
203198898
101748065
187864636
16160437
176165245
184262653
109179555
45768137
180973351
179751689
183946402
100479189
187300006
34226610
168198888
149501725
179752070
78556991
68156291
44580703
135899136
109525016
193217183
170639152
170638763
174303786
91555711
102090014
43348955
180720596
172239254
108237752
146946103
104625123
174509689
73610172
125254425
87893158
95394620
100627266
176246385
166501341
191309698
147941239
178220274
49128463
81703410
195673220
190506314
118841370
152937384
179734741
99110155
178257061
108075330
180973524
168303496
159732645
79913595
95869055
80367878
45598795
107649521
184638463
120538423
102909882
134979588
99656205
102862359
184071663
55349165
191309948
134504008
108616211
193692954
109524852
168110273
160880135
152803533
91556476
146600873
99655701
168794802
148016625
192292585
48544895
81299625
161385133
104192788
81208728
174511237
109815011
173070807
100315028
162389178
147941851
59764309
5171953
149179210
100053057
191419614
20996794
132078589
170461684
168199920
172062990
187746443
50315350
200035386
91976524
104636722
73247393
151491155
35823799
110818150
95395129
43694435
36466139
92640268
107752287
5160823
168497553
72890506
175779635
134640850
16179012
198500270
184071726
197012129
196162109
161533195
176165213
182855299
147735468
143642535
176165729
45878825
179979616
114973800
145950351
95394887
109815289
191309730
59512969
147822624
20629135
113252183
87464921
93698432
117828570
196162178
162207217
93698400
172489898
132078815
161533185
145638971
41592990
23442456
43405072
172192502
98121784
184997642
95125661
92155875
53747175
191309832
71119355
186607627
48956733
114970286
175466367
83779519
16176106
109265992
12728460
108212537
3314939
143282150
186743246
152803506
117410085
102130107
45762070
184597948
162086416
45063838
84457265
105592632
103948927
187642886
6086993
196169355
186607959
157251408
185882440
158017467
173879450
97824340
126881667
107753054
91985856
77445791
134386864
127831857
146277936
118848082
132080651
144637482
175813400
146509364
186470489
43694663
124230780
143839041
147725059
160314753
113500291
164224967
107855264
120538440
64001083
199705834
97332262
132078593
184507636
40413117
168495222
176165483
95859997
117828508
182100328
23266721
108771463
72623723
176165348
178956998
191309620
188229457
190540935
105101229
67621651
95050642
109265983
164032100
176165421
176165141
24911790
178592711
192292849
134304408
185965994
45598637
56707230
194955056
168006319
109524977
170761227
144065779
151923468
118849503
81028548
177603421
123781487
188750976
203884473
191309960
86561236
147943367
171171697
796499
101295035
172917724
159518584
196373076
100479032
12431066
84455742
101219964
93698234
170639229
42264861
119719615
134253280
109263687
114119719
145638810
173127848
185761402
125634247
68027288
107752771
204614363
80217466
67077697
122329745
95509855
178313019
174440298
162085983
94585152
116507751
176150006
46640448
23266182
188576477
193720663
184997925
44250771
44140062
191309614
186479910
204428530
108020341
68021137
196028869
200268190
112339082
108253850
79920198
136035106
140482088
137260583
108807137
168368671
109263693
176165233
164917304
106975073
190106122
181452576
174522690
87911195
149147865
45599019
108616324
84377275
170639265
172192484
95394365
145109358
177602994
147943441
199593100
95316004
147943453
189648181
108856908
101861650
7395175
67605026
95050674
136940104
129249349
104760554
36496338
179751746
109524779
188903142
49233122
141490711
108616303
104192795
150304575
134254908
136413765
94074335
107752327
187299499
109263695
164914662
24960919
109816058
189686887
186480064
49129821
74188275
205819383
76368968
185882505
127936182
133825330
174834388
143665818
132079908
87553681
43018396
168199424
158189855
151923662
183376564
184071761
108771670
107752674
102433016
22297365
116853721
115255275
172993797
195748908
191767234
160314545
93291264
204549454
178950273
113964724
77766959
186480335
157199182
159725019
128822577
4597985
139483007
5150547
186139495
83780661
91976584
191816291
192292544
72496962
36278773
149501875
157413007
104845441
39654397
101819807
149449409
7395135
83605023
108771453
193748617
173281152
177347435
98240727
84650939
196169321
186479872
186607885
203882741
72904485
94118808
147941528
187299597
131139266
117138762
184071721
183376035
112019942
111925453
144612141
104192820
106867155
192292936
151923581
37131721
91976753
192292569
188958642
21205792
98681354
118840377
109524771
151533683
109535878
132053992
99656936
109525040
102895461
124246444
171006773
149678469
102992994
91375029
170639407
19944515
95967003
117828483
89217935
104636665
49049414
204613616
205818396
98683188
50397683
95394873
43694905
172192444
161564315
204771367
174401328
80310464
44573106
76562385
147725074
147722715
148965986
95253409
196793568
129249423
183946278
179751698
176843113
129249424
196829548
179752003
179751831
128258536
104192792
138614795
197148471
176165711
198245664
5372061
134979225
151923364
136940058
193013303
117409287
131417254
121955772
101296058
190607050
152015212
151491171
101861654
15654328
198287753
186607752
199122441
196169339
191309654
186480039
93291086
147806069
147941936
147941483
37012706
139483008
149501838
54857109
177699572
79918951
16054555
114973547
72890717
176843063
166071235
189648482
48317440
46991137
46747027
178035944
93698314
105370616
137260517
105098162
134979521
164031434
149501587
188903115
111925498
187356798
184071798
193747825
145292175
10694702
66906058
178116293
192801629
161384846
168198868
58171942
184282190
13402814
176165194
88810579
117828976
35824135
72642814
195271591
189676612
199631388
179788870
178950411
201846041
206489170
199928905
73815327
141323366
196226422
116857294
147126001
95394006
200035396
141473136
87552704
144708496
168006402
180973376
174156701
109524725
127481555
145638899
170639183
86152808
72109462
174834432
34546871
77445621
109524829
171061299
182101333
178090907
47507672
115576369
152803571
183736123
108771569
109524734
10010392
190710424
67936792
179751772
140878623
53034326
162123397
151924209
176150375
31971203
134511490
42421489
120035576
199171200
147942974
192886478
202328245
176050732
99110203
89582777
180973354
109525053
171061358
189648753
5367913
167376008
161533198
131139127
188033664
99110454
113657335
147126355
134979379
185882500
86561105
192292717
194790816
63987117
91603308
105098329
153468316
67239948
113039984
51523846
116856021
89948960
177603741
166005329
187157535
198287068
92622563
15096287
134594396
207281825
44900324
174943445
179211012
169771957
33924450
117408056
109525079
46825526
102129964
95509834
40737470
95223722
117410139
184071713
138765702
66906433
38569365
98680928
174101863
177556757
137260258
162577810
176043711
171064848
90431164
194039811
101294402
77446584
102908917
84457233
167972655
28670112
174511551
42618334
134510507
58329383
192292800
160315076
147805971
150651329
141934863
87099927
68189899
95020623
189944543
107752194
194083688
194807069
104192801
46445851
185882533
178574451
152546848
164916909
134640976
176165559
109524800
98680005
164031577
171060850
47507674
141491223
143002509
40614066
100479447
157803152
173013419
46690441
117410288
141316238
62680853
37521574
104649018
184333164
129249030
138408341
190506158
127959632
180955947
46640392
161533209
138318266
150472364
98978263
176165708
144342073
111925451
66852226
9835794
102269154
192292596
143358729
89058675
99656217
90375921
172191743
177602819
95394331
89941585
47318278
2749787
176147957
150651058
196223406
157402114
196226810
167523206
196169343
87894891
105880817
186480172
186479965
188750934
173578720
191309668
68995390
37652811
86561978
44246831
127785048
164224837
177603068
102130011
96709352
178226560
84381346
121234727
193330038
164224826
109265948
43072687
95050723
196530530
105097741
134390883
83778471
179752018
168006173
80231458
186987810
186711474
170651995
179752015
48722405
12729432
85134863
113228736
91555725
158059160
84455796
77446360
151923087
102129542
175106790
151229474
138867267
179752209
98116234
191148079
95968885
80264826
84879501
149469083
197391910
50315313
158140668
187299569
14327606
107752326
145638890
49290041
189601463
176051064
94553954
131139357
176464413
43797730
135407577
69861621
164031444
164915240
36336919
72682597
99656801
192524642
89058043
198953329
116877149
42174071
99310829
19809319
48726665
57941658
161563204
109814911
44580744
134507599
44581007
188100620
192886517
199119194
1995349
174531634
204914604
186480444
174531663
186479980
147812904
147724973
147941862
194792288
124238667
119405391
95394280
36496331
169309392
81620661
115798833
151847622
36370067
21243111
185882519
185856256
109524723
124246417
178264564
77545018
138318274
179442297
91976523
158184677
169624127
108771730
167729875
193765298
45476738
143326639
111924953
44295790
168616988
179513147
94582469
109265940
92397716
194953819
92739525
177533901
86381474
192014109
95967182
106604469
143011216
164916615
99655417
153499136
140917660
199732426
140437462
184299995
77444966
172099693
193887413
111287808
177350041
66127392
131139175
147919964
140879576
109525045
180973408
109524741
45598986
105592616
109524701
95394726
134640799
178258578
51320534
87100249
171057865
110926848
130856151
171060828
109034923
128650144
73365762
145638903
45288360
99274635
149337106
43694796
110817507
177556672
112098092
177603004
89939469
109816516
194025709
150651872
35420364
196217957
94984028
37678113
95393847
112889860
47599627
19785264
178950374
179751563
120036080
118090325
191309718
87895159
189081697
186480030
169926069
186607777
186608049
147725004
196224164
58404981
136940036
171949785
171097948
176816081
98679790
44969073
168794675
156711001
154857519
105711635
140446283
145293049
144329647
183947350
141935291
174991378
81208981
127518426
194025775
173717039
202403425
105372854
67937327
127959591
175575520
141473564
141490754
169624892
96446122
75628320
125247823
158116318
40758804
40351143
85375553
83780784
180247793
178043984
100957182
195668912
51420117
187299629
158145298
56583474
194414981
45096737
80115279
7855422
120493815
77445743
105098254
106542009
96445864
100478927
109524822
134979701
46640495
192293068
204615422
176232804
124246280
108616276
162349022
187298857
125023146
42090904
184071701
114960926
188406320
191628683
7464509
95394750
87003611
105086814
196217839
202491866
186480160
177279678
193582801
174531658
196169337
171716292
186480442
186480565
147724933
190251136
198240067
145700004
84457250
43018161
95510005
3576129
147735574
95394182
103458682
93703675
89763858
190680742
149147876
90531338
186579521
140482188
192685608
127671368
112071642
45881104
138342593
124329213
139483164
183513395
110092260
