157254410
90353999
125078612
155975262
162582235
133611365
156676876
146952376
170611991
199639645
148012598
103029772
89480630
122911181
149188386
168227938
134595026
103030786
76542694
84774464
80946593
157582564
192292763
143379615
148012550
147724952
193724249
103029597
174012844
170493988
167148361
115223777
198340607
134666437
110850406
170131428
148696051
127551491
170583283
159035235
74417580
74677796
174658883
189226836
96067481
157583007
114254667
112976854
120777698
119637193
111119410
186479914
149188332
139522759
161879095
184787613
101634836
99634211
191894640
134667488
120538265
193720533
164362659
202817063
170604302
87705625
157584321
74560959
170590130
99627964
195783371
155776197
157254039
128968672
194398778
192293090
188320531
186266626
157842337
181972122
158003599
85352655
71646589
153978620
98981101
131866396
169219636
138825017
202238408
96189279
94067078
170405008
103886426
157847248
97644639
157254387
191402053
98912708
153264882
166002316
143112607
188140949
187114540
75362721
193720484
197006445
96032830
150841363
116313846
148935709
168232208
78494553
148696998
85344307
163874850
149179098
145648734
184758829
202997181
186081362
184767508
164362837
116313806
179013359
192885527
153473108
192293250
85763282
98680097
86142783
105086745
96096680
121277340
124272990
157582882
96987945
172834867
191925866
127654191
116638600
181251825
186608058
175167236
136685005
173820420
169534007
125361801
106141682
173820409
162574987
188731205
157585339
125255480
98927324
89757982
190467127
200677766
197006342
97644470
147921525
134480385
179013695
197373664
168511743
130355588
166002443
149188260
74677499
98074591
174658982
145780296
179013273
179013797
139445715
191391814
125423185
184243252
167146121
182756938
148696939
114685507
112086242
179013357
162574515
97018793
176474941
157585792
96988240
193720588
71987860
141258422
148932270
178828428
149179384
162574482
130356630
198340538
134334432
98074320
155101060
184758793
100188112
96071109
112085625
102484901
165699456
89656147
134334531
134480353
102894386
131956782
193577458
168368691
149188239
164362647
94656604
187115888
146584422
76114946
97644390
96036141
120036454
96122440
86146444
172192059
129249483
151748301
163874859
131139196
93487202
198340547
163792860
175723766
73908908
162970690
193720610
97644719
99714292
97644619
149747854
149188391
86143325
98074576
89656128
181785710
176850790
184758907
207024040
196549635
197006344
163874831
169325981
134230469
162972170
134885272
81208831
102432722
129249087
86963312
133617630
162207251
74660254
74623033
193720520
193720536
157402964
98074287
175468425
134363664
165699422
98074467
72904408
187110566
120538312
120538315
120538557
147915135
176464463
157584554
174509517
196047336
164031304
193720508
130441184
86384741
186346948
166057437
163874732
187566985
175798741
179013455
187122066
91374878
180932844
146583940
198340718
143112945
189671640
144472572
153382539
103261289
191529411
155657995
168461936
106857718
179013485
184300167
153473050
194026007
164362742
74647968
193720543
96988130
198340635
119330751
201122705
192362681
186368572
186358860
186369113
198340678
203471608
190514920
199633244
172192277
202334930
207226030
198340724
198340499
206312078
179774911
202797242
202997299
207991400
205924246
205811834
168462853
202997244
205239815
207024423
207991398
198340569
196829183
198340524
187010678
196736525
199639019
197006122
205240083
202238429
162574496
191696009
187010486
198340491
186580056
147518213
204989016
186369101
98630020
166329343
205161253
203897998
204989402
157147851
179013528
194011364
148717080
202797259
202997324
179013278
208121942
