181680878
51671558
124635780
124635780
124635780
124635780
124635780
85087452
124635780
124635780
124635780
124635780
186089084
181774585
181680790
189642103
186088762
191390806
191391024
67516826
20525777
188382147
20526046
67516630
163031972
20526886
192395954
191892704
182292261
186090007
126146318
20525986
163032507
99482106
109061178
195162256
188382270
50460399
76538210
20525982
20526207
163149118
99479647
109062880
20525775
188382394
110999197
54762494
20521761
174918897
162844085
163580450
178514221
163882883
157822870
193334720
188382161
76240075
10833839
10827819
189471125
143694820
140464696
91861046
163581206
162148842
163905753
163882213
162817668
186090870
8985720
20534154
6643973
23453099
71114262
74767209
158755633
111315071
7722886
117184946
14528867
176696666
176099560
52344373
162526851
176107618
67294572
44823165
94881118
143666661
181097419
178307431
160291075
170351681
10083296
89216287
20525859
165784780
147205396
94879865
55045485
124875393
66611227
7296451
147444252
12109524
127631185
168994241
105953163
196856818
15054744
131579656
73909680
181365686
140462500
134933301
140465453
180397527
28621391
195801442
190153824
111587518
85087603
188428446
111586884
83157426
176698454
171568072
99480546
51585485
99480407
76163175
107022310
137863363
89678081
153809330
153808273
195827121
199270951
188655944
169645714
21436280
171798392
146080432
24470252
70903617
196319850
91929167
90415269
163896997
196282590
146611224
10104879
94231331
114314779
85086749
83157004
20990241
12020824
81824710
7722878
13562822
154731032
58889443
12238684
197676657
178058484
44003425
109521975
163582097
49009139
92403893
198518796
67516272
114843554
163497845
28634261
76165666
176731624
163888596
146515246
162169899
147446655
107514782
197779741
174828786
188938735
105951182
102109429
182791722
105950614
108250838
130787763
147442802
97930524
95195714
132143960
107723784
93963063
195778501
118803534
111711262
147742746
53228148
75390048
52777408
140175345
123887066
177055613
99478457
116096207
99485023
75716217
158755588
15619041
177279371
87392508
197608561
129424110
181136946
189658377
24004714
102107857
129636868
121694611
159018234
163919880
53971076
116024135
107453690
6742693
90063534
90573473
169510273
23014297
197585084
14764581
72639228
159100290
81824870
134750203
174051163
199519826
20822115
67022943
20574187
54762597
163904210
113769576
153808167
54642786
136037285
181786972
177892606
143666418
131302550
85255941
118895371
181256085
113064479
131032419
168821639
15054654
60231339
131577600
132097555
188382430
154785836
147447285
111371907
147448259
147448198
111587907
165783945
182791804
77627439
190522835
188785043
143422540
19702918
105267345
15054816
85490518
87439197
20649601
165787533
184629158
57848851
31209378
132084938
201867714
182134920
146080534
171798506
171798368
171798854
171798892
89700858
121410892
121410697
174029817
183742145
147448127
58441436
108259105
147445310
19550745
57693544
186103460
85086757
48048978
110151263
22365732
85086755
53874946
94023860
7722880
172309902
176701629
163677493
51638534
118404077
186263847
181976761
198587220
163902369
60343372
54761950
184437575
7133827
111585466
111664899
147444542
177962569
195162325
104175158
195947291
147446784
147446427
181566777
192394369
131568047
85087388
147732649
100868615
79439122
100489894
194799705
106808609
77626666
163645460
165883014
182792099
194568510
188940406
111402612
131498536
52343026
91281531
68698123
170751657
192547863
99484903
55323623
99486416
66728398
99488381
171290784
69094665
53708854
30768234
81695301
67022963
149208858
169748569
91924734
198099698
20689430
183901382
113919383
56461355
182792103
104861497
109419550
19701519
38154884
154726519
176696012
172191221
197676389
174038624
73926312
83159122
163034644
163149225
20526199
20534277
20573904
20525977
93205471
50329449
74755680
67516773
78956945
162714466
193769698
48564731
112099693
150035435
36344393
182791137
158667648
77319050
82642262
166532361
67902340
111586021
183718179
98825082
195947484
68936826
173389612
94879445
111403874
147445396
140643326
73622511
182789365
99487518
102485505
153576179
34546879
118900403
55600246
42883667
184628578
37273336
188382101
182301434
110152115
137643038
99490097
56948396
189472442
11254197
91965098
23452478
196319797
171290178
140944949
67027082
75540188
3058503
55638549
76475423
21242706
182605551
113066078
129458427
107465630
89840115
125355106
33360435
44120134
134757633
6640843
147446186
104079795
113065350
125747715
105110429
202042015
172114388
169192958
113064911
114324044
160221777
67515689
54762350
74595171
20523858
163549720
42876060
121694910
162530652
78912673
57910509
78562198
94334268
85086930
67590847
185466170
177682477
116125239
97255810
122069340
168201460
23222322
173476299
174523111
192886953
193639503
85086741
132350683
19550746
78553215
153844709
104067073
170606991
170498085
144132429
138489138
76500468
31204512
100165777
51375262
125747788
75721837
58207164
76158263
141959850
47207912
197536590
3739537
165678556
147448046
113166943
182971920
196319868
185276060
82646137
12340157
74256054
41379713
201862497
103701680
91951896
159871923
52334356
8985722
174037483
174044160
172313142
172312538
172067315
180577966
164011222
163544556
121626976
186743939
166132556
198383107
20574497
162838969
154888171
84775178
78957115
20525786
94879310
92137226
166081880
176608368
20521578
85256106
67734872
196470324
85255932
20525822
89631305
94880054
160370118
191343507
176537183
115096373
94879535
94377441
26431887
108263452
67908439
196600052
137747224
171612831
108255317
124863665
153408135
94881280
160170784
20526128
51144277
85086748
176548156
110990989
20521382
163903477
162734400
94879854
164223474
94880609
184913927
14695097
56456452
161253127
67515641
108253764
92390145
149480675
169363191
10834102
169621343
173761335
169628513
158790287
53721207
169626424
176727978
176536730
169617467
72672323
164223738
150864693
193347068
108261944
85086751
177269891
94107643
174305362
195776333
116096415
125355171
76370129
163553548
169267594
193446513
129035853
196641577
158759972
94879971
94881811
94880057
181254589
52339542
176100319
169622900
76454576
134702556
147730173
55667032
99666359
163436248
52232659
29939062
87250655
157073219
6901845
125745506
99681867
153470269
182312924
107464962
169647134
94879733
105951200
163712685
172064155
82984729
169646126
147444267
94881310
106606584
161253327
169744500
20526108
10833595
174316158
167409562
191579780
76705826
176695312
167409430
141122215
176549399
108914501
189785580
162617092
20526282
198367998
72798904
173359876
184438289
155218501
72497132
50329317
67413596
77626708
175090279
67908631
167409263
94879183
94879492
157071716
184795083
125801495
196350462
176152913
198587795
165070058
1351555
198349988
85087342
192175331
169051826
167025428
91938943
20526007
186285725
122069650
147726619
165852542
174039533
164433156
103702113
193315749
67516915
105363428
94881276
160092722
167409543
157070798
109060657
105371948
145219981
188657773
160291057
181680789
159880247
54762077
153407433
76543304
163703000
147740343
172079837
134667829
199167402
20525612
189591114
121320758
165963710
67901927
196033255
176711399
