169313309
195997228
189854232
196683770
204660439
66619316
115787286
119722825
89465749
76273910
169247154
66620209
121266560
66621360
196047596
196028297
195933470
196480348
196025426
136959516
68117476
119720901
82144335
117675952
115848596
96313719
168789113
168789100
83607233
75448966
7997237
76193509
73746789
110696274
189471216
51430313
182605248
145431289
83833063
190654971
196150328
195997830
196009923
195977301
116147504
140470949
65086498
148677121
84762103
177312953
144542419
57722527
115833232
195980783
189471042
189251109
196675426
145454918
120309506
111000550
72301650
7997300
66929553
46756039
96650690
184492778
155716223
16874833
101656009
102798313
178958545
73750157
159887971
73628519
186630300
120525645
171222781
195962049
196017635
28739841
159314323
70796609
53837271
115832905
133867407
67182493
177845164
51132452
7995643
152561223
193054945
127379479
162151201
96069708
180611515
186187160
100428550
98039784
182296739
169462806
165722636
69834952
73821380
110993914
197829904
57325782
173683430
150672798
150673189
184603176
196319330
195522030
195516149
183525153
196025586
9809487
136433773
170773282
7997318
105522653
195964753
11366522
173520819
193309508
179918869
188300724
83975916
47896033
198120360
74926792
76119429
165722284
9809783
35374153
52281127
159603968
105523058
137191894
179920818
90299714
6815151
95859368
165722106
193735723
144504565
76302185
132079914
182457610
11239959
162149892
191901438
173914432
115775587
193159913
78974265
106188535
158756457
103808017
179919712
196182217
98039734
161952639
130790475
98296618
117676822
11502185
163580407
116143585
175467547
195971840
169673196
149932258
169573532
183525013
195980018
127379868
93041726
196028720
105695828
195900978
168789250
7995659
48357210
68135548
77674503
195862035
108382638
93107264
106319063
111586475
5924489
201816490
182555265
171223382
191926093
49326039
107804180
50775120
103031223
178779821
105672182
82874136
143643519
181561379
9793474
191592567
157121397
87530544
198800193
193321804
98296700
146267575
171223157
110993474
68770481
182547862
115849032
184059068
171222552
195647119
175467764
111524746
102796851
195522293
195980615
84936254
196336942
66624035
196188312
76109447
82885687
119962810
136393568
198542702
115935727
127379924
168789067
168789208
127380104
168587075
57512036
171116906
192034220
7995207
144183418
71177766
110993646
156212202
127379903
161914264
195858416
68770313
167889817
88798295
98039899
195879080
192451617
184126321
170132118
184466138
165722034
51148182
98296541
173253051
193760519
110993207
197718205
179919109
158756545
201160369
193268933
98296288
189076852
44209312
118573311
189372265
7042759
102799432
102799238
102798403
196046293
196184101
196023518
150368995
195979788
195981764
59566521
117717569
143421590
144041034
195950012
7995297
55061399
157166181
105522481
173635791
192799876
161973141
136523928
152348778
155701266
73330956
9837125
83489672
93127044
56690823
144538043
98610988
144489822
149345915
104367403
177775028
80618387
39363143
149348475
112190019
71973540
28624782
181561352
185991246
103030033
181981670
164483934
58718381
161978534
159604229
167012865
70783155
16997582
181561430
80706432
199551808
146491340
177858514
102799242
73821200
166369812
179703902
189683567
165264503
20007807
104616397
22663140
45344764
77196131
174824264
21681400
127380321
88789810
192168693
179797070
53636554
165722189
160843215
189136713
170985933
182548107
175415164
105751387
115848744
146247817
149148410
83925994
177946262
182319716
182556187
165722914
196200363
3774899
159314261
117756352
178483023
180365695
102798406
165992256
196025153
24861679
195840489
195981221
202763521
196022486
192150848
146248106
133867687
66684626
195822496
105121088
175469846
92500118
133868348
116744075
136423454
52128879
9810452
60193369
179916712
161968581
168789037
121235163
68025876
73505299
7995348
196869322
164347382
165188818
165701115
58878773
179694732
176129530
191374205
9809445
176133926
191373857
7995370
77590183
144918928
160580416
156958318
192677503
187547435
155251403
7995421
179709979
175467572
183034691
68770299
182782714
170776657
20008606
170661455
192676258
66928888
179689131
7995324
175470163
68141105
172831279
191374145
115848886
176150151
7994512
192687047
175470046
191373853
181561378
98297068
79435792
43843331
190650961
57155828
174515933
75607876
191373987
167970465
191374095
48628767
189250976
108892413
108892599
7995150
175469959
195866649
165238439
75950498
199197742
200724047
147575621
7995270
175467363
98611061
147272300
192897144
155249590
175469165
55093073
197779452
56100515
59254597
110993657
175466984
105371864
158008007
7995587
179690659
7995403
57124870
140778152
108893554
119967382
190650908
114254010
175869304
136482419
191373779
176145655
195863498
177813820
7995447
137442608
195865797
179689746
194148000
148012771
175469368
7997276
194077836
108892306
202246243
116874672
191654101
175469677
161956663
199195713
77942324
167010876
9839769
156958383
167011051
188689953
146386334
176150791
181561386
191374031
181561355
192811040
76757414
179946173
192642401
75355152
6851741
98040064
196188470
140779014
182563560
171114889
148012411
98610856
157252311
68135683
191374226
117924846
92480080
201437312
9810616
147914587
157166857
55880635
156300473
155595033
161974294
179750075
153570444
135471308
55704113
48626351
121225347
94906815
175467691
178515872
190540817
199199744
196319310
181561331
76063032
161969336
117077733
196196860
120365360
157144021
175470140
110770400
58717374
44215572
184054524
162160636
195865104
195511930
167011013
169313383
97546147
13030187
196853621
175175995
165238522
102796764
180326683
178498731
147575620
195865931
200727568
95859511
194077839
162148594
19528156
77942295
175469917
190650807
191822591
196197957
57124997
167010816
9810346
182605387
9810395
156300254
41379338
140780941
127379476
55697091
194041868
122293968
74342495
190540903
152018048
69999841
76264751
164491354
197147199
177610171
196150152
42471628
196471674
179980084
149271218
69690193
106301994
103966573
105779273
183036792
181561306
189657917
56442154
189531418
161974049
148617888
165242208
195231761
192125449
175174283
196189141
175469786
167011269
79398466
169562060
172906925
57124445
63485211
167891563
176152261
197779442
164583409
156300222
110075852
179920440
178044804
156300192
156300112
73500680
77942452
197162234
140780862
148012399
35068351
95858821
144549912
164583262
175467402
167010921
136550308
95052119
162148951
179796984
196190817
136588989
195866297
191828896
198123143
189658221
60186694
76196721
79407425
192986506
7674867
21479764
184248487
76828220
175470012
178534291
167011305
140778097
191729700
140776970
171652622
73821253
191374134
105371529
38004432
115848604
140789646
191374054
140778762
123842541
160828323
74342064
191828835
199021951
197567285
98070696
193927325
156300239
41380834
53838549
56510051
178044059
77196436
195972253
103030026
161956535
11366561
195969990
112946009
72119559
149918298
127380237
70511578
141128318
42002222
60188972
76262452
118007155
129942076
165278029
57125061
156300137
197665833
179979259
140785854
60194734
196954432
168072838
176061555
74341746
140777759
135468474
174823737
58878720
167010973
198211541
161956045
98675727
167011061
179698437
199030132
76755051
198956939
140782394
202245716
56112306
107076437
115675429
109878998
199058930
196199619
158756485
74541439
115848880
155326314
87120671
9810665
184256537
68135899
196197030
20075304
199038716
158143487
147930605
182456581
165245367
140783111
129945170
174825547
199126170
191374116
191874289
199034815
190214383
74169950
178510980
110471209
127379344
195647624
106208549
5544655
199199133
94390299
195849796
35958247
150535079
68026050
166499900
180319123
198800277
188833494
24782482
198320847
140780329
140785221
196954424
161979355
155984359
170122563
140785247
194075303
193760541
198211021
73419412
105523936
156300378
136539337
95858594
127379973
155984028
131032038
166389140
192689102
156215140
67847660
180318940
53642708
191892905
113767080
174824756
161968657
167497944
76418296
177477718
110992969
86257609
76196689
8294953
145448967
90883247
182296032
167013211
174511553
167428700
198210889
167011127
182844342
137463368
191892733
127379262
76262156
152018252
80756212
165279331
195899294
149335638
203397068
179918099
197141492
196147499
98611409
82036226
101685381
121261117
135469226
156300175
76571067
199033873
32477662
108883351
167011256
121691936
198210970
9809916
202763512
202763410
178534003
193714485
162151324
198210710
171116392
199031841
73885761
197617617
133867672
100165561
102510472
102797402
68770455
190650562
193715078
45965728
76063778
165268068
191914725
195028038
194077916
50453631
108930632
162250351
36676080
113300229
149410150
161426185
129944024
44898970
5788113
200724858
140785520
123841561
81201939
165251261
195854100
161842738
175469621
193708557
60183810
100159975
46234442
43934684
100168519
167011053
90352394
158756892
123842198
168794529
58614590
140782411
195234853
194965361
40971744
173683514
192725949
182123204
77942337
189179764
95716706
87452189
140784209
196029015
159604043
176063587
199123630
174028851
192453952
162140509
179916692
102797472
127379613
123842420
149492381
70309520
195981404
164295730
98612317
193924640
197366925
182449991
193411225
54497515
110993072
68026895
82524259
172985963
161968405
133867519
133885396
196525012
10915110
155376118
153806918
199597237
140782872
155042831
52294028
194464712
169078630
161956197
140778130
171151506
165323147
140777834
45340296
101702196
194114015
84936275
174028326
136475990
133864953
26660968
167499449
161842296
190653074
98296362
140786956
177701198
197175658
166499525
195864383
41318675
149450758
104822730
153368128
179797153
193310225
55698268
177478139
51699913
110183814
98297314
160058033
195519967
93106801
91861460
173627813
195928042
98675507
123841535
179945738
76196742
3146529
175987459
140473742
51121295
184600520
99945251
161426075
123841043
153599496
162133509
104616059
98610966
190510884
199198939
67851984
43985488
175416703
161960821
84936293
193619472
196954523
191823645
174028663
67720175
68135727
121691700
69514868
176098111
115848982
76196700
88917307
197567241
165260126
39292714
196468199
182458841
103513092
182969844
188834702
165692338
198431272
187558881
104616280
135602148
76119571
182095962
196954391
184490642
170985558
173630961
117816074
154275100
55518353
159946203
84936307
195937656
197778260
41350783
140780985
189942398
195975566
178514440
146648795
135409110
165157744
144622933
171222254
145455290
196427153
165994520
176063974
140786105
197147814
170107451
127379093
161920316
109244535
98296880
186626539
197162012
98039776
127379276
140777832
180319151
172523974
75355184
162152183
180608489
155983700
155613853
161897323
168587565
165267638
9735569
186628301
179918980
65105750
171222983
167424885
133813196
127379414
155985685
195901159
196067197
176114013
110183451
107033540
56650451
92495445
196190255
177348008
48551516
198187308
134861965
172995525
193156774
127388483
7994827
72824401
195971230
170131955
59109662
201383750
165257820
73820375
197618496
45405131
152346113
196048033
195970261
160576344
60153611
68770423
202151723
182801884
140787925
161892559
195879289
143232309
3156099
196537520
44153001
117814760
145426116
196199499
165274925
171222425
147085409
179808008
198287791
161966841
82426980
110008511
74982606
111586316
196471805
196191992
165278408
88040074
202851200
196319296
193054679
140778895
2829851
92494659
167425649
43117536
156300159
146479076
140783388
196048549
196954610
127379102
35880497
127379185
155438927
102796815
102799047
196027804
180587396
193760609
140782793
140783052
140783138
100869620
177164641
14762833
194804935
98039876
140787180
198431151
69691320
195928284
72324342
80689542
202243252
196013420
27530383
203969788
179978652
3158399
43114359
129944780
28741521
199044110
203852889
140785030
108930075
126723718
179877506
193315731
178761138
176063452
140784459
35374607
133816275
192457092
176071408
165874266
161496840
161978971
175415638
193702216
77969113
145466163
204850101
164375966
160576219
80608388
140569543
43117524
199127397
116518673
198211538
84936233
162248152
193618797
149353211
140781226
11615549
87108557
9735088
42899678
140138719
165157783
198297121
182124727
23198895
57659225
2879043
186627242
195865585
58016082
165722860
197618446
180863136
68026620
177923636
123842606
96334957
57381733
196029671
196149047
201855553
177610049
86052979
191388869
140777790
199121021
201855696
94464171
195507492
189169439
77942499
162249300
172949688
95858561
179945878
153580992
191825243
133773802
13414357
79666393
194105501
174505071
105539555
171223731
186756301
13883504
183036797
98146289
194041716
138618404
186265749
134363209
145438736
196148590
185214326
129942384
44005543
42002624
198090890
186188528
136007253
196954221
167147652
44493285
140777043
161496832
165337495
45076959
21477660
202780583
204116882
89759182
129942808
127380458
196022936
164284604
85451071
127379028
157063126
105522183
105522370
197144801
26663960
89758735
184136455
110183305
194023510
79404399
168789115
120359871
172529366
140784156
151799130
202255918
198119766
102797573
180749147
201384672
133871373
199695406
88928974
171567268
110993963
151817975
171222335
171808089
104615833
59261642
96311307
129260087
110993126
105043740
165722143
111152032
195978852
195845139
194105491
186630926
95861199
140781825
132080417
125730341
182797659
140780447
102797401
196189300
198211054
207357319
192985876
13319045
152347777
121651396
140778381
117678945
176114059
54852390
70796867
203968217
184895893
150934914
196159276
84763166
140790193
90352357
87120433
197321375
128567645
97081993
140779928
98138297
176143013
115131518
68026284
66684640
198296844
45419908
176063721
192332083
195902891
195520204
196044807
190540761
176896596
162205272
76125096
73821358
21837669
114535590
162143922
196047408
196009284
198091186
129942323
171222268
67355253
129944894
183110561
45009712
162260112
203875562
110183897
206117618
172429869
52243968
194077848
99944957
72099855
108922967
140777706
80699670
73735851
179912274
76198770
161979279
140779161
175469331
196954053
171222295
133887850
204423905
199646226
84762553
201818781
71972788
106378972
192119671
78560480
171141007
195967118
165722221
186627627
126723619
170743482
198303742
177946786
175799118
174312444
6571721
196049826
77305091
127378959
167011204
196004061
193294658
129945080
171222817
187558980
116190200
79855098
129944877
140784917
127380489
140784280
111233688
177942675
145455190
98040029
94456165
165722065
186265496
103808027
171567923
161960422
202064937
192391097
164023467
162140273
145143145
195969289
203850506
187558600
140786172
132079632
37497055
198300820
110165417
102798676
198123487
195866155
130412234
133876454
2879229
154104244
52587112
99692644
196537205
95858742
194785725
165257006
136137225
195970069
162148350
13796635
184252651
93272825
140788560
193916152
37909044
53457234
102620330
110192355
179792035
181954760
195948665
125270506
125777332
140789459
172690858
38759122
184617161
169467033
202243776
145456359
87120615
198288162
153064749
71183204
129945061
84169661
198089034
144565767
133885483
192795954
173632709
11390395
176117633
98164788
161952477
205350674
58614561
76196647
115772077
17008792
84761705
79224227
193702901
80626824
79641442
104823126
196031465
179753375
98039923
133816494
133883743
94612792
191390215
109866619
140789615
110184112
39976082
174314489
140781426
188691341
180377472
186604528
89758859
98039829
57343536
160552943
73518584
122293249
160843436
186628487
6737965
179917421
42469817
203985884
136139412
136139893
193735874
192391384
184514635
112945850
140783679
48920743
140780005
37133311
199554957
86256521
183039963
191365691
177556763
191914848
140781751
191817685
161952563
155501584
195963029
196954371
203769660
195841231
188230868
202709004
140787046
189082700
123842630
198201120
153492294
53088912
193070615
90741214
10830262
76755438
140779684
14510068
133878991
107067150
153038813
174506188
68135586
190843892
105524363
161939048
122293416
186265119
176217213
82979709
31587009
168339858
105045533
196147363
189136565
174505058
11502235
191620399
203871170
132079366
90460717
69465110
164459028
178779577
76108478
152347835
98611666
90299258
193708272
109787733
195969573
196521746
133815475
38149518
122711981
149451349
176063938
165692178
199054057
95861162
198413637
27421548
195969719
195979168
140777316
175416598
176063165
99104057
123842642
44822710
177747567
43113749
21156291
140777341
20711264
197189374
140776899
198413382
84170105
123842463
143179474
82423645
84761341
46621924
196703077
140786691
176112860
183524070
195845844
186756330
199595884
204641049
44863637
144537513
184248336
151817737
184517068
82940509
184326981
195972967
187558779
173399466
52087500
76047071
42002823
84169959
35224619
191925681
129944142
182296396
2023481
55517492
98689520
11493107
167969367
176145810
84440874
190510941
204444521
192135128
118007523
100420101
102520956
192123114
82513704
173671474
69322187
110010909
177591198
71081657
205223479
79937098
182296258
127379767
53089695
162205037
171652417
109021127
205223787
177610096
37496745
98164529
140778715
184255914
128941222
173630815
204123371
127379334
37967367
82427019
140780084
123840912
71210965
92315768
107762695
200817687
202154677
133887696
204124859
140785865
176114503
33006073
199946388
129373046
165157785
140569591
132817448
161960627
140779087
129942798
129943759
132078540
112303659
161967961
140776292
36181420
196199483
178467047
187558709
98141675
140783990
100087577
121691855
109018154
44498540
140786094
136849703
181927070
152887445
196018473
188837003
168069382
68298567
149245929
143178371
6523023
178538780
149780082
195969745
172430168
98611776
178467739
110183902
37907617
94390512
193707493
174510956
68538159
44103212
31639352
191723478
174296200
35958245
104532119
186210569
41213527
120493873
99105679
192143786
140788077
197728388
200811582
189374252
199977451
112999329
80702015
182487422
129944739
105524361
98296439
174272398
72322159
105523432
197173634
183567215
193734924
44887595
170744934
158756663
110993896
177925962
191900996
50968135
140776677
140781679
110993105
191829810
87129085
202859697
127014131
140780051
165722599
35909979
186210856
39958171
93272594
113235003
184250929
199051315
140778466
105778975
189173518
35958243
145440250
195997275
74690641
199601451
99944815
13172460
98143728
34574225
197040840
184603473
201027402
185005407
150946344
130211164
140779601
184251222
202650502
198126665
140776333
93737775
40946307
195510694
69225230
109242594
68657244
44885923
186604556
131032243
51146504
193735799
123841528
140787419
8292113
177874611
167007837
195971089
195968916
165997167
135470652
196521418
192665974
37551083
121691870
37906384
