199142753
2854757
4142447
130084134
193773820
72562875
74860906
79579718
44028128
184475930
169191219
70691829
155925409
159730189
155925399
193716937
31139636
44180436
176224263
90465325
183338374
143695013
56905169
59217491
134623563
82831636
73370326
43821400
130061686
2752195
176224259
142144708
26064289
152564355
171254138
72703063
193631946
196468316
193773816
204282682
193773838
193774002
51830289
194432931
135552985
145225010
169191227
148824328
182123244
148824326
130084138
73497372
193774000
197798432
196468318
197798430
204282681
176472975
137753311
179781740
51528472
167232977
180575806
162031708
198357198
141009799
72604465
186069352
40842141
80933783
186638903
186638895
28347722
44180498
44032664
44180295
162361392
197798428
13630030
171561953
73754996
108757167
2792001
177488107
164283671
157713884
176473440
13629677
13630009
52201441
13376485
12114573
152025632
195106545
193773834
193773814
79411031
112068705
193773849
146735043
15622034
193773822
5164387
74173109
193773828
186638899
107530440
193773832
167208524
193773836
85272993
134364064
44180454
38431825
56694713
169191215
129766324
148824332
3915085
129754460
130062141
191421883
51829990
184475913
72656351
145094008
107407481
52891081
83341279
150145253
146728842
155769287
185449163
98087887
164358589
12039865
66394678
183701107
90574708
157713880
78982606
169191221
108924005
79565477
13759417
72563548
51835172
180575818
26738393
152468616
186638906
13794059
63279314
184475904
183338350
186638896
134625267
185449119
25901724
160898202
157076797
3920517
178511944
162361390
193773817
60868881
193773824
169191216
4898407
165600195
160551028
182482770
180039144
159730191
95479223
193773830
98635430
13630093
36652001
107393881
124147136
129346979
79572598
186069360
192411156
73581349
193773826
182547781
71518463
116058320
134628062
13619815
66114903
2781709
158775169
164339216
79731381
147254460
66593027
183701081
143701511
3901197
164339143
156732378
12036553
157316575
165109928
186638901
185449061
186069362
173891012
12054324
13376412
154400953
66236490
100118918
181171046
13792655
35428084
180528099
66397118
159730193
163297651
12053212
129309655
20817916
74403984
72456368
767489
66204129
73985782
66591120
97091524
130084136
151905664
66207179
4898375
129748832
130393025
66234206
66609601
66226875
15470305
162844441
128675390
193773847
95060535
2775543
149460231
159915677
71519123
63269651
178511799
14860504
22372058
181120042
157076795
180992513
190757888
13376930
144584821
129347142
13795071
163574136
40412767
2763385
173426064
196468319
192560500
183701110
160315422
129347495
177780687
90574751
175904516
2752171
156732372
106318936
78635068
26057945
52344011
178507302
63626604
204957844
12383290
766106
130392926
137753313
178507294
176467233
184475923
138460502
129347564
13798643
171602733
100018204
183701077
180250361
12052945
129347361
196456293
12052575
180576340
197172040
186069350
21035039
72903690
25922080
74173278
20706860
12052782
766016
6454421
158349052
72323456
90574720
181197474
192706522
138345304
45470912
188837587
55135551
130392703
66604569
114567347
13675117
196468322
15817642
194421573
168467806
184475889
139061883
72724960
191529587
171537975
186069358
66108485
4898377
174294442
158775175
164339232
181119683
157076798
197798426
149463665
130393090
189590390
82832110
174428620
194134188
63290628
143701531
20840502
129347357
162588332
204282685
29266975
72703286
77674641
185225491
137753316
68561714
160796164
644349
167657276
163297630
16102570
164959973
32805316
73829699
198357150
162361388
201146047
21034818
138513932
181210104
155108318
32836629
158349385
183058599
137677544
130393075
147796030
181255546
143362764
169191229
45150482
178506588
189175850
130084154
73765253
66522930
66117653
192710503
202561354
155925397
13121129
98102365
62710360
158594762
197243196
21434072
68362255
129346949
15162554
54696056
192561046
26616387
6783133
171602242
20953127
129347266
129347736
192560728
82503209
145494268
180254893
143701554
19710341
9848416
59450462
194316846
129347248
168467727
150759472
91296741
189591057
129347082
183701075
198356555
182126262
192411195
129347713
11188135
129346963
137677103
81403263
195105110
109813192
109792177
81513222
12036128
138306725
63468792
845432
2414671
15816982
644351
187468183
187443437
124147165
12065011
197172018
198035789
158154265
196449051
129347069
66195810
42258555
66655292
201072500
184830174
152025477
196180434
15470236
164582341
4266203
71517993
149338083
7003299
66186909
158775168
13130236
195959404
181926031
188126553
199951277
190080690
150739281
204957878
158594764
20953698
164965242
183725968
152025566
201146035
197654545
11494051
17889504
20857918
32801919
149343254
183337481
150145251
45075444
7038547
20857349
15890630
189591859
106276518
186069354
204561286
72453286
184084617
113302000
164583079
183701085
200003942
41345896
129765975
22372030
187657846
77659718
147994433
12036964
180380510
188712695
150934637
17887885
12407216
65567684
130393077
129347517
181976978
137688512
155108315
158594760
11872678
183701096
187896102
158348964
152025650
129347701
192411455
129347577
200963025
45075467
72454828
51835474
4265423
172843875
13798634
4265777
192913123
130393280
130392948
124147121
177780685
20944843
12104912
202036047
45207232
10712988
189177112
129347026
63309188
45289689
82862526
45288452
130392773
129346976
164584911
72907942
11123060
12407942
198240092
63821801
202033896
198040706
198035614
180591123
15431668
16102586
10584145
187450016
184288190
152950774
183701094
68368171
157549319
15162656
187884283
72603316
203246528
183530190
56903068
146491777
186605790
109803748
12035565
152025825
83428398
129347426
64045621
205823804
186069356
203922179
15782533
166001655
113048017
165244025
26359031
197602215
155108323
187618491
129347765
66580146
76269000
155043942
6783171
20903630
178506513
11122789
20841123
129746841
17887926
76269116
137678304
201282348
130393003
129347454
130393337
15817554
13311411
168978297
157078477
174428590
138342880
203246487
152025618
72749782
189592897
183332151
129347543
204957882
133831010
74821748
40907230
181472919
176208166
35031965
45287213
187455663
76269069
129346945
20064662
10713164
176505914
146621523
39127932
180580781
63581294
76268998
129347225
129347376
179555642
152025715
108912253
76269344
130393391
189204598
182549094
205610036
187657848
204989478
26065710
14802173
16102677
188543590
129347328
63302670
129347197
63628888
180364849
197654426
190602204
157084064
13118385
13135388
15474106
83428026
187453363
139067285
192411089
130392881
130392751
35426817
99317114
51120088
26619083
180992697
17887841
17888931
197255334
165997195
185449201
20368843
185258970
129347401
129347132
130393413
201282354
113328993
188012303
187469368
180380512
201062355
203213073
13402670
72331309
50702470
19937947
105614908
17887811
85817256
183535618
158349095
187297798
181473119
15890782
181218970
206134133
200003945
154779905
129347013
192560864
188131782
186243913
63273368
130393342
129347735
129347178
129347319
129347419
76268790
201010610
189311980
204282679
14038380
33517783
119721654
15823500
129747587
157083161
113069129
183719060
152025354
184765424
159314133
196973375
129346950
188125892
192410793
200003941
195870682
129347575
129347418
164587752
164584368
196058952
203246513
2161693
2099219
117090462
28349983
109339493
158349273
185713603
15891222
148216300
152025444
181184914
42764684
197172022
203293670
130393079
129347190
139079558
62353955
129347344
184474941
138138754
12114218
199683209
183725275
16169846
20857743
179572969
2176135
146034217
20021270
195104995
154854335
192410873
201072508
204957876
20206518
35427992
45290334
157079359
15785789
158080585
202329769
164361144
2320119
197322904
180525684
135474162
180576618
10584143
2800743
201072506
64042336
76269073
198040743
129347072
197172032
129347016
187472449
130392652
124147163
51498877
169622173
52262977
113403140
13159589
138140037
51722344
202329951
98102078
51120234
150122296
115717198
120534839
15890944
185449220
128650253
205029476
152803371
198544871
173281308
3046925
155042683
188129255
188543696
129347558
76268800
152282444
129347559
129347470
129347600
129347402
129347516
129347120
129347079
202013806
184475241
201062360
188128784
198035737
185271648
72725403
3898691
107394298
17889501
4265795
183719705
26740466
2751949
4265593
183539210
203246358
54354157
183550388
20843651
172567262
82422938
45173677
185448036
129347313
129347616
129347031
188010334
129347436
129347799
66610127
197172025
188010313
186143060
203213069
201035910
191421884
200842309
45150503
19841985
23306790
138342832
2161569
15826974
99316974
205991142
2593017
186312477
185248880
187470314
64043609
185762772
184759664
192410619
201072503
130393105
204871874
164588131
45151333
168980458
141530472
147237717
4265611
158348947
179572489
165968809
197172028
129347677
129347690
129347484
76269350
130392710
129346975
129347723
129347446
184628613
201145870
184639136
164583237
26326860
3917377
2161457
146769058
91978289
179572427
165815297
17889029
6783137
2161623
4898363
173253987
10584147
40437651
152025551
129347052
189371463
129347614
129347093
129347068
130392817
129347035
130392873
66537155
83428568
130392765
129347366
63460036
186600620
188928126
201226032
26736870
178768263
85932198
110979596
90709540
765994
193631980
13192349
146774409
172592051
109339107
197172030
83428647
76269122
186145487
188125815
193715441
95011377
129347752
129347452
129347824
129347143
186143890
130392813
201145872
170846024
192410634
129347450
129347334
130392618
130392801
183701105
196675531
161617527
13173837
176208817
185713553
129347515
188713135
104494837
129347025
129347216
188712211
17889451
161462946
184629156
130393008
130392770
129347711
196964059
76269417
129347021
129347265
137675147
66116400
196975944
196971600
110845480
142442514
184768580
66109673
188120013
197654041
183551284
82502932
181182269
188927394
129347393
196968301
196966957
206641274
205223395
206643776
205242818
206641251
206651283
207226126
205753023
202331291
205753297
200814002
205727842
205204798
197172023
207886444
201010612
201062363
203219965
203222203
204871882
196974810
194421513
200842311
200814638
205223419
177465484
206651599
165028041
203246530
206643287
206649625
207922676
197172020
197172034
202413099
205813984
198035636
205817316
200787580
200963019
204871868
203222135
201146040
200956416
200813702
205727917
205758901
205728264
206641641
205758231
205759126
206643148
205223346
20023389
147158594
205754896
202406243
195106407
203222236
205823806
201145860
204871875
201226030
201282352
204871870
202334113
203212872
205757448
206643666
206643607
145494544
206251531
200814174
206651357
205759853
207780607
207922724
201145868
188727216
189372241
198040569
205815562
205814153
201072510
200817214
201062359
204871872
204871880
206643376
161868056
205997428
205752360
206641298
205756628
205728374
205223207
198544839
144869841
207889961
198511932
188708105
201072502
200933191
201226040
207885427
201146037
200963021
201146045
204871877
199961764
204957880
201282350
203128205
202516238
204957885
205205275
205728739
205727899
205728352
206641185
183525904
206641378
205223248
202330181
203246301
206643702
200841249
200003937
201145866
201146057
199950613
201010616
100495840
203222376
