154207423
205917247
161954755
189268061
95446218
68522324
76448408
67451818
58215166
58216140
75554891
37941722
155529953
160818635
44044210
198455191
90469917
198817523
190529868
78954023
150545045
136681065
53598383
186270968
197173035
7971405
70436432
177929234
196353547
145879068
161964681
14062664
147694482
58267971
97552049
186210607
57983619
58563135
4699077
192129582
206691442
51299105
133618167
133619399
176067951
21560454
32843502
102808460
138556972
32842786
77546290
150994588
52459149
198456189
168871317
154195486
76748874
193087601
102810167
92564158
138543600
50709932
58563589
74442854
74494387
108197950
88925675
67175802
57939413
74854470
43872903
59086244
37942714
53030801
57519750
109389766
136060606
194455178
52195323
105628957
155530131
41655560
5541069
45689087
82874016
82921698
82899463
57694363
51832104
77544798
136060242
44011247
32172674
147326633
189267895
37938772
91344083
192128365
89507424
51299063
177012500
54858786
198456039
165586359
7483811
96243197
44324918
81116907
76156635
186139490
74901478
48758982
87137041
74180929
189527594
68303251
53280099
174382609
70051251
44044608
168974989
57710678
80091013
116505799
51566434
44000845
127591058
8950404
44146712
193044239
13323315
51733010
186163143
26027469
175424080
182838280
151923691
44012728
1940551
1940585
81116759
162031939
4482829
14038774
68595828
115520033
95869786
145393601
67017829
13564408
158603625
68367040
149765324
55470424
145898888
167648472
40721535
164341070
164450596
40722292
67387413
82219487
110162598
3137747
185994646
180995094
132833949
188143234
59100318
41427549
186156546
149179759
134842357
113232326
153488960
197535259
68303291
7431981
21191152
149179099
7815977
187443969
161961851
148748877
32795214
153978872
85046466
206141634
67298882
144539220
23395345
200035287
114306504
69024921
44303146
165604342
195338262
184787612
134020407
140904926
15179024
193044108
153978903
54645206
147805911
108347170
70193165
82906831
133832862
102811567
191499912
70111160
81419629
154256588
44324447
80250045
13525714
155040273
1940615
133000650
112096703
108635756
137997996
28729985
164209968
186640363
71999787
197628823
91447635
171771644
49006087
45293616
149776295
151922926
67546405
153264981
136060751
143799415
86118849
166542252
47312605
4225727
120510110
102801289
97763127
171773079
29826144
21261188
113583617
70111228
186140117
8950402
155062062
86384677
93849315
70803345
136095594
70111327
171774147
70111257
50478282
198128126
86382859
136681465
84383202
190722545
190722539
20239184
112224464
55959837
185843553
182838281
157075185
191925614
166542979
179758621
14463976
8950147
171770977
52295133
194026619
143112447
34230640
85046331
158383428
173051392
171764490
103813801
147805919
169653703
4225879
186148394
149179264
113583454
167432897
70111428
134842721
174423415
188017946
167522572
52602200
67387328
186148244
137980695
52784066
70803011
62351810
74483221
98917401
187452413
113156464
147806235
171772156
14083449
169653644
197540212
171774787
2702899
50711718
167469605
133000658
8950770
149179394
120767165
149507793
51690048
34680863
151922907
87354662
149179150
90113768
193394186
143886327
9813562
189661219
14995152
186143628
136313446
109585264
167461809
73726912
74282679
186148332
15505327
190722535
147779343
8950394
198077496
116313830
151535735
186209971
203290030
91370448
149335623
153979030
197628662
76006968
167432461
188750895
149797920
66413306
158385592
116313872
4513487
198456297
171776242
11776283
86036601
171776526
136095559
188377544
150722934
74281929
180995355
197941451
91375357
25973148
40540250
178055232
201251671
161954571
41258265
197538668
17141632
186143721
138951410
171763943
136681324
194025946
184787634
192378056
49006179
58992999
59052391
113156368
76157596
4225891
151626795
59047092
11195006
83690124
70801723
197539537
760842
68977340
2648357
180995687
146515008
49006122
116183170
113583257
140097078
165605166
131943903
186649514
19742944
70111229
2686203
80285101
150368979
70111104
92641682
186163750
188141033
150148744
15161784
105709067
21143365
170652560
171775541
44152058
184974330
149767227
64275424
126682296
17614864
119976867
156684277
83689836
2750635
182838252
77545958
134929748
4082855
2745197
137981098
186150188
2703357
111585276
71998604
134973622
183350904
188017812
174401284
44120103
186135225
67387424
8950242
13403842
203275584
33337991
103843233
35260341
70111208
70435299
189630751
86043904
178739319
76157012
191925622
116313835
183343470
170650496
67465102
14687713
162179213
41413478
164239262
204669792
167521674
168972473
20162067
151803655
113583251
2703779
73174292
38119766
186649498
74383930
72093499
67387441
77546558
185888240
185174623
192376103
176464409
66828691
59421055
186209855
167432554
42970927
167432927
168984948
79943311
187512697
161972511
171775687
149179137
128130700
186208860
197531032
44326363
148696315
43874609
13441113
70111336
90485100
86063195
171438716
70800983
169807552
136681696
15161855
14995089
164436576
83690560
165605112
144472192
171156564
181794255
149179289
149339574
172538374
199991811
7960155
113232786
79583286
35302727
188750918
86143371
173869298
169533879
70111418
188750941
7431971
67484516
96243246
155040318
182838325
136060595
15699261
70801283
70803468
132829069
27929802
84704214
15179020
32801506
79928161
19785980
167432864
186649489
193009862
116313779
69862301
171774843
147725192
151798855
80274061
133000709
71335335
2647753
165606103
49286182
189601089
116365820
84383138
23974926
58547607
167432346
59101148
52782350
154274367
70111322
31284300
54924387
10366693
48722104
190756083
66404784
44937631
27721910
48722086
13383634
70111432
10013084
169808405
70111372
13375334
165604367
111585311
197902316
113583566
120035293
146970916
7959702
178313418
197629741
2694335
194026070
77545202
193006640
10782416
168198993
70111115
23207999
19977843
2464883
169807256
13574947
164210333
70111299
68417448
172210646
13521867
4225859
67807784
13332354
69024811
174246121
76156806
136681492
7395111
52702438
171774944
132003283
191515279
22562501
171773350
23292407
66082166
159891200
155061971
80301694
105039179
49006085
14995057
168227843
10783900
188750948
91374723
192139492
107961914
134841081
167508321
153544451
4225979
108224111
199996908
136061356
190313601
196758218
173820448
133000782
55597965
99442491
19977802
82549675
67398531
199991615
7468379
81499766
193720428
53647474
70435711
33120501
8950663
172532903
194393880
113156413
149179207
22527596
195967672
147725186
76157448
111585339
202817157
98912542
8950177
102766208
134947040
176245666
152025241
125773113
5885449
13943733
35326773
133000737
190722537
6406251
167521359
194025942
192377588
116854629
68495200
194026553
66104151
13321809
143886751
98074432
149179734
4225931
169807914
137980269
149348264
113104974
108223287
171773502
168199419
167433798
7196075
4928469
133000746
8950755
2646939
194398767
45293508
86139373
180298072
23208016
184071680
102801944
133000713
199545020
155716862
194026277
161298499
14995075
182850614
44120121
149353151
50225602
70111352
67299380
80242128
164449083
2687895
70111169
31472748
14083450
168980973
74384588
48722092
130469009
58478752
168869221
199996928
32332747
197656390
74918085
22484370
150219517
196362389
107961915
190722549
8950775
198188808
198188106
135292593
29375981
145659599
67387913
8950638
185917097
134842460
184071766
144472244
133000790
115442427
7771352
167042483
192378540
95868629
149451588
186558947
168973419
154379707
193392032
13388372
167521397
169653616
910287
129249002
69859382
95989337
194398500
186148298
70801391
150859270
7395119
193395247
32332912
83690264
86383536
204005014
10695792
168199291
13375338
178533781
189526857
17614881
13781422
13781404
133000679
164435021
70111108
147183208
185821465
80324940
85170337
8950672
59051673
21611051
32329107
90474006
2730455
145639035
87884144
161966162
149338580
2750667
157076117
153978944
13406824
113156375
98737187
135292131
177302195
129249256
49006175
49006169
70295763
153907189
172534401
91126883
14083443
24636585
22193066
153472387
109867024
180301594
136681129
135292333
8950398
51299303
84877003
15161778
133000646
69025279
185843845
147634732
187512515
67387339
120035918
96445862
133000672
157163289
199732326
180995284
2650249
90326884
191441547
199631767
70111114
83690761
67387436
186208506
171773084
195892404
174172334
177556305
19434405
153979014
148717599
196976898
107961971
70111342
158818774
7512689
184071657
107649602
98737936
196998150
136413984
174375400
149179789
151923195
74917655
187512862
34351676
147724916
70111312
165604225
120035518
198129421
178515807
149783618
102801437
139713980
76157130
15161739
73829035
149179456
15161695
72758226
115438682
49006108
8950139
171764592
157076717
116145334
13573726
171776727
56453252
149341971
149339204
72555316
132820769
102412220
13943751
97762891
67299724
187421514
8950736
70437123
59085241
148694380
70435294
143889322
5001825
11760475
70111400
102801453
165606123
111548821
70802715
182843599
8950143
15161834
171776595
80304242
76157834
105037624
174400625
113156429
13397263
171764580
68887564
171765893
169533921
198188665
149179349
102801304
183088964
55579862
13318787
132834643
84911878
8950704
49311867
10686562
150374684
19748327
177201115
186582330
133838090
197413400
198746797
25983493
175422326
90465378
193008232
153470100
141045151
175832154
145140260
186209258
195967980
187641258
70111178
149180044
146491323
171776471
147805987
15161753
150856738
115442100
78918646
97837204
47391583
196758242
171766242
2744483
149179232
186145456
76157548
198188664
15178667
56216284
39367825
2612221
169909676
4225567
2686523
152789284
147725157
197017456
147630851
80290653
149179541
80090267
22479406
175422831
59083893
186646812
148695047
184982822
13410282
186208710
67387346
133000722
147724804
2694343
190722541
14995161
15178660
187512564
85170492
149759238
27880546
133000673
151924296
67619011
49006163
58473710
186165130
135325034
120035810
186150119
147725176
184287304
70111355
133600997
13441080
157497360
55596916
185977749
15161798
172209411
158083955
20075015
187512169
7678227
59165706
171774316
108225206
10695790
61378019
97762437
4699589
8133771
95869819
13333637
15161769
197902145
194026233
74282508
185977909
190681431
186175453
116365704
15161841
180995370
23208686
174400581
159782530
195342741
20028195
173056022
44325071
22554467
193720395
143886664
7431953
197605880
167521447
79943216
171763758
4225857
196758281
164536653
91815958
190680833
138537761
195557107
19977817
193720608
165604548
144472832
163557116
116330210
14873072
194025910
150112845
7941382
96446086
197386394
14995065
187512104
192378926
113235251
184997652
143887747
171735886
43992892
910297
15161750
66466942
187070734
32859275
32332933
149179540
149567598
167521956
5918881
70111280
68539009
80258795
186143876
197345933
133000613
133000662
71318505
194026490
194026445
48509901
92901141
58911180
133000606
19977819
116313742
141647259
5150803
171763639
8950702
31816287
171773654
183375762
15161729
166541209
167521701
194026139
108329167
186166205
13375368
171771101
90469026
188751002
116365674
185030004
197346689
67398553
96445896
197213233
144472308
149180017
194397886
3888705
149342763
54985525
197628081
191740320
204613113
106867241
196377893
198230924
195553025
206668178
199559413
203901912
203904805
186163092
203902553
198340501
201787944
206668093
149784495
195552836
169808310
197902313
206668517
172210438
198340531
161183202
202346557
201058689
205218646
202346468
207920164
198535537
153741417
198192308
172209021
14995079
206483823
194026068
198192362
68826575
199732422
206668647
198340672
198188412
205474197
198055200
198193780
206668342
173054049
205917284
198192429
206800073
206668309
198340484
147781529
198340656
204613790
199732894
198068415
144873135
149340012
180016887
202346404
71105816
198228799
199558747
197902322
194026153
199558781
201783748
14995083
198340427
206668592
76157902
149899520
198340574
187439246
206668664
198188912
194026170
203956921
199629687
197901846
204611866
198535576
198319122
196410697
196410701
207417019
177208346
194025830
204612926
199534234
111693271
8950749
197346980
49285408
206667971
206668676
195338814
8950657
193484362
203597584
171775496
185718486
197214133
198340651
206668269
149341491
193720612
145271228
186148478
201359129
206115993
171765627
171775401
169772647
198728168
170649384
187456983
185975874
173053901
198340438
199559763
197902326
206668626
198098721
196081267
171934674
149338865
207688643
207751361
207819017
201058693
206668577
170639150
171771270
199562239
206668239
4225991
194026596
4225855
199732645
133000702
193438132
181250527
173053896
203898474
197114536
203785489
193466688
206668073
198734370
202346187
207688641
113234804
205220314
207751551
