121327695
126874773
88041537
191412676
197193540
70821071
72881680
179206477
130841735
10708288
23911751
42409024
182465056
72181366
166474859
102753515
68820882
161897365
204268973
75719081
97012512
162563204
83580718
189181195
17589565
70838495
72506909
53565245
77059244
53111744
82514202
197101534
75718627
44563646
162397744
167469507
77744773
77744088
186578774
177535084
77871869
90502962
150123818
162019365
122315190
174522784
159035535
148935413
173869294
191316570
76261875
167469970
144189723
177650063
121253843
93181764
185904831
205899821
58025937
26024869
109112944
85376332
162089401
144633979
186754115
193720605
183336643
58991636
181378997
102066669
183682633
71087115
118008095
178953466
112085286
111868852
149567617
159299551
81992809
37958605
185978198
4406187
110698265
185978305
122315206
134483707
165905176
168228152
163871149
191514832
34819245
146953092
20266113
157254251
183337361
184914234
170653528
143592588
100517555
72199512
144632993
186433449
122315153
54018371
162549110
171331061
99112751
49132271
179994082
194041528
147352741
122344294
138625241
183483194
184918452
72046668
179234189
195687692
177274300
49132742
186480328
205852309
192032291
10640021
10102857
48838236
47101359
166228229
17887426
157504770
173867898
193723091
185978219
145172219
34820339
95157293
163871099
194500990
198102934
168496026
80146029
23306273
179955618
66671899
184697985
157583195
153612294
173867476
188188264
147857890
87910864
110721367
173868227
149567397
174299725
144634255
93234192
168521707
178827020
144738283
108241497
122233933
66620041
17598278
123576062
147060997
95577579
27657397
68820518
168494334
151489431
160828144
44586828
112191397
192643140
197322752
121073546
179520708
38040029
159438334
168497456
189943157
197604693
149567641
168498611
184904536
77305574
168227025
34822578
119056933
136313599
167010776
72514904
158646221
146944776
11489702
910674
71693504
184917091
16512400
177911920
51726385
197518186
146699777
192643895
167010870
93871351
189944020
115667304
164075776
95274043
168227808
116365732
107122484
161239005
184836937
71005491
194416554
159035841
33576979
157254374
183481085
172993342
168498747
121602656
22919408
168227604
180730827
127218034
53631017
187000217
93276711
198531302
168494654
168495669
168493904
186874340
74174438
108215911
184787610
184787609
102752753
134942711
158397864
185805996
155101109
20421337
4902377
7771305
173869069
46248720
112081901
163871088
147003885
109344496
169331134
181231803
168498756
75548897
203853263
179531113
157583236
158692817
136396545
168494566
193154945
115011224
185967744
191440329
112077828
148619546
162478480
123576010
37291023
20692280
79974816
132063229
177920273
127724212
205081783
189204705
99883231
188867382
121397978
184983185
174594387
145551246
179731427
163871162
84544561
121398382
182980656
190514895
122344228
91471514
144379900
175723114
116365765
148734236
189492671
193777590
157254176
151923437
7190053
12672143
189179425
122345057
104740713
168006265
45412663
190853067
52580072
170653126
159848426
121398411
163871098
32148336
79553680
71088540
173867562
82514117
189942757
49363752
184917032
73953925
173869410
195865438
146945535
127831641
137467518
184242101
190681305
169820809
142453052
79696808
148717785
149753406
162349280
122344561
173752071
5174203
115011150
173902881
189595419
81452578
190681174
189034844
185803365
167953710
108524198
151924185
68586000
149567449
113151517
159848418
196904678
166501149
42897061
160829420
189942950
167468315
149337505
102736872
202438920
168496587
186618284
113583294
120455291
188416028
168459958
121397960
115828886
163871135
162025145
190681063
66906336
170648900
122315217
52580089
173632598
197072966
147352756
143112399
157254385
128330208
186905933
134820490
201657643
190681265
14957666
163871144
155778757
85256202
173902741
198593973
154916824
193880510
195299571
82032739
151489545
95125518
81992225
81454505
71615009
148012350
122344615
168368877
151487714
177584878
190681306
161254440
203812922
80277986
106996521
121398226
76202590
163871025
67318898
176245674
196904687
116365669
197528905
168199500
163871045
5174813
122344508
97762940
189595292
161238937
139142223
198325197
121329361
149753184
190582651
149568127
168496004
123575996
184079914
177580851
168496653
189682457
173867892
193720422
92552942
178062768
193433461
186085724
79553019
163871063
179955562
168368677
185631086
196517382
168495551
179955601
149567914
187855148
168617023
189682567
168459986
140887710
179437680
106506100
172993687
189462382
182149631
162475046
160802006
115801853
143834617
149753383
115010635
194195807
146945982
121397988
115254946
128821661
103029879
146950808
145172098
32739545
168368777
146950947
146945785
175723248
159034857
193083315
74444028
140784460
198077616
162122682
189526996
76755779
196855358
193916851
112077842
146728934
122344092
123606774
146944237
164362870
124244909
109816391
149567438
168370026
36758110
184917127
174027874
149568505
168368992
141490515
130546356
190514964
160838576
178279128
160839425
203434156
97764863
116115765
151923321
122345055
174232340
109790502
159023539
173867911
93218894
171103925
168496368
189595294
199006813
189942913
141476562
179437907
168496142
109134728
146730369
168227320
149568088
163715555
127160137
149351232
149567534
115439012
182546843
168498791
109078567
173013596
116365817
199916635
168195282
145171636
173867495
116852219
187641949
5525377
159035633
184243230
189682563
173867561
191315588
179438437
173867503
187641988
141490844
194179529
179955586
91404955
173054763
191346147
147708724
151834451
108524228
202817133
122344163
205498532
196292796
147170485
151489455
160293812
109790187
4902409
97018645
188688380
187010655
179955775
192801750
122344269
148932249
184787623
168498961
179987535
78969294
151924200
176217896
190692845
151843436
176822631
178574228
189176743
109790462
148714928
22606977
146947055
122344771
149567596
134614273
133896327
173868562
159035744
151923502
168499073
168499175
192721069
123975127
193004961
193051614
97018455
173088820
191472256
179955581
164361059
79697091
149567550
89937844
179731411
123975627
179955635
163567588
910724
109790331
82432690
207375736
122344447
127726073
173868120
158710513
168498260
173868763
151922930
193066242
171438774
153836582
179746638
152297355
149567777
15000357
190680882
7098971
113836608
146949483
176245694
179438003
145172830
186231386
113208451
174518273
80922449
146492165
192676152
187058089
162025024
174531711
202596407
170648931
151923887
170649389
12343343
146944855
112077859
184755678
174531665
122344474
90356128
179955633
4902507
178001189
168494791
147101144
126360091
11565262
186348602
204874064
115439226
151923917
146945343
74731215
168495231
124244560
113583556
168368631
122344133
174503314
164075062
173634943
128290800
175575449
122344125
173856845
153495477
121954328
136413828
75946543
169693798
143178750
122344203
149568543
151923777
168498785
205335870
196338302
113583612
191330272
192781328
149526685
4533505
189944696
146949253
179955595
168495582
120385905
189944892
192801451
192453922
168616998
195510298
184243238
201657678
153979187
82702745
88861601
121398485
115439506
117393395
160167504
55594794
137135998
160838652
11190070
198231111
195791131
195231416
197902335
151489502
153770931
189181312
143468058
168084760
168495862
145171224
155497298
189944914
168495949
186348604
140784366
195231415
82704205
145171471
95577759
136940093
109011685
168498951
122300439
187184412
121397942
163871142
189944836
172984029
85050973
145139154
113207552
169578319
26478194
178519505
123975816
160157389
122344449
151923190
151488597
168496391
173867906
175655363
173869254
99155379
167637324
31840556
123606842
137135943
179220383
151923635
188902745
186087808
87890605
159035740
149338258
116296926
145141473
44076540
189458361
197861932
143181119
146949731
10056665
146944100
173170332
191320443
181251894
83682779
183634546
192801441
193884438
122344121
117393257
160839311
174227967
159035826
145172629
147101238
173869102
172995568
195508318
102808613
152896733
161956847
73514157
205110844
207983386
23140480
171935862
170650161
173868189
160837691
113151503
79553235
185306348
162019045
81125279
179955755
179220616
122344096
191982190
79694210
177565517
177583489
161532587
92158183
75570931
196813404
189595316
207976763
133896195
168460061
135092652
149351258
198749153
140887172
168498472
95578509
168497403
160838957
159227867
179928639
168498477
151923712
152381519
173867674
136939884
198301821
165269983
173187361
200521752
150822930
128291474
199054267
204875734
207881333
170653468
168498071
146949800
115441148
149568288
189944675
173694432
146949584
122344626
189682493
16564167
192801627
123975243
119057595
159026917
168368739
184910173
194808764
52788523
193410924
205600180
184759418
200032454
116365595
121239940
194872216
149568405
195122894
144044904
194960939
146944063
174594073
121332382
122344106
201157740
40950238
81454820
68616418
190232275
163791716
179955743
108524386
176232190
186262541
89751408
159035730
131188337
159035742
159277945
172146726
128291454
149147981
146491319
54389328
910678
197906336
113328118
170652591
81152718
146946998
190680901
108524232
154729310
192568345
109344596
189944377
136952268
122344451
191764572
186490114
204614053
122344211
149351183
122344151
149526855
134334513
170650234
122344782
149337800
109790523
109790240
75570810
191351015
184698067
165267311
22138799
151924067
75698210
146945024
174858405
192274974
122315225
82032699
153612393
173711728
134334606
122315174
93218913
109790338
149567422
149567941
153611838
141737934
202817098
151923730
189943037
173867781
80922170
124694205
122344756
136413993
179731470
190704154
151835658
113583334
196758688
173694407
173867750
197894739
160841269
77546097
173515288
186990525
120379346
174319535
168369207
190680878
169054454
147522328
133883701
122315166
198535566
151835259
193067307
173856819
122344089
151923597
149887886
202215078
174857094
163874739
190681028
93936534
195343443
167128121
122344337
122344386
159035563
147485440
189943198
146947360
102752622
174503728
149568117
143870291
170599905
82704182
82702821
168006072
146946067
145171174
126407138
173564863
168368726
149783808
151922941
168499001
168494501
122344103
108969651
122344549
173869068
168498163
191472401
192812452
181230605
148717786
191764590
179955654
194125168
149568439
151834407
152555628
179731636
108524286
20261327
161458879
173253309
137149539
180016571
153382585
173515285
193315116
198230363
184697927
86986472
123582897
123582934
202763499
207891048
207667198
79961343
167637427
108524193
109631267
64987783
164361126
145172992
130015649
148718117
174523209
115941787
16564345
134483718
121330124
188378114
169771847
80924519
190680874
113151618
189944628
95125494
153382513
108254617
116843012
164582269
178768287
195781267
81451986
22138089
81452140
71141199
116424134
168368529
195299637
168228351
173422175
170652066
189944963
145172097
121331184
197902101
152297082
91404509
79768433
122344207
173869212
115660645
198340486
168368539
190681163
151489685
135092674
158710540
190516907
149568701
160165941
146947667
174240821
147126055
106141690
185651544
180938236
94329153
151488371
109815880
189176228
179013219
165699427
165257375
140777610
82032651
13093719
168496299
167655923
136413571
179437802
121442641
152097552
181523460
193887479
160068069
122699960
122344302
181230812
148935416
186751817
170649839
179731621
189945334
122344267
187057849
151924216
122345061
151489655
102110962
151847496
168498207
153473002
107649560
143235777
146943944
91404926
122344993
189944273
202334879
187020156
160158997
197634135
139559432
84999843
153264996
180016395
83683067
83683035
174518702
148715475
184983209
174172369
205219965
206191861
140789193
184759142
184759286
189595421
179955840
200032482
97764490
4902549
116365640
186754995
189647419
122700010
87021796
176165410
173867506
179220498
113151552
149568411
165689682
115240235
159035774
143235054
109011671
115086985
121331636
122315155
168616982
174518649
115441786
149567916
122344525
179437912
178574213
177504300
179220852
150611137
177554254
190693268
88207445
173056610
151923113
149444960
181231952
174442698
85376795
168496330
113151563
193013013
167972648
168498881
122344430
145172489
170651060
115439123
192453843
122315213
161215070
181710209
123976157
177781500
122344685
34226816
179955637
149567946
198314318
127218070
184903611
91369059
81125268
195340718
177565745
189176197
133896302
52528972
4406189
196410704
193720527
97644396
42586432
40958774
165268135
108155397
157504768
116447512
202042735
15359788
5174211
69337414
109664094
170653288
151489705
180736507
153610919
122344195
163898521
59555270
167972682
193419138
160162672
82123952
197906029
168498898
188568850
80300803
159258412
147708834
179220605
152381302
140781795
4902325
198325695
79937302
122344894
121692085
179955760
146945717
145171363
157075078
122344107
35577120
168368495
153770306
145171258
163871112
135092322
151834577
189942726
98598297
192568317
110163188
160163451
151489426
122344285
91483885
151924226
5425605
124245651
177563802
12343377
151489671
172545418
81125235
150271112
160157338
160831439
57865251
146944852
122344780
151847665
127831772
81125290
149568262
107475397
148935550
173379473
133895945
109790387
172994242
145096546
113207984
89947269
116846486
162711239
178007919
75753981
197528101
159035764
81454600
123439574
190514961
191376693
149568494
126382014
167127517
113151602
192172393
145173054
145172042
115440137
145171483
106144109
190490466
147486597
138623853
149917707
21241841
168493872
198340622
186354760
195162435
168368900
82122270
83683128
160830704
207041982
187010473
160158339
168499217
168616966
89163220
184758796
197657036
198340606
158710538
151847469
196779176
123975353
122344114
146949635
173867827
182967271
82999262
196828995
191982101
198207501
111548766
160156358
90741243
145141796
177582275
201113056
193720594
193720436
113255774
203898300
161956807
161956956
140787799
42572966
174531679
157253914
128291106
128293133
121239933
138661312
186084830
136413633
12343334
200793465
174427586
196068575
126071219
148932218
91455077
120379216
95004813
186489828
193051766
134334569
95059051
189943099
182305909
179955571
168084404
121691983
168369180
160841033
154625644
199052861
115224322
115010330
204872038
168496255
151923131
146730323
192289523
168227826
149179097
172002070
104126368
194859202
189942837
159035566
108524384
176165361
144046174
164254836
169771995
75182410
145172380
80066501
154019276
172210271
179220814
177781811
116115974
177603531
80922195
187641183
183494395
192811690
189682479
122344171
159035796
152381668
144045647
149753235
149567533
149568135
179955634
168494002
72046043
147531847
122344342
160838209
198319498
185651545
123975051
79554729
137136011
161966249
95578792
174563651
82497542
168494013
189944411
190681367
145172604
136681392
189942836
122344783
115438851
125100394
199243634
136074354
177774873
125010508
80066475
150122168
170653004
35403090
83682628
149568476
146945179
111548647
75413170
153611852
119058735
177028695
136395595
82999252
122315156
122345002
168499238
184084611
81125329
167637606
113672519
170048641
161194756
149342420
177553286
83682834
123549032
172916338
147723979
196810699
116330231
88227290
118091716
81454055
13900137
199055807
58898590
154893115
141473784
157498172
145172343
145172564
122315165
82122366
198340528
130448930
168496250
149213466
123975150
82121180
122344150
117393616
145171602
107648915
163871129
135092315
131139558
133929560
176217592
187057987
198340708
171703683
122344094
122344387
122344373
144482476
145172308
95058437
183042338
89000925
115010687
113207034
183510787
116857451
58872524
172916326
196927738
116330208
194039959
190681215
198340433
122345053
160839170
146945510
183040249
174858691
158662579
114607857
112637070
151924037
123975080
139558388
149753249
185651546
173381700
185651565
176067874
168368791
168368841
164450660
149753185
168085387
148809859
189944721
149333710
157076985
172994295
67832225
195299639
136705534
179523116
133896190
113207577
145141400
109790362
102801288
82704103
4902417
151923523
82432092
117393809
122344132
170241645
157071684
151923282
176218124
122344162
123975471
141491357
159035656
89000909
187057829
122344660
189944922
158666979
163871059
159035728
122344277
168495940
164362877
168498831
123975329
172367978
121692373
168369244
177580813
80924666
177558009
83682697
177569346
197516224
115439259
167035814
122315161
175549298
151489489
173752328
135092410
150111721
151489529
120163942
115440831
151923258
127724244
163871117
95577763
177581216
151847626
170650767
187057819
72046466
146491312
113151643
147720353
113207619
92808665
113207304
112081823
177586210
172985689
177595049
79928214
82701031
130070336
128291241
161254282
160879979
145171299
198340510
172239326
136702521
167972623
123975377
131139593
159035821
180946259
146950080
190681393
148932204
168616991
173766725
146945966
109355380
122344119
91483318
179955655
197601283
151923121
115440304
171308390
144643612
158710521
124688317
179731574
183041621
192919415
151923079
189944382
147536426
173240213
83682805
174518232
113207363
83683040
144199966
95855784
140788224
165258871
17924546
195509752
177581834
158870994
190544863
112639509
167637523
77545157
193007005
82121121
172681770
95578189
82123301
122344422
146947032
165587117
151923608
159035533
175107265
127726131
145171141
113492649
195509712
149753182
187010460
122344942
153611046
174510940
172993888
113208291
89960510
193720559
193720419
148717258
181488076
130871591
204612422
168351359
205603340
205604010
126362487
206114560
170652998
198340589
206095351
147494374
122344834
202911398
199561909
204613377
189943459
160925938
204612768
202495013
190352675
79553596
196534564
186394231
180956138
205603378
202907159
150118858
204613618
190680770
109000348
205898076
205891750
95578183
190467085
202284046
205602882
204421014
92484897
189945082
199562083
193443797
199578371
195767340
205603571
179438294
197647521
189942843
199992169
189588911
199546232
176245636
163898498
204613863
168498357
183040316
177565448
177581359
110818084
174495382
174504925
183511229
172984685
201113060
196205923
204954840
173914669
200002921
199999324
207986249
191352697
206675338
206131878
206131876
206131882
197528704
206308307
168364120
168498445
170649060
195767524
170649194
205288700
82431924
170150886
200795273
206795384
206907836
145111434
198087442
168366380
201081471
150133880
173869042
204611802
196828115
196829082
200794529
202877564
189944820
173868557
205604138
206098895
201290745
201781590
165907327
168331819
189683203
199683381
204613417
145220872
189945322
205604747
204612283
194182048
206100886
196829975
205474109
191284052
168496772
196534825
189943757
204613810
198340610
174858353
198321316
122345030
206101530
206118117
177569117
177583486
197894744
198081846
177585940
177602553
145113694
174511609
194011368
193720410
201126904
203803252
207701173
207408814
207704212
80921064
153556969
207760624
203150323
206204153
128293755
195231413
204874709
207209839
205924290
208135951
208139173
208152775
168498022
115010968
123976146
205889631
206668584
189942815
205603179
198340422
94306985
170714818
205603014
178574286
189945050
179220903
197003010
197516418
204825780
189944128
