196913162
191659040
184410215
118526695
155530380
152350925
143338713
161225920
187302002
155530350
160309787
192774612
174211114
92621084
146563301
195912283
137005106
189386827
179408253
190582791
184667051
183755241
175875297
160759052
195894602
135347326
160449448
187188428
191667245
92610142
190469262
108924121
155974507
163871512
67982880
190574379
180396187
155530342
193925993
163871478
163871476
203853581
155530364
135268243
186272654
172072738
183684210
166408725
119070834
173515536
198437064
192926769
190725467
195514587
155831428
77117709
143022294
179403775
127257853
155530326
75557641
180396082
155830354
176059702
170339023
92621088
173482179
137014231
135268238
158960089
143172646
155830363
195286404
177639585
109246639
129937275
146146583
190560061
171772641
110867583
188691316
185614627
198437067
145255118
189466548
180396084
115013249
155530445
134947044
127377025
163871639
190127507
92613021
157258542
155530336
183243309
195863477
190565303
155530404
201967460
140743794
143337289
146764545
77729571
195891629
105813517
102768938
188691438
190556338
190565031
177455788
159648883
160449446
49206793
174491987
139106496
190725476
190455887
195892606
192810144
179167744
106318753
195916145
190467548
199552737
191652747
109548123
195863280
189466838
198437068
133629975
188688208
190461111
194570621
189373351
195888382
177614108
190463775
199264057
160305537
194017065
174500984
133697603
167383382
189374794
176296137
198437071
186072783
198437063
179729405
70692002
190573371
172061547
143172648
191672391
189466742
139815379
179735994
195334081
155530378
92610140
72761522
190557984
199940069
177631977
198619007
164346430
164375682
196425128
163871448
191718168
191655880
197751617
174216794
142006894
136825965
175838968
188691498
163871510
169264166
814103
181779593
189698164
156212386
171063623
196161158
195879701
180396111
159626414
199542902
163553510
189676761
176471105
180396090
163871484
127257005
193880526
155830489
160449181
186434417
186479817
184670144
195912782
189572199
195896455
72543015
199053702
190558394
195902133
163871466
183718643
134829176
192772344
136713869
129594876
192765349
164960057
196909214
121405779
196673537
173151886
155890486
129346903
190575840
189374051
163871460
108246197
199250108
136951412
189466189
155830485
195895292
87004942
192729512
147441765
189696941
189387430
190460259
191694005
171056547
180396167
201712505
155530453
198436830
199520055
155890481
141322626
198437073
81503770
179734686
186072761
190125190
184226129
191717190
189699828
141740640
190455647
189700765
108246201
160445791
171092918
190725443
151676582
195901190
158583026
163871486
189466659
164397018
195912879
173147453
193003017
164427310
135112051
189698285
186479612
203785125
191717423
159437635
174151505
136987703
203783683
195882374
136975279
172472210
160449183
160987882
193896053
145255116
135571980
199105152
162339917
186605936
143368204
197770991
189697988
155255994
184217012
191726143
189365717
198123513
196906988
173183534
162188204
203292486
191695618
193896454
191723144
186434665
155530401
136940990
197621609
190725463
121405793
193003897
195902977
170127642
134518212
183686015
193859847
195902838
189700810
155530366
196907103
186635020
189572223
198592717
191731127
187196562
206307542
196911702
188687275
193859975
190511352
195902379
179377370
137127300
134496483
180396140
189588848
203393093
173131402
189696865
195900941
198593149
203317484
53827020
193859871
203293886
204007842
154224312
183719135
203810780
198961072
187202246
137005163
190459921
198462692
189700471
199692559
207511880
205943615
198569548
193523863
189588930
203757948
198302927
187187078
199691055
186191702
203790066
203320162
195906622
108591554
186985454
164353135
207042577
199901611
137127320
198593129
189696547
207034760
193896662
187192172
195854529
190725441
136983195
206028681
200843704
172474757
186392650
186065680
203285275
198734445
171086470
194570637
195213670
171036861
193110691
195902569
158583221
108591561
134654456
205303070
203017495
193003531
191721181
204677811
186217508
186973435
207699704
174600624
184232265
205305631
191726952
191678512
189696649
198612436
204669071
180926984
204004509
139716070
206862580
207659332
137127298
198592308
42892572
171039388
164360848
92555400
125433528
186392515
199105065
205958426
198572071
205305968
207645973
205149530
195216661
207666264
195911389
206051973
205999091
186584312
198569048
186633058
179409290
189588675
198569332
117806374
198569649
189695021
198419523
206908439
196762305
186452875
186627770
204954625
198592225
195895719
198591992
205946964
205996228
207642521
198592513
198995750
205962360
207699712
207642722
208126424
208168833
198592553
207513942
207170910
205996665
205958237
207643707
203850545
206038701
205958937
198415648
205958136
207597096
189691607
205300671
208170163
151448832
