10651301562
20434768746
12641150353
13060695733
2936622071
8833140503
13764966430
6765802989
7558439399
7158748510
7858453192
4258436318
13914544342
10360352400
10058775887
12227114178
12227117668
10989824964
9281609248
11420528474
14703685126
11517864513
14023922421
7355211643
5651722396
17011084981
21329476571
827795105
18831947517
10432119705
11832123636
10242217364
6210648890
1804827703
1804785865
8135960915
6569784221
11790325070
7860266534
16623257575
20921534802
20020009784
15816770405
17142837474
1746043561
3842511357
11594176514
7036110820
2513894549
4240958617
16969752984
8976837572
13766357035
4644601198
8722970168
21331214310
7648858996
8636645640
15172999970
16560663716
17360665241
16245180919
19807743563
15721262610
16119023315
19329575124
9622949356
14925553598
11980937021
11480937145
10567565821
4737856269
7437859921
4169383062
2041017076
9434417852
14901488548
16514076953
9972133807
5849761046
6347407254
6446040675
10002802266
489366832
1546199615
18019634743
970454122
13044754025
3689789634
19339871557
5558188254
9503962536
3018859949
10415035572
3791735792
1805230426
3110688686
20704345174
9747989199
19725722542
5541845520
11333394704
619874319
2849667018
14126358621
16544763609
15673165119
14373004339
15573216229
7062857313
4365804367
6362703385
5762859957
7734846873
8536551730
5537858409
17490557566
12305019517
7412026455
13627130358
11058800498
1526614079
9779595605
967536208
605897473
2204516084
1563875696
1623592202
7761973131
1516597538
16545394112
7701280536
2336266524
1235429538
1262694350
1235348097
19239077862
21721190766
21837548277
5144867799
2879941369
4208660244
9735587927
4855216839
18634890365
15679323637
12690649906
10994634442
9952288498
19301854700
6667933265
4464610137
4562526854
20756712885
9120087790
14132547486
15832507972
19146297718
12375884407
13367669317
8291334207
10538836982
619877959
14830394577
6249562120
3076734377
4670368018
11963816696
9327399568
8627405441
11626682446
7386405929
8630668840
13731170974
6862884743
338928758
885220355
15216763098
7952525375
9969410480
13527087255
8256902904
17725322140
3434048147
8496251340
13857281607
619834267
619776500
619806994
5404701812
16483427494
3458696664
21131117593
20318356933
6015472630
1118546354
15709313556
7164386299
6340401473
11704095786
7047898985
9315997466
13817659914
21234063200
17976080645
15131615785
1118539114
14615718742
20432504944
3962798871
7462859621
20913370356
20103139615
7037388295
12895476009
7578999868
1974158153
18704346578
7760478833
11388796540
14459415782
11339884611
14789686349
12431385011
14825019430
6862889561
777785777
1395227507
7940720784
15391316369
6114102071
5614103571
8944925824
658947500
17441645994
2607328780
2383621390
2166503142
1366336272
16181645304
11967786477
2417224219
1554991530
12224399340
2447594433
19938730433
3804204113
19620259244
18546020730
15750535174
2322024349
5471592224
19535201847
3048299419
4953490787
5853489442
4408366921
753026602
4471614207
12201730183
8529719923
6227398009
4531229494
15374715023
18231772275
13827129258
20332510720
1641223383
20921535620
13895421549
21819632281
17790373443
17359631974
20803141293
3405977780
18821530322
19522270764
17241617466
18344267492
619866728
489383881
12527591579
1522990255
4958667171
4161491595
10075381921
21622219398
3020409977
2591938466
8175481465
18232504478
18037635139
21864100532
1682755319
1406512978
2514589752
20263963154
11385422253
10104474786
11385422279
11580259614
15516354944
12027135646
7867687681
7062857449
2862141673
12410999623
10678233622
13915787428
20619334133
5615606745
19327828382
21247113506
12066258216
14118845187
14802710519
13244753364
2041029619
18939746629
1118531543
12184744239
18731947679
19034405573
18926240871
1729855589
4862852059
492927954
2447603769
17641622887
8843348917
8250851880
6662844741
14115638736
13288736455
4846608595
4107537515
14922853312
15588857462
14281796063
1671199160
9634898150
3100419055
13217233413
3265074117
10602808013
15920007788
1503955929
7940963005
1663479398
19331826287
10605995239
16252205825
14803669261
7877553198
13938943138
11124794867
21129278558
13595366037
15912536857
19625116638
