11420528474
9281609248
16560663716
10994634442
12690649906
15679323637
13915787428
5849761046
16623257575
20756712885
1395227507
4644601198
1526614079
13060695733
5144867799
3434048147
18939746629
6446040675
8636645640
9622949356
619874319
619877959
18054946534
12410999623
21329476571
5651722396
4855216839
7355211643
8976837572
18634890365
14901488548
9779595605
15721262610
7648858996
3100419055
12227117668
12227114178
10058775887
10360352400
7036110820
2513894549
4240958617
16969752984
2936622071
15709313556
13895421549
21331214310
17725322140
9503962536
6569784221
8135960915
7860266534
8833140503
16119023315
10567565821
14023922421
1746043561
14584398478
7164386299
20434768746
5541845520
4169383062
7412026455
13217233413
6667933265
15172999970
17360665241
19807743563
16245180919
9434417852
17011084981
3020409977
1974158153
14789686349
12641150353
4161491595
3689789634
12375884407
19938730433
17959123019
8722970168
11333394704
11962220816
619866728
4365804367
7062857313
6362703385
5762859957
8536551730
13044754025
4737856269
15216763098
11517864513
14703685126
3265074117
6347407254
6210648890
12224399340
11339884611
16544763609
15673165119
14373004339
15573216229
10432119705
10242217364
12305019517
21721190766
19725722542
11963816696
3018859949
21247113506
8627405441
9327399568
13764966430
12431385011
2849667018
19329575124
14179987020
7734846873
3076734377
10602808013
2514589752
10651301562
9735587927
12027135646
5537858409
7437859921
13914544342
10415035572
15816770405
10989824964
827795105
14830394577
11480937145
489366832
1546199615
885220355
970454122
605897473
2204516084
16545394112
20619334133
8291334207
10538836982
6249562120
9972133807
3791735792
11980937021
8496251340
1805230426
4670368018
17528940319
7578999868
6114102071
5614103571
8630668840
7386405929
9315997466
20332510720
9120087790
489383881
2417224219
1554991530
11580259614
11832123636
13766357035
15920007788
15750535174
18926240871
6862889561
658947500
17359631974
20803141293
753026602
338928758
18546020730
1503955929
6015472630
7940963005
18232504478
