8976837572
619874319
619877959
7036110820
4240958617
20432504944
16969752984
9281609248
11420528474
9622949356
10651301562
18704346578
9434417852
21331214310
9972133807
1804785865
1804827703
5541845520
13060695733
20103139615
8529719923
17976080645
11962220816
17959123019
6227398009
13527087255
10360352400
12227114178
12227117668
6347407254
20434768746
1974158153
2936622071
15721262610
9598820761
8833140503
16544763609
15673165119
14373004339
15573216229
10567565821
14023922421
20756712885
9503962536
7860266534
8135960915
14830394577
17011084981
8636645640
5651722396
7355211643
7648858996
16623257575
15216763098
15391316369
16119023315
11333394704
7734846873
4169383062
12641150353
