15679323637
16560663716
12690649906
10994634442
6015472630
15516354944
11594176514
7648858996
9281609248
11420528474
16483427494
13367669317
13044754025
10104474786
4464610137
9327399568
8627405441
19339871557
13060695733
7355211643
12641150353
21331214310
11058800498
18634890365
3842511357
15920007788
6446040675
7036110820
2513894549
4240958617
16969752984
2936622071
9735587927
13766357035
15721262610
21837548277
11517864513
14703685126
10567565821
5537858409
7164386299
1804785865
1804827703
1805230426
619874319
20434768746
8536551730
8291334207
10538836982
15172999970
17360665241
19807743563
16245180919
1526614079
15709313556
9434417852
8833140503
13914544342
14023922421
10242217364
3076734377
5169302735
9972133807
16623257575
8976837572
5541845520
16544763609
15673165119
14373004339
15573216229
17528940319
10861879028
14830394577
5849761046
7047898985
967536208
605897473
2204516084
1546199615
489383881
489366832
885220355
1516597538
11963816696
7952525375
15216763098
9486216980
6210648890
16119023315
11333394704
10432119705
21721190766
10360352400
10058775887
12227114178
12227117668
12375884407
3020409977
10651301562
13764966430
17725322140
6569784221
8135960915
7860266534
17490557566
6862889561
11962220816
20756712885
10989824964
6249562120
4855216839
14802710519
12224399340
11339884611
827795105
19329575124
15816770405
11832123636
6114102071
5614103571
14925553598
4737856269
5762859957
8529719923
15131615785
3962798871
16545394112
10002802266
16514076953
14901488548
3689789634
3434048147
9503962536
3018859949
8256902904
3791735792
9969410480
1974158153
20704345174
15832507972
4670368018
11980937021
11480937145
7437859921
3055495906
8944925824
4477666215
619877959
17011084981
9779595605
12305019517
9622949356
3100419055
7412026455
20318356933
4644601198
16378330784
20921535620
17142837474
6662844741
5853489442
4408366921
4169383062
18731947679
19146297718
1395227507
7734846873
2849667018
8636645640
6347407254
8630668840
7386405929
19725722542
8722970168
6765802989
7558439399
7158748510
7858453192
4258436318
5651722396
21329476571
18831947517
11790325070
20921534802
20020009784
1746043561
2041017076
18019634743
970454122
5558188254
10415035572
3110688686
9747989199
14126358621
7062857313
4365804367
6362703385
13627130358
1563875696
1623592202
7761973131
7701280536
2336266524
1235429538
1262694350
1235348097
19239077862
5144867799
2879941369
4208660244
9952288498
19301854700
6667933265
4562526854
9120087790
14132547486
11626682446
13731170974
6862884743
338928758
13527087255
8496251340
13857281607
619834267
619776500
619806994
5404701812
3458696664
21131117593
1118546354
6340401473
11704095786
9315997466
13817659914
21234063200
17976080645
1118539114
14615718742
20432504944
7462859621
20913370356
20103139615
7037388295
12895476009
7578999868
18704346578
7760478833
19565419744
11388796540
14459415782
14789686349
12431385011
14825019430
777785777
7940720784
15391316369
658947500
17441645994
2607328780
2383621390
2166503142
1366336272
16181645304
11967786477
2417224219
1554991530
2447594433
19938730433
3804204113
19620259244
18546020730
15750535174
2322024349
5471592224
19535201847
3048299419
4953490787
753026602
4471614207
12201730183
6227398009
4531229494
15374715023
18231772275
13827129258
20332510720
1641223383
13895421549
21819632281
17790373443
17359631974
20803141293
3405977780
18821530322
19522270764
17241617466
18344267492
619866728
12527591579
1522990255
4958667171
4161491595
10075381921
21622219398
2591938466
8175481465
18232504478
18037635139
21864100532
1682755319
1406512978
2514589752
20263963154
11385422253
11385422279
11580259614
12027135646
7867687681
7062857449
2862141673
12410999623
10678233622
13915787428
20619334133
5615606745
19327828382
21247113506
12066258216
14118845187
13244753364
2041029619
18939746629
1118531543
12184744239
19034405573
18926240871
1729855589
4862852059
492927954
2447603769
17641622887
8843348917
8250851880
14115638736
13288736455
4846608595
4107537515
14922853312
15588857462
14281796063
1671199160
9634898150
13217233413
3265074117
10602808013
1503955929
7940963005
1663479398
19331826287
10605995239
16252205825
14803669261
7877553198
13938943138
11124794867
21129278558
13595366037
15912536857
19625116638
17219900179
5955734898
19044745926
6600163098
17284962137
1181676222
2243609291
1546203697
15384814927
17069557096
16046721652
11095263600
15322053113
1571431850
14912075677
11748229105
19013996902
21820875743
3614521084
12535031882
17051219446
7816519710
9823557906
841680504
12628582792
17313142709
20929227771
10076085824
13043513593
15353154643
3558697373
2382012019
4314423340
16966513831
4075858253
17980033833
17462654237
68723205
13035230468
2708108544
14689367172
13168414271
18844025546
4263083124
12517680135
17727713117
1351520437
12617732641
5017518618
791921887
824077009
1465935991
842979306
5673230671
5846610066
19909988754
11833504782
1136424251
1547492039
8477739959
11418138268
2367543002
4264522893
4288952885
17077305384
13917645114
6464520304
21034082752
8536974176
16771873013
12937879688
11891393058
8355775689
3758603184
931245016
20156948310
8313533323
14672024116
1559968598
18803708350
20357244596
1559908211
22601820218
20757030596
10360285751
18357008291
21936663308
21323247864
18323255395
8045265049
5970827352
10718140990
13857635200
6079006059
18615149293
8002379541
21246018055
11748242402
19008797813
19203519516
7256457235
7558336836
8298885156
17263625560
9497370787
3341104703
8217271223
1095148590
1301589429
11970477272
20245321842
21339222041
21040064332
17844125173
14418408638
7807089929
3068603374
3329002927
13358129225
6769669906
11358800558
13892657532
12594832679
19643910191
4458463729
11383085237
5461204904
2872377468
15120453878
1714241942
13911492552
9043575494
10282200671
11029772163
9624247105
20337976029
16517042379
2144683229
14621636438
19513312017
15341769019
13935892158
17179664370
13194985925
20642786352
15918246862
5167789080
7858974302
17283658604
2834421651
1083874336
10516060189
6277210482
13556259380
8935850305
19608127183
18509214337
1789436471
9920253852
4188226808
3031850319
21319769544
17529290834
19648846331
20622168898
18522171034
11397062450
20221834831
8918480271
5518860694
11007344231
