1804785865
11480937145
19339871557
19146297718
4737856269
9434417852
12375884407
7164386299
8722970168
11420528474
9281609248
1746043561
2322024349
7648858996
6446040675
827795105
8536551730
13060695733
6347407254
16544763609
15673165119
14373004339
15573216229
2849667018
4644601198
3842511357
9622949356
7734846873
2936622071
9735587927
8976837572
5541845520
1526614079
15721262610
8833140503
1804827703
9972133807
5537858409
7437859921
21331214310
20434768746
4169383062
11963816696
16623257575
10242217364
3076734377
15679323637
16560663716
12690649906
10994634442
6114102071
5614103571
15216763098
11333394704
17528940319
10861879028
7412026455
619874319
18926240871
17490557566
13914544342
7047898985
17990762434
605897473
753026602
2204516084
489383881
1563875696
1546199615
2243609291
2367543002
19329575124
10651301562
10432119705
10360352400
10058775887
12227114178
12227117668
12641150353
15172999970
17360665241
19807743563
16245180919
8636645640
7355211643
5651722396
15816770405
18765945470
7036110820
2513894549
4240958617
16969752984
18519176119
6210648890
11594176514
11962220816
17725322140
6569784221
7860266534
8135960915
10989824964
6249562120
15391316369
11832123636
619877959
13044754025
6662844741
8291334207
10538836982
14925553598
14830394577
967536208
8630668840
7386405929
5849761046
3689789634
8256902904
13043513593
20245321842
4670368018
13367669317
19725722542
14126358621
16119023315
1974158153
14901488548
12305019517
6667933265
4464610137
6862889561
20704345174
9503962536
7952525375
13244753364
20756712885
7265789305
4662864963
6362703385
9327399568
8627405441
5404701812
21837548277
21721190766
11790325070
11385422253
11385422279
10002802266
1805230426
658947500
14703685126
11517864513
14023922421
18634890365
16545394112
3020409977
9779595605
21329476571
15588857462
3791735792
10567565821
17011084981
9952288498
17976080645
20103139615
3962798871
3018859949
15709313556
14335230640
16483427494
9120087790
13766357035
15832507972
3434048147
4143796618
4477666215
338928758
2879941369
7940720784
14132547486
8529719923
16181645304
7877553198
18366581969
11058800498
17142837474
13764966430
4531229494
12201730183
17441645994
10415035572
1554991530
6862884743
7761973131
11580259614
17727713117
20432504944
18232504478
5615606745
13217233413
8944925824
15920007788
12224399340
11339884611
7062857313
4365804367
5762859957
14912075677
6015472630
15516354944
10104474786
5169302735
489366832
885220355
1516597538
9486216980
4855216839
14802710519
23708554398
15131615785
16514076953
9969410480
23708490255
3100419055
20166032402
22008469539
20318356933
19266025809
16378330784
20921535620
21666022928
5853489442
4408366921
18731947679
1395227507
20065968679
21165953441
6765802989
7558439399
7158748510
7858453192
4258436318
18831947517
20921534802
20020009784
2041017076
20565888815
18019634743
970454122
5558188254
3110688686
9747989199
13627130358
1623592202
7701280536
2336266524
1235429538
1262694350
1235348097
19239077862
5144867799
4208660244
19301854700
4562526854
23808240354
11626682446
13731170974
8496251340
13857281607
619834267
619776500
619806994
3458696664
21131117593
1118546354
6340401473
11704095786
9315997466
13817659914
21234063200
1118539114
14615718742
7462859621
20913370356
7037388295
12895476009
7578999868
18704346578
7760478833
19565419744
14789686349
21465391516
12431385011
14825019430
777785777
2607328780
2383621390
2166503142
1366336272
11967786477
2417224219
19938730433
3804204113
19620259244
18546020730
15750535174
5471592224
19535201847
3048299419
4953490787
4471614207
6227398009
20718156824
15374715023
18231772275
13827129258
20332510720
1641223383
13895421549
21819632281
17359631974
20803141293
3405977780
18821530322
19522270764
17241617466
18344267492
619866728
12527591579
1522990255
4958667171
4161491595
10075381921
21622219398
2591938466
8175481465
18037635139
1682755319
1406512978
2514589752
12027135646
7867687681
7062857449
2862141673
12410999623
10678233622
13915787428
20619334133
19327828382
21247113506
12066258216
14118845187
2041029619
18939746629
1118531543
12184744239
19034405573
1729855589
4862852059
492927954
2447603769
17641622887
8843348917
8250851880
14115638736
13288736455
4846608595
4107537515
14922853312
14281796063
1671199160
9634898150
3265074117
10602808013
1503955929
7940963005
1663479398
19331826287
6885143705
16252205825
14803669261
13938943138
11124794867
21129278558
13595366037
15912536857
19625116638
17219900179
5955734898
19044745926
6600163098
17284962137
1181676222
1546203697
15384814927
17069557096
16046721652
11095263600
15322053113
1571431850
11748229105
19013996902
21820875743
3614521084
12535031882
17051219446
7816519710
9823557906
841680504
12628582792
17313142709
20929227771
10076085824
15353154643
3558697373
2382012019
4314423340
16966513831
17989110563
4075858253
17980033833
17462654237
68723205
13035230468
2708108544
14689367172
13168414271
18844025546
4263083124
12517680135
1351520437
12617732641
5017518618
791921887
824077009
1465935991
842979306
5673230671
5846610066
19909988754
11833504782
1136424251
1547492039
8477739959
11418138268
4264522893
4288952885
17077305384
13917645114
6464520304
21034082752
8536974176
16771873013
12937879688
11891393058
8355775689
3758603184
931245016
20156948310
8313533323
14672024116
1559968598
18803708350
20357244596
1559908211
22601820218
20757030596
10360285751
18357008291
21936663308
21323247864
18323255395
8045265049
5970827352
10718140990
13857635200
6079006059
18615149293
8002379541
21246018055
11748242402
19008797813
19203519516
7256457235
7558336836
8298885156
17263625560
9497370787
3341104703
8217271223
1095148590
1301589429
11970477272
21339222041
21040064332
17844125173
14418408638
7807089929
3068603374
3329002927
13358129225
6769669906
11358800558
13892657532
12594832679
19643910191
4458463729
11383085237
5461204904
2872377468
15120453878
1714241942
13911492552
9043575494
10282200671
11029772163
9624247105
20337976029
16517042379
2144683229
14621636438
19513312017
15341769019
13935892158
17179664370
13194985925
20642786352
15918246862
5167789080
7858974302
17283658604
2834421651
1083874336
6277210482
13556259380
8935850305
21130323646
19608127183
18509214337
1789436471
9920253852
4188226808
3031850319
21319769544
17529290834
19648846331
20622168898
18522171034
11397062450
20221834831
8918480271
21746709565
5518860694
11007344231
7186816672
20828807489
14326243628
15926290279
20849646044
18149646865
17586287576
19049645697
18449646547
17586286970
18149645044
20549643871
18549644854
2941582750
20633020559
18148958718
20749514107
20749514075
19849515076
19421838205
20721935371
7771099590
12185866958
18449235449
18749174826
21949173649
10964194101
17164700706
4434529161
13596651640
10250453898
18349052760
17286122925
21149035032
21220090552
9505614439
4275856380
11070400518
16186094121
19248927778
4337141083
19548833190
18348780222
21305348816
16768059416
15393137118
20148693083
18948693042
17686030009
16768058977
16768062613
20748666357
20448593781
19948592090
20648536716
19848524406
21248457748
19548450986
20032054249
12655099403
17085929108
10179706071
17385915454
21047933058
10107346238
19047784685
9801863880
18547756256
21647754025
15193007713
17085717238
19447500287
7027185591
5977115882
13456371897
18047305686
18147300291
21346766060
5387368949
9841188761
5682232025
20521841564
14706980145
19129884305
16085589018
5056556917
18621932333
19246867708
20846856774
6009558893
16085508794
18346765758
13937865265
18946649173
21446374580
18146373306
20346362338
18946351131
4526344494
3932076649
6922683840
5126342276
21746274602
21546272280
4507889478
20745995596
19245827610
18845798807
18145770996
8699683206
21745768630
20745769167
19245769755
7138588650
20545728193
18945691976
18545692699
2514404396
9717259809
20845513763
18831850213
10797941648
16085110787
20045293182
17985064748
17885045965
2521556997
3101514627
20444830568
19244823402
18744750793
21644663044
10470202735
1559876809
19936644253
19237655448
19144161879
2322012305
21603709842
6441369393
5378591159
13096337723
21743924727
10174295719
20443913236
20143908685
16284730209
18333283947
14292434309
4158439801
20207904414
13518123222
20743133159
20343122120
18943117474
14560728202
20743076570
12312660402
6173239061
13188955725
20742841255
13646569434
21542795479
19237239915
12996239405
21042504746
18742418933
11310225724
16884261988
16284257578
15292261554
17884254203
20942110235
6340637006
20141836443
16814078095
19941482810
18741477598
18941450009
20529649815
17529515521
18141125374
19141009988
17183949861
18740969248
18140870328
21040693022
18740676237
17440490536
7773950125
18840494581
19240233849
18840231770
18340080952
12996075455
19640034011
12496073744
20940031511
18540031947
20940031533
20940031531
20240030815
16383685540
20140031623
20339991147
11297740422
19139986279
21539978960
20339976883
21939911197
15291964190
15291964187
7406887210
7206881346
12896060091
21639799052
18739745693
16883594593
18039553218
19839527424
16549010647
14675066666
13287818341
14879983992
4113859364
18839275308
19038978199
16566522272
18238764770
4318589975
6056242800
13413376726
4313293739
1538586367
17448770184
17358899667
17044860176
1793262946
1793198873
17658885150
1538588708
3677589962
19238335944
15425987834
15425992400
19838267797
8587398798
17078236230
19238237928
14291189742
18038155314
19638148243
19637813062
16483081076
21437788523
19137772837
17083037617
21137578125
6968901192
21437426656
20237428789
19937239201
4323550659
11726013853
19437254341
17782928522
21820555365
21520557939
21537118507
9354717572
9345041444
9754431858
16244759884
7589684441
15891559163
17625473586
11797620766
18536729131
19436727626
20032877691
20236687561
18136686375
21636648422
15987566238
2580821473
21336267173
17082665508
10759882682
17207761458
6463533004
13595793312
13887805229
16958890731
17458895367
15924451172
5414859232
20435721399
18635695721
20735692988
16660313193
20635609170
21435580797
21335574146
18534042224
12593774896
13395758136
16582370776
20335172660
16348724224
18035108970
20824766202
19134716044
19234663547
19521937367
16182220927
20618087971
15715961751
9313261763
12095704726
17145199007
21234316462
21234316457
20834317808
21634225159
17628778908
21734158117
19230835005
6858106756
10993062514
17044767266
19133710864
18833697560
16114167837
16114130473
17613151587
9258904153
18133523562
10622285734
9612286827
21133362150
20833354218
20933310007
1262694394
18232964610
15879881074
19332912068
6371592027
18616476286
14990993044
20032595886
20832596240
21432592806
15490982629
19032567571
18032566823
21132567040
17981660357
21422420862
14579880287
20732332857
20731993878
17581476915
18131787137
21431772149
21331724186
21031575555
20131464767
16781330104
13234272571
19229255513
4431937026
6900200541
19531053157
18231051613
21930829630
12690295072
15790745737
11797394763
19630788603
21830739403
18530735713
19230643841
18830455590
4203177889
14222074612
11706039547
2872980852
14585853439
4019275616
18529763104
18329761542
14090603188
12552097581
14352441772
16880802159
21529390045
18029212660
18329347705
15090538255
20928942976
19628941394
18628774134
18628774075
13495331336
19916723292
17380603180
21428626781
19328464003
17925291076
18918501155
17272995140
20018506622
21519794857
18128021025
3306198246
19527805287
19527737425
21327640425
12395279573
21027640311
7923924686
21909211622
18409213148
18627232837
18126247525
16379951032
19507152980
20527104398
19127105298
18426246466
20602321476
18826902027
14904514930
20726621900
21206764789
9517204980
21526381234
21826098791
21926097239
19726022038
8644598839
15890098778
20322175803
19825914398
15690083432
9398061329
19525871353
19925867901
20608118239
19925622705
7685430699
4785929682
9611357019
10397050563
16641433091
21225186224
20325186198
20722107111
20825043205
9460388725
8057889998
17370179022
21324884501
4270476280
6063240069
8557922314
6575737717
8661823349
9146501246
17579543802
18922175036
18824654486
16079467735
11935393995
8688972613
20207269935
13101804237
12101826163
20724208136
11193261829
19924057186
21423995657
21723995418
20723992127
18923904231
20423903643
18323803936
16576044931
10797128820
21823617831
21723605387
12925704893
7944889552
14216377732
12726781014
3653579459
18323034767
21822394491
11397095179
21122678930
18722610544
19222596899
20822593411
14489643318
20122252448
18822251597
13388731396
16278832107
19622111029
2268073994
21620861131
19921566199
21521556199
18806644040
12563105744
20221023958
15688662686
7158740182
18715337935
20920268840
21412518263
18620149368
15858072771
18820031584
21120030077
20819936920
18019931345
16078208395
19619809970
15089270779
19519809670
19119745842
1310923631
18515319724
20619250368
21819194969
18219187764
21819086146
18619027010
14489156435
7945631922
17645363325
17502395133
16112278707
17404606706
15458188418
18518516555
20318499395
5431938255
4273334908
19518106502
3143894710
11896923560
18818023237
8918475562
20917934644
21217893341
14689012475
21917877376
18517681765
20217678853
19717663285
18217630985
12488746911
12290357902
21617243080
18417157118
4960820605
19717072971
18217065573
5972001528
15577028674
13578561858
20016881675
17677396034
20916788630
16477388549
20815838456
10852998093
792028098
12353331520
20616329794
20716307683
15588801709
7457086629
21816189269
15101487844
19516007169
19015637479
12494524495
20915241739
20115067584
21715038436
7336474200
19114663941
20314643387
20314643292
20414643578
20214643222
21814623739
9686475983
18114562023
21414536726
21014530413
18514525061
18914434295
15219765913
21214263833
17676662438
17676663020
17676663014
17676662491
17676662434
13981637228
20914155345
19113851359
21913555383
21913652810
19413654916
18513663022
17476256443
18513566416
16171878675
17176186653
21913518822
19213465981
20913448303
11596699131
18913296567
18313232669
619846455
20612987004
17275822925
12994226758
20012939427
14388026123
20912699967
17375621731
11596633658
1669341775
18912460752
3342526705
18100603968
5379444027
16675421181
21112389776
20412381403
16775409697
18812318577
20412318109
20712285073
19812278328
14268829557
11529001060
14462441154
10578027838
20112000367
20111972951
12580978459
21111874102
17575094100
19911907023
9191544120
6959405188
286399398
21806821500
11540344272
4569698499
20611664223
13394003110
13876904603
19411045159
12622059817
17572816583
21111371862
19511236090
18411044438
16174595473
13022822407
19111080757
19511078151
1118550526
1118526408
13490632580
20410784015
10796483291
20903004437
15787388262
17674309941
20310748972
18810737142
19610637973
8641683307
20610248446
12693786461
619839703
19310123267
21910116506
10996396910
16815345775
17300725717
9416470228
21409666985
20909641989
3367947222
18209623990
20309612164
19809609655
18309604764
16073490521
19409522923
21709421031
15601528046
4861575010
21309270584
14286873908
21609240047
20909208723
17073190250
20309087954
18909087584
15486812996
19009084408
19209084102
16473185142
18809082690
9336753644
8643344550
21409081284
19609079739
11159885424
20708960203
14551787971
15686738369
15986732523
15227681074
20008798045
14686719250
20408784416
13334340480
18008653036
20508646973
1235371420
10601399170
14686660765
16772866143
17672849826
18408388643
5213323063
3444967895
4144867742
18108394139
18608339162
6453141414
7013187355
20308200494
20908199778
20908199782
20408200289
20308200495
8963189928
7664662094
